#
# There is insufficient memory for the Java Runtime Environment to continue.
# Native memory allocation (mmap) failed to map 132120576 bytes for Failed to commit area from 0x0000000082600000 to 0x000000008a400000 of length 132120576.
# Possible reasons:
#   The system is out of physical RAM or swap space
#   The process is running with CompressedOops enabled, and the Java Heap may be blocking the growth of the native heap
# Possible solutions:
#   Reduce memory load on the system
#   Increase physical memory or swap space
#   Check if swap backing store is full
#   Decrease Java heap size (-Xmx/-Xms)
#   Decrease number of Java threads
#   Decrease Java thread stack sizes (-Xss)
#   Set larger code cache with -XX:ReservedCodeCacheSize=
# This output file may be truncated or incomplete.
#
#  Out of Memory Error (./src/hotspot/os/windows/os_windows.cpp:3301), pid=12144, tid=3388
#
# JRE version:  (11.0.10) (build )
# Java VM: OpenJDK 64-Bit Server VM (11.0.10+0-b96-7249189, mixed mode, sharing, tiered, compressed oops, g1 gc, windows-amd64)
# No core dump will be written. Minidumps are not enabled by default on client versions of Windows
#

---------------  S U M M A R Y ------------

Command Line: 

Host: Intel(R) Core(TM) i5-8257U CPU @ 1.40GHz, 8 cores, 7G,  Windows 10 , 64 bit Build 19041 (10.0.19041.1645)
Time: Thu May 12 14:12:57 2022 SE Asia Standard Time elapsed time: 0.016391 seconds (0d 0h 0m 0s)

---------------  T H R E A D  ---------------

Current thread (0x00000257578e9800):  JavaThread "Unknown thread" [_thread_in_vm, id=3388, stack(0x0000009c04300000,0x0000009c04400000)]

Stack: [0x0000009c04300000,0x0000009c04400000]
Native frames: (J=compiled Java code, j=interpreted, Vv=VM code, C=native code)
V  [jvm.dll+0x5ecfaa]
V  [jvm.dll+0x722bd5]
V  [jvm.dll+0x72412d]
V  [jvm.dll+0x7247e3]
V  [jvm.dll+0x242928]
V  [jvm.dll+0x5ea374]
V  [jvm.dll+0x5df425]
V  [jvm.dll+0x2fdebb]
V  [jvm.dll+0x2fde2a]
V  [jvm.dll+0x2fdd02]
V  [jvm.dll+0x302bf6]
V  [jvm.dll+0x34b2a3]
V  [jvm.dll+0x34b9a6]
V  [jvm.dll+0x34b3a3]
V  [jvm.dll+0x2d8888]
V  [jvm.dll+0x2d9a37]
V  [jvm.dll+0x701737]
V  [jvm.dll+0x702f2c]
V  [jvm.dll+0x3587d9]
V  [jvm.dll+0x6e4fae]
V  [jvm.dll+0x3c0be3]
V  [jvm.dll+0x3c2e91]
C  [jli.dll+0x5373]
C  [ucrtbase.dll+0x21bb2]
C  [KERNEL32.DLL+0x17034]
C  [ntdll.dll+0x52651]


---------------  P R O C E S S  ---------------

Threads class SMR info:
_java_thread_list=0x00000257577e0ff0, length=0, elements={
}

Java Threads: ( => current thread )

Other Threads:
  0x0000025757900000 GCTaskThread "GC Thread#0" [stack: 0x0000009c04400000,0x0000009c04500000] [id=10504]
  0x0000025757933000 ConcurrentGCThread "G1 Main Marker" [stack: 0x0000009c04500000,0x0000009c04600000] [id=12100]
  0x0000025757935800 ConcurrentGCThread "G1 Conc#0" [stack: 0x0000009c04600000,0x0000009c04700000] [id=11020]

[error occurred during error reporting (printing all threads), id 0xc0000005, EXCEPTION_ACCESS_VIOLATION (0xc0000005) at pc=0x00007ffd92429107]

VM state:not at safepoint (not fully initialized)

VM Mutex/Monitor currently owned by a thread:  ([mutex/lock_event])
[0x00000257578e68d0] Heap_lock - owner thread: 0x00000257578e9800

Heap address: 0x0000000082600000, size: 2010 MB, Compressed Oops mode: Non-zero based: 0x0000000082600000
Narrow klass base: 0x0000000000000000, Narrow klass shift: 0

GC Heap History (0 events):
No events

Deoptimization events (0 events):
No events

Classes redefined (0 events):
No events

Internal exceptions (0 events):
No events

Events (1 events):
Event: 0.009 Loaded shared library C:\Program Files\Android\Android Studio\jre\bin\zip.dll


Dynamic libraries:
0x00007ff78e700000 - 0x00007ff78e70a000 	C:\Program Files\Android\Android Studio\jre\bin\java.EXE
0x00007ffdf1490000 - 0x00007ffdf1685000 	C:\Windows\SYSTEM32\ntdll.dll
0x00007ffdefc40000 - 0x00007ffdefcfe000 	C:\Windows\System32\KERNEL32.DLL
0x00007ffdef160000 - 0x00007ffdef428000 	C:\Windows\System32\KERNELBASE.dll
0x00007ffdef030000 - 0x00007ffdef130000 	C:\Windows\System32\ucrtbase.dll
0x00007ffd92cd0000 - 0x00007ffd92ce9000 	C:\Program Files\Android\Android Studio\jre\bin\jli.dll
0x00007ffd92cb0000 - 0x00007ffd92cc7000 	C:\Program Files\Android\Android Studio\jre\bin\VCRUNTIME140.dll
0x00007ffdf12b0000 - 0x00007ffdf1450000 	C:\Windows\System32\USER32.dll
0x00007ffdd1d40000 - 0x00007ffdd1fda000 	C:\Windows\WinSxS\amd64_microsoft.windows.common-controls_6595b64144ccf1df_6.0.19041.1110_none_60b5254171f9507e\COMCTL32.dll
0x00007ffdef4c0000 - 0x00007ffdef4e2000 	C:\Windows\System32\win32u.dll
0x00007ffdf0af0000 - 0x00007ffdf0b8e000 	C:\Windows\System32\msvcrt.dll
0x00007ffdf10b0000 - 0x00007ffdf10da000 	C:\Windows\System32\GDI32.dll
0x00007ffdeebb0000 - 0x00007ffdeecbb000 	C:\Windows\System32\gdi32full.dll
0x00007ffdeecc0000 - 0x00007ffdeed5d000 	C:\Windows\System32\msvcp_win.dll
0x00007ffdf0650000 - 0x00007ffdf0680000 	C:\Windows\System32\IMM32.DLL
0x00007ffd92c10000 - 0x00007ffd92cad000 	C:\Program Files\Android\Android Studio\jre\bin\msvcp140.dll
0x00007ffd92140000 - 0x00007ffd92c0f000 	C:\Program Files\Android\Android Studio\jre\bin\server\jvm.dll
0x00007ffdf0060000 - 0x00007ffdf010e000 	C:\Windows\System32\ADVAPI32.dll
0x00007ffdf0b90000 - 0x00007ffdf0c2c000 	C:\Windows\System32\sechost.dll
0x00007ffdf0e50000 - 0x00007ffdf0f75000 	C:\Windows\System32\RPCRT4.dll
0x00007ffdf12a0000 - 0x00007ffdf12a8000 	C:\Windows\System32\PSAPI.DLL
0x00007ffde8020000 - 0x00007ffde802a000 	C:\Windows\SYSTEM32\VERSION.dll
0x00007ffda20b0000 - 0x00007ffda20b9000 	C:\Windows\SYSTEM32\WSOCK32.dll
0x00007ffdd8450000 - 0x00007ffdd8477000 	C:\Windows\SYSTEM32\WINMM.dll
0x00007ffdf0510000 - 0x00007ffdf057b000 	C:\Windows\System32\WS2_32.dll
0x00007ffded450000 - 0x00007ffded462000 	C:\Windows\SYSTEM32\kernel.appcore.dll
0x00007ffd92120000 - 0x00007ffd92131000 	C:\Program Files\Android\Android Studio\jre\bin\verify.dll
0x00007ffded0f0000 - 0x00007ffded2d4000 	C:\Windows\SYSTEM32\DBGHELP.DLL
0x00007ffdd8260000 - 0x00007ffdd828c000 	C:\Windows\SYSTEM32\dbgcore.DLL
0x00007ffdef430000 - 0x00007ffdef4b2000 	C:\Windows\System32\bcryptPrimitives.dll
0x00007ffd920f0000 - 0x00007ffd92119000 	C:\Program Files\Android\Android Studio\jre\bin\java.dll
0x00007ffda0170000 - 0x00007ffda017b000 	C:\Program Files\Android\Android Studio\jre\bin\jimage.dll
0x00007ffd920d0000 - 0x00007ffd920e8000 	C:\Program Files\Android\Android Studio\jre\bin\zip.dll

dbghelp: loaded successfully - version: 4.0.5 - missing functions: none
symbol engine: initialized successfully - sym options: 0x614 - pdb path: .;C:\Program Files\Android\Android Studio\jre\bin;C:\Windows\SYSTEM32;C:\Windows\WinSxS\amd64_microsoft.windows.common-controls_6595b64144ccf1df_6.0.19041.1110_none_60b5254171f9507e;C:\Program Files\Android\Android Studio\jre\bin\server

VM Arguments:
java_command: <unknown>
java_class_path (initial): <not set>
Launcher Type: SUN_STANDARD

[Global flags]
     intx CICompilerCount                          = 4                                         {product} {ergonomic}
     uint ConcGCThreads                            = 2                                         {product} {ergonomic}
     uint G1ConcRefinementThreads                  = 8                                         {product} {ergonomic}
   size_t G1HeapRegionSize                         = 1048576                                   {product} {ergonomic}
    uintx GCDrainStackTargetSize                   = 64                                        {product} {ergonomic}
   size_t InitialHeapSize                          = 132120576                                 {product} {ergonomic}
   size_t MarkStackSize                            = 4194304                                   {product} {ergonomic}
   size_t MaxHeapSize                              = 2107637760                                {product} {ergonomic}
   size_t MinHeapDeltaBytes                        = 1048576                                   {product} {ergonomic}
    uintx NonNMethodCodeHeapSize                   = 5836300                                {pd product} {ergonomic}
    uintx NonProfiledCodeHeapSize                  = 122910970                              {pd product} {ergonomic}
    uintx ProfiledCodeHeapSize                     = 122910970                              {pd product} {ergonomic}
    uintx ReservedCodeCacheSize                    = 251658240                              {pd product} {ergonomic}
     bool SegmentedCodeCache                       = true                                      {product} {ergonomic}
     bool UseCompressedClassPointers               = true                                 {lp64_product} {ergonomic}
     bool UseCompressedOops                        = true                                 {lp64_product} {ergonomic}
     bool UseG1GC                                  = true                                      {product} {ergonomic}
     bool UseLargePagesIndividualAllocation        = false                                  {pd product} {ergonomic}

Logging:
Log output configuration:
 #0: stdout all=warning uptime,level,tags
 #1: stderr all=off uptime,level,tags

Environment Variables:
PATH=C:\Program Files (x86)\VMware\VMware Player\bin\;C:\Windows\system32;C:\Windows;C:\Windows\System32\Wbem;C:\Windows\System32\WindowsPowerShell\v1.0\;C:\Windows\System32\OpenSSH\;C:\Program Files\Git\cmd;C:\Program Files\Microsoft Network Monitor 3\;C:\Users\Chompoo\AppData\Local\Microsoft\WindowsApps;C:\Users\Chompoo\AppData\Local\Programs\Microsoft VS Code\bin;C:\src\flutter\bin;C:\Users\Chompoo\AppData\Local\Android\Sdk\tools;C:\Users\Chompoo\AppData\Local\Android\Sdk\tools\bin;C:\Users\Chompoo\AppData\Local\Android\Sdk\platform-tools;C:\Program Files (x86)\Nmap;C:\src\flutter\bin\mingit\cmd
USERNAME=Chompoo
OS=Windows_NT
PROCESSOR_IDENTIFIER=Intel64 Family 6 Model 142 Stepping 10, GenuineIntel



---------------  S Y S T E M  ---------------

OS: Windows 10 , 64 bit Build 19041 (10.0.19041.1645)
OS uptime: 0 days 1:31 hours

CPU:total 8 (initial active 8) (4 cores per cpu, 2 threads per core) family 6 model 142 stepping 10 microcode 0xea, cmov, cx8, fxsr, mmx, sse, sse2, sse3, ssse3, sse4.1, sse4.2, popcnt, avx, avx2, aes, clmul, erms, 3dnowpref, lzcnt, ht, tsc, tscinvbit, bmi1, bmi2, adx, fma

Memory: 4k page, system-wide physical 8038M (436M free)
TotalPageFile size 12045M (AvailPageFile size 12M)
current process WorkingSet (physical memory assigned to process): 9M, peak: 9M
current process commit charge ("private bytes"): 59M, peak: 185M

vm_info: OpenJDK 64-Bit Server VM (11.0.10+0-b96-7249189) for windows-amd64 JRE (11.0.10+0-b96-7249189), built on Mar 31 2021 21:44:00 by "builder" with MS VC++ 14.0 (VS2015)

END.
