#
# There is insufficient memory for the Java Runtime Environment to continue.
# Native memory allocation (mmap) failed to map 149946368 bytes for Failed to commit area from 0x00000000b0d00000 to 0x00000000b9c00000 of length 149946368.
# Possible reasons:
#   The system is out of physical RAM or swap space
#   The process is running with CompressedOops enabled, and the Java Heap may be blocking the growth of the native heap
# Possible solutions:
#   Reduce memory load on the system
#   Increase physical memory or swap space
#   Check if swap backing store is full
#   Decrease Java heap size (-Xmx/-Xms)
#   Decrease number of Java threads
#   Decrease Java thread stack sizes (-Xss)
#   Set larger code cache with -XX:ReservedCodeCacheSize=
#   JVM is running with Unscaled Compressed Oops mode in which the Java heap is
#     placed in the first 4GB address space. The Java Heap base address is the
#     maximum limit for the native heap growth. Please use -XX:HeapBaseMinAddress
#     to set the Java Heap base and to place the Java Heap above 4GB virtual address.
# This output file may be truncated or incomplete.
#
#  Out of Memory Error (./src/hotspot/os/windows/os_windows.cpp:3301), pid=11372, tid=10044
#
# JRE version: OpenJDK Runtime Environment (11.0.10) (build 11.0.10+0-b96-7249189)
# Java VM: OpenJDK 64-Bit Server VM (11.0.10+0-b96-7249189, mixed mode, tiered, compressed oops, g1 gc, windows-amd64)
# No core dump will be written. Minidumps are not enabled by default on client versions of Windows
#

---------------  S U M M A R Y ------------

Command Line: --add-opens=java.base/java.util=ALL-UNNAMED --add-opens=java.base/java.lang=ALL-UNNAMED --add-opens=java.base/java.lang.invoke=ALL-UNNAMED --add-opens=java.prefs/java.util.prefs=ALL-UNNAMED -Xmx1536M -Dfile.encoding=windows-1252 -Duser.country=US -Duser.language=en -Duser.variant org.gradle.launcher.daemon.bootstrap.GradleDaemon 6.4.1

Host: Intel(R) Core(TM) i5-8257U CPU @ 1.40GHz, 8 cores, 7G,  Windows 10 , 64 bit Build 19041 (10.0.19041.1645)
Time: Thu May 12 11:52:14 2022 SE Asia Standard Time elapsed time: 6266.476759 seconds (0d 1h 44m 26s)

---------------  T H R E A D  ---------------

Current thread (0x00000275508b8000):  VMThread "VM Thread" [stack: 0x000000cd42f00000,0x000000cd43000000] [id=10044]

Stack: [0x000000cd42f00000,0x000000cd43000000]
[error occurred during error reporting (printing stack bounds), id 0xc0000005, EXCEPTION_ACCESS_VIOLATION (0xc0000005) at pc=0x000002753aac0f2d]

Native frames: (J=compiled Java code, j=interpreted, Vv=VM code, C=native code)
V  [jvm.dll+0x5ecfaa]
V  [jvm.dll+0x722bd5]
V  [jvm.dll+0x72412d]
V  [jvm.dll+0x724745]
V  [jvm.dll+0x7246fb]
V  [jvm.dll+0x5ec348]
V  [jvm.dll+0x5ecad8]
C  [ntdll.dll+0xa20cf]
C  [ntdll.dll+0x51454]
C  [ntdll.dll+0xa0bfe]
C  0x000002753aac0f2d

VM_Operation (0x000000cd47dfd990): G1CollectForAllocation, mode: safepoint, requested by thread 0x000002756371c000


---------------  P R O C E S S  ---------------

Threads class SMR info:
_java_thread_list=0x000002756c40a360, length=92, elements={
0x00000275357be800, 0x00000275508da000, 0x00000275508db800, 0x00000275508f9000,
0x00000275508fa800, 0x00000275508fd800, 0x000002755090c000, 0x000002755090d000,
0x0000027550919000, 0x00000275513ca800, 0x0000027552ccd000, 0x0000027552bdb800,
0x0000027552410800, 0x0000027552cb4000, 0x0000027552cb0000, 0x0000027552cb3000,
0x0000027552cb6800, 0x0000027555554000, 0x0000027555553800, 0x0000027555561800,
0x000002755555b000, 0x000002755555a000, 0x000002755555f800, 0x000002755a05f000,
0x000002755a05e000, 0x000002755a060800, 0x000002755a057000, 0x000002755a057800,
0x000002755a054800, 0x000002755a053000, 0x000002755a059800, 0x000002755a053800,
0x000002755a060000, 0x000002755a05d800, 0x000002755a05a000, 0x000002755a05c800,
0x000002755a05c000, 0x000002755beb5800, 0x000002755beb8800, 0x000002755beb6000,
0x000002755beb4800, 0x000002755bebb000, 0x000002755beb9800, 0x000002755bebc000,
0x000002755bebd000, 0x000002755beb7000, 0x000002755beba800, 0x000002755beb8000,
0x000002755bec1000, 0x000002755bec2800, 0x000002755bec3800, 0x0000027555557800,
0x000002755555e000, 0x000002755555b800, 0x0000027552cb1800, 0x0000027552cb2800,
0x0000027552cb5000, 0x0000027552cb5800, 0x000002755a056000, 0x000002755a05b000,
0x000002755a061800, 0x000002755555c800, 0x000002756371f000, 0x000002756371c000,
0x0000027563720000, 0x000002756371e800, 0x000002756371d000, 0x000002756371a800,
0x000002756371d800, 0x000002756371b000, 0x0000027563723800, 0x0000027563721800,
0x0000027563726800, 0x0000027563722800, 0x0000027563724000, 0x0000027563726000,
0x0000027563725000, 0x0000027563727800, 0x0000027563728000, 0x0000027563729000,
0x000002756d2ff800, 0x000002756d2fc000, 0x000002756d2fe000, 0x000002756d2fe800,
0x000002756d2fa000, 0x000002756d2f9000, 0x000002756d300800, 0x000002756d2fd000,
0x000002756d2fa800, 0x000002756d2fb800, 0x000002756d307000, 0x000002756d303800
}

Java Threads: ( => current thread )
  0x00000275357be800 JavaThread "main" [_thread_blocked, id=7888, stack(0x000000cd42900000,0x000000cd42a00000)]
  0x00000275508da000 JavaThread "Reference Handler" daemon [_thread_blocked, id=3292, stack(0x000000cd43000000,0x000000cd43100000)]
  0x00000275508db800 JavaThread "Finalizer" daemon [_thread_blocked, id=1900, stack(0x000000cd43100000,0x000000cd43200000)]
  0x00000275508f9000 JavaThread "Signal Dispatcher" daemon [_thread_blocked, id=3272, stack(0x000000cd43200000,0x000000cd43300000)]
  0x00000275508fa800 JavaThread "Attach Listener" daemon [_thread_blocked, id=8344, stack(0x000000cd43300000,0x000000cd43400000)]
  0x00000275508fd800 JavaThread "Service Thread" daemon [_thread_blocked, id=10816, stack(0x000000cd43400000,0x000000cd43500000)]
  0x000002755090c000 JavaThread "C2 CompilerThread0" daemon [_thread_in_native, id=3656, stack(0x000000cd43500000,0x000000cd43600000)]
  0x000002755090d000 JavaThread "C1 CompilerThread0" daemon [_thread_blocked, id=5420, stack(0x000000cd43600000,0x000000cd43700000)]
  0x0000027550919000 JavaThread "Sweeper thread" daemon [_thread_blocked, id=8148, stack(0x000000cd43700000,0x000000cd43800000)]
  0x00000275513ca800 JavaThread "Common-Cleaner" daemon [_thread_blocked, id=6020, stack(0x000000cd43800000,0x000000cd43900000)]
  0x0000027552ccd000 JavaThread "Daemon health stats" [_thread_blocked, id=5936, stack(0x000000cd43d00000,0x000000cd43e00000)]
  0x0000027552bdb800 JavaThread "Incoming local TCP Connector on port 38694" [_thread_in_native, id=4400, stack(0x000000cd43f00000,0x000000cd44000000)]
  0x0000027552410800 JavaThread "Daemon periodic checks" [_thread_blocked, id=6896, stack(0x000000cd44000000,0x000000cd44100000)]
  0x0000027552cb4000 JavaThread "Cache worker for journal cache (C:\Users\Chompoo\.gradle\caches\journal-1)" [_thread_blocked, id=9828, stack(0x000000cd44900000,0x000000cd44a00000)]
  0x0000027552cb0000 JavaThread "File lock request listener" [_thread_in_native, id=11136, stack(0x000000cd44a00000,0x000000cd44b00000)]
  0x0000027552cb3000 JavaThread "Cache worker for file hash cache (C:\Users\Chompoo\.gradle\caches\6.4.1\fileHashes)" [_thread_blocked, id=11384, stack(0x000000cd45000000,0x000000cd45100000)]
  0x0000027552cb6800 JavaThread "File watcher consumer" daemon [_thread_blocked, id=9536, stack(0x000000cd45200000,0x000000cd45300000)]
  0x0000027555554000 JavaThread "Cache worker for execution history cache (C:\Users\Chompoo\.gradle\caches\6.4.1\executionHistory)" [_thread_blocked, id=3328, stack(0x000000cd45700000,0x000000cd45800000)]
  0x0000027555553800 JavaThread "Cache worker for file content cache (C:\Users\Chompoo\.gradle\caches\6.4.1\fileContent)" [_thread_blocked, id=5440, stack(0x000000cd45800000,0x000000cd45900000)]
  0x0000027555561800 JavaThread "Memory manager" [_thread_blocked, id=5328, stack(0x000000cd46600000,0x000000cd46700000)]
  0x000002755555b000 JavaThread "ForkJoinPool.commonPool-worker-9" daemon [_thread_blocked, id=6156, stack(0x000000cd45e00000,0x000000cd45f00000)]
  0x000002755555a000 JavaThread "Daemon Thread 7" [_thread_blocked, id=1716, stack(0x000000cd42600000,0x000000cd42700000)]
  0x000002755555f800 JavaThread "Daemon worker Thread 7" [_thread_blocked, id=13212, stack(0x000000cd43c00000,0x000000cd43d00000)]
  0x000002755a05f000 JavaThread "Exec process Thread 19" [_thread_blocked, id=9856, stack(0x000000cd46e00000,0x000000cd46f00000)]
  0x000002755a05e000 JavaThread "Exec process Thread 20" [_thread_blocked, id=9652, stack(0x000000cd46f00000,0x000000cd47000000)]
  0x000002755a060800 JavaThread "Exec process Thread 21" [_thread_blocked, id=13300, stack(0x000000cd47000000,0x000000cd47100000)]
  0x000002755a057000 JavaThread "Handler for socket connection from /127.0.0.1:38694 to /127.0.0.1:47564" [_thread_in_native, id=13116, stack(0x000000cd43e00000,0x000000cd43f00000)]
  0x000002755a057800 JavaThread "Cancel handler" [_thread_blocked, id=13160, stack(0x000000cd44100000,0x000000cd44200000)]
  0x000002755a054800 JavaThread "Asynchronous log dispatcher for DefaultDaemonConnection: socket connection from /127.0.0.1:38694 to /127.0.0.1:47564" [_thread_blocked, id=12652, stack(0x000000cd44200000,0x000000cd44300000)]
  0x000002755a053000 JavaThread "Stdin handler" [_thread_blocked, id=11856, stack(0x000000cd44300000,0x000000cd44400000)]
  0x000002755a059800 JavaThread "Thread-487" [_thread_blocked, id=4432, stack(0x000000cd44400000,0x000000cd44500000)]
  0x000002755a053800 JavaThread "Cache worker for file hash cache (D:\MoblieApp\Test\bmi_6206022620063\android\.gradle\6.4.1\fileHashes)" [_thread_blocked, id=11876, stack(0x000000cd44500000,0x000000cd44600000)]
  0x000002755a060000 JavaThread "Cache worker for checksums cache (D:\MoblieApp\Test\bmi_6206022620063\android\.gradle\checksums)" [_thread_blocked, id=6788, stack(0x000000cd44600000,0x000000cd44700000)]
  0x000002755a05d800 JavaThread "Cache worker for cache directory md-supplier (C:\Users\Chompoo\.gradle\caches\6.4.1\md-supplier)" [_thread_blocked, id=4012, stack(0x000000cd45300000,0x000000cd45400000)]
  0x000002755a05a000 JavaThread "Cache worker for cache directory md-rule (C:\Users\Chompoo\.gradle\caches\6.4.1\md-rule)" [_thread_blocked, id=10012, stack(0x000000cd45400000,0x000000cd45500000)]
  0x000002755a05c800 JavaThread "Build operations" [_thread_blocked, id=10364, stack(0x000000cd45a00000,0x000000cd45b00000)]
  0x000002755a05c000 JavaThread "Build operations Thread 2" [_thread_blocked, id=1008, stack(0x000000cd45b00000,0x000000cd45c00000)]
  0x000002755beb5800 JavaThread "Build operations Thread 3" [_thread_blocked, id=9012, stack(0x000000cd45c00000,0x000000cd45d00000)]
  0x000002755beb8800 JavaThread "Build operations Thread 4" [_thread_blocked, id=4288, stack(0x000000cd45d00000,0x000000cd45e00000)]
  0x000002755beb6000 JavaThread "Build operations Thread 5" [_thread_blocked, id=11572, stack(0x000000cd45f00000,0x000000cd46000000)]
  0x000002755beb4800 JavaThread "Build operations Thread 6" [_thread_blocked, id=4704, stack(0x000000cd46000000,0x000000cd46100000)]
  0x000002755bebb000 JavaThread "Build operations Thread 7" [_thread_blocked, id=6420, stack(0x000000cd46100000,0x000000cd46200000)]
  0x000002755beb9800 JavaThread "Build operations Thread 8" [_thread_blocked, id=11732, stack(0x000000cd46200000,0x000000cd46300000)]
  0x000002755bebc000 JavaThread "Cache worker for Build Output Cleanup Cache (D:\MoblieApp\Test\bmi_6206022620063\android\.gradle\buildOutputCleanup)" [_thread_blocked, id=12136, stack(0x000000cd46400000,0x000000cd46500000)]
  0x000002755bebd000 JavaThread "build event listener" [_thread_blocked, id=2696, stack(0x000000cd46500000,0x000000cd46600000)]
  0x000002755beb7000 JavaThread "Cache worker for file content cache (D:\MoblieApp\Test\bmi_6206022620063\android\.gradle\6.4.1\fileContent)" [_thread_blocked, id=7820, stack(0x000000cd46700000,0x000000cd46800000)]
  0x000002755beba800 JavaThread "Execution worker for ':'" [_thread_blocked, id=4604, stack(0x000000cd46800000,0x000000cd46900000)]
  0x000002755beb8000 JavaThread "Execution worker for ':' Thread 2" [_thread_blocked, id=5568, stack(0x000000cd46900000,0x000000cd46a00000)]
  0x000002755bec1000 JavaThread "Execution worker for ':' Thread 3" [_thread_blocked, id=11512, stack(0x000000cd46a00000,0x000000cd46b00000)]
  0x000002755bec2800 JavaThread "Execution worker for ':' Thread 4" [_thread_blocked, id=6652, stack(0x000000cd46b00000,0x000000cd46c00000)]
  0x000002755bec3800 JavaThread "Execution worker for ':' Thread 5" [_thread_blocked, id=7156, stack(0x000000cd46c00000,0x000000cd46d00000)]
  0x0000027555557800 JavaThread "Execution worker for ':' Thread 6" [_thread_blocked, id=12280, stack(0x000000cd46d00000,0x000000cd46e00000)]
  0x000002755555e000 JavaThread "Execution worker for ':' Thread 7" [_thread_blocked, id=9328, stack(0x000000cd47100000,0x000000cd47200000)]
  0x000002755555b800 JavaThread "Cache worker for execution history cache (D:\MoblieApp\Test\bmi_6206022620063\android\.gradle\6.4.1\executionHistory)" [_thread_blocked, id=1624, stack(0x000000cd47200000,0x000000cd47300000)]
  0x0000027552cb1800 JavaThread "pool-22-thread-1" [_thread_blocked, id=12036, stack(0x000000cd47400000,0x000000cd47500000)]
  0x0000027552cb2800 JavaThread "stderr" [_thread_in_native, id=1172, stack(0x000000cd47500000,0x000000cd47600000)]
  0x0000027552cb5000 JavaThread "stdout" [_thread_in_native, id=704, stack(0x000000cd47600000,0x000000cd47700000)]
  0x0000027552cb5800 JavaThread "WorkerExecutor Queue" [_thread_blocked, id=12624, stack(0x000000cd47700000,0x000000cd47800000)]
  0x000002755a056000 JavaThread "WorkerExecutor Queue Thread 2" [_thread_blocked, id=11052, stack(0x000000cd47800000,0x000000cd47900000)]
  0x000002755a05b000 JavaThread "WorkerExecutor Queue Thread 3" [_thread_blocked, id=6324, stack(0x000000cd47900000,0x000000cd47a00000)]
  0x000002755a061800 JavaThread "WorkerExecutor Queue Thread 4" [_thread_blocked, id=1628, stack(0x000000cd47a00000,0x000000cd47b00000)]
  0x000002755555c800 JavaThread "WorkerExecutor Queue Thread 5" [_thread_blocked, id=9332, stack(0x000000cd47b00000,0x000000cd47c00000)]
  0x000002756371f000 JavaThread "WorkerExecutor Queue Thread 6" [_thread_blocked, id=10684, stack(0x000000cd47c00000,0x000000cd47d00000)]
  0x000002756371c000 JavaThread "WorkerExecutor Queue Thread 7" [_thread_blocked, id=1324, stack(0x000000cd47d00000,0x000000cd47e00000)]
  0x0000027563720000 JavaThread "WorkerExecutor Queue Thread 8" [_thread_blocked, id=8040, stack(0x000000cd47e00000,0x000000cd47f00000)]
  0x000002756371e800 JavaThread "stderr" [_thread_in_native, id=9280, stack(0x000000cd47f00000,0x000000cd48000000)]
  0x000002756371d000 JavaThread "stdout" [_thread_in_native, id=1712, stack(0x000000cd48000000,0x000000cd48100000)]
  0x000002756371a800 JavaThread "stderr" [_thread_in_native, id=13308, stack(0x000000cd48100000,0x000000cd48200000)]
  0x000002756371d800 JavaThread "stdout" [_thread_in_native, id=12420, stack(0x000000cd48200000,0x000000cd48300000)]
  0x000002756371b000 JavaThread "stderr" [_thread_in_native, id=12896, stack(0x000000cd48300000,0x000000cd48400000)]
  0x0000027563723800 JavaThread "stdout" [_thread_in_native, id=5824, stack(0x000000cd48400000,0x000000cd48500000)]
  0x0000027563721800 JavaThread "stderr" [_thread_in_native, id=12992, stack(0x000000cd48500000,0x000000cd48600000)]
  0x0000027563726800 JavaThread "stdout" [_thread_in_native, id=12628, stack(0x000000cd48600000,0x000000cd48700000)]
  0x0000027563722800 JavaThread "stderr" [_thread_in_native, id=8252, stack(0x000000cd48700000,0x000000cd48800000)]
  0x0000027563724000 JavaThread "stdout" [_thread_in_native, id=12800, stack(0x000000cd48800000,0x000000cd48900000)]
  0x0000027563726000 JavaThread "stderr" [_thread_in_native, id=8500, stack(0x000000cd48900000,0x000000cd48a00000)]
  0x0000027563725000 JavaThread "stdout" [_thread_in_native, id=9764, stack(0x000000cd48a00000,0x000000cd48b00000)]
  0x0000027563727800 JavaThread "Cache worker for Java compile cache (C:\Users\Chompoo\.gradle\caches\6.4.1\javaCompile)" [_thread_blocked, id=8072, stack(0x000000cd48b00000,0x000000cd48c00000)]
  0x0000027563728000 JavaThread "Cache worker for Java compile cache (D:\MoblieApp\Test\bmi_6206022620063\android\.gradle\6.4.1\javaCompile)" [_thread_blocked, id=11208, stack(0x000000cd48c00000,0x000000cd48d00000)]
  0x0000027563729000 JavaThread "RMI Scheduler(0)" daemon [_thread_blocked, id=8144, stack(0x000000cd45600000,0x000000cd45700000)]
  0x000002756d2ff800 JavaThread "RMI GC Daemon" daemon [_thread_blocked, id=11940, stack(0x000000cd48e00000,0x000000cd48f00000)]
  0x000002756d2fc000 JavaThread "RMI TCP Accept-0" daemon [_thread_in_native, id=10096, stack(0x000000cd48f00000,0x000000cd49000000)]
  0x000002756d2fe000 JavaThread "RMI Reaper" [_thread_blocked, id=12004, stack(0x000000cd49000000,0x000000cd49100000)]
  0x000002756d2fe800 JavaThread "RMI TCP Connection(1)-127.0.0.1" daemon [_thread_in_native, id=5392, stack(0x000000cd49100000,0x000000cd49200000)]
  0x000002756d2fa000 JavaThread "C2 CompilerThread1" daemon [_thread_blocked, id=7552, stack(0x000000cd45500000,0x000000cd45600000)]
  0x000002756d2f9000 JavaThread "ForkJoinPool.commonPool-worker-5" daemon [_thread_blocked, id=2144, stack(0x000000cd48d00000,0x000000cd48e00000)]
  0x000002756d300800 JavaThread "ForkJoinPool.commonPool-worker-7" daemon [_thread_blocked, id=13172, stack(0x000000cd49200000,0x000000cd49300000)]
  0x000002756d2fd000 JavaThread "ForkJoinPool.commonPool-worker-11" daemon [_thread_blocked, id=1340, stack(0x000000cd49300000,0x000000cd49400000)]
  0x000002756d2fa800 JavaThread "ForkJoinPool.commonPool-worker-13" daemon [_thread_blocked, id=8208, stack(0x000000cd49400000,0x000000cd49500000)]
  0x000002756d2fb800 JavaThread "ForkJoinPool.commonPool-worker-15" daemon [_thread_blocked, id=13284, stack(0x000000cd49500000,0x000000cd49600000)]
  0x000002756d307000 JavaThread "ForkJoinPool.commonPool-worker-1" daemon [_thread_blocked, id=3276, stack(0x000000cd49600000,0x000000cd49700000)]
  0x000002756d303800 JavaThread "WorkerExecutor Queue Thread 9" [_thread_blocked, id=11324, stack(0x000000cd49700000,0x000000cd49800000)]

Other Threads:
=>0x00000275508b8000 VMThread "VM Thread" [stack: 0x000000cd42f00000,0x000000cd43000000] [id=10044]
  0x00000275513ff800 WatcherThread [stack: 0x000000cd43900000,0x000000cd43a00000] [id=2024]
  0x00000275357d7000 GCTaskThread "GC Thread#0" [stack: 0x000000cd42a00000,0x000000cd42b00000] [id=9592]
  0x0000027551d25000 GCTaskThread "GC Thread#1" [stack: 0x000000cd43a00000,0x000000cd43b00000] [id=3092]
  0x0000027551f1b000 GCTaskThread "GC Thread#2" [stack: 0x000000cd43b00000,0x000000cd43c00000] [id=8272]
  0x00000275530d7000 GCTaskThread "GC Thread#3" [stack: 0x000000cd44b00000,0x000000cd44c00000] [id=11596]
  0x0000027552b25000 GCTaskThread "GC Thread#4" [stack: 0x000000cd44c00000,0x000000cd44d00000] [id=3336]
  0x0000027552b28800 GCTaskThread "GC Thread#5" [stack: 0x000000cd44d00000,0x000000cd44e00000] [id=6236]
  0x0000027552b29800 GCTaskThread "GC Thread#6" [stack: 0x000000cd44e00000,0x000000cd44f00000] [id=11616]
  0x0000027552b88800 GCTaskThread "GC Thread#7" [stack: 0x000000cd44f00000,0x000000cd45000000] [id=1460]
  0x0000027535800000 ConcurrentGCThread "G1 Main Marker" [stack: 0x000000cd42b00000,0x000000cd42c00000] [id=2888]
  0x0000027535801000 ConcurrentGCThread "G1 Conc#0" [stack: 0x000000cd42c00000,0x000000cd42d00000] [id=7884]
  0x000002755349f800 ConcurrentGCThread "G1 Conc#1" [stack: 0x000000cd45100000,0x000000cd45200000] [id=10408]
  0x0000027535890800 ConcurrentGCThread "G1 Refine#0" [stack: 0x000000cd42d00000,0x000000cd42e00000] [id=3976]
  0x000002755368a800 ConcurrentGCThread "G1 Refine#1" [stack: 0x000000cd44800000,0x000000cd44900000] [id=4384]
  0x000002755368f000 ConcurrentGCThread "G1 Refine#2" [stack: 0x000000cd45900000,0x000000cd45a00000] [id=10164]
  0x00000275589da000 ConcurrentGCThread "G1 Refine#3" [stack: 0x000000cd44700000,0x000000cd44800000] [id=7592]
  0x0000027535891800 ConcurrentGCThread "G1 Young RemSet Sampling" [stack: 0x000000cd42e00000,0x000000cd42f00000] [id=10404]

Threads with active compile tasks:
C2 CompilerThread06266556 29722       4       java.lang.reflect.AccessibleObject::checkCanSetAccessible (386 bytes)
C1 CompilerThread06266556 29904       3       com.android.tools.r8.ir.conversion.N::a (3075 bytes)
C2 CompilerThread16266556 29718       4       com.android.tools.r8.graph.t0::c (177 bytes)

VM state:at safepoint (normal execution)

VM Mutex/Monitor currently owned by a thread:  ([mutex/lock_event])
[0x00000275357bb6f0] Threads_lock - owner thread: 0x00000275508b8000
[0x00000275357bbae0] Heap_lock - owner thread: 0x000002756371c000

Heap address: 0x00000000a0000000, size: 1536 MB, Compressed Oops mode: 32-bit
Narrow klass base: 0x0000000000000000, Narrow klass shift: 3
Compressed class space size: 1073741824 Address: 0x0000000100000000

Heap:
 garbage-first heap   total 421888K, used 200495K [0x00000000a0000000, 0x0000000100000000)
  region size 1024K, 4 young (4096K), 4 survivors (4096K)
 Metaspace       used 161559K, capacity 167337K, committed 167632K, reserved 1196032K
  class space    used 20080K, capacity 22074K, committed 22144K, reserved 1048576K
Heap Regions: E=young(eden), S=young(survivor), O=old, HS=humongous(starts), HC=humongous(continues), CS=collection set, F=free, A=archive, TAMS=top-at-mark-start (previous, next)
|   0|0x00000000a0000000, 0x00000000a0100000, 0x00000000a0100000|100%| O|  |TAMS 0x00000000a0100000, 0x00000000a0100000| Untracked 
|   1|0x00000000a0100000, 0x00000000a0200000, 0x00000000a0200000|100%| O|  |TAMS 0x00000000a0200000, 0x00000000a0200000| Untracked 
|   2|0x00000000a0200000, 0x00000000a0300000, 0x00000000a0300000|100%| O|  |TAMS 0x00000000a0300000, 0x00000000a0300000| Untracked 
|   3|0x00000000a0300000, 0x00000000a0400000, 0x00000000a0400000|100%|HS|  |TAMS 0x00000000a0400000, 0x00000000a0400000| Complete 
|   4|0x00000000a0400000, 0x00000000a0500000, 0x00000000a0500000|100%|HC|  |TAMS 0x00000000a0500000, 0x00000000a0500000| Complete 
|   5|0x00000000a0500000, 0x00000000a0600000, 0x00000000a0600000|100%|HC|  |TAMS 0x00000000a0600000, 0x00000000a0600000| Complete 
|   6|0x00000000a0600000, 0x00000000a0700000, 0x00000000a0700000|100%| O|  |TAMS 0x00000000a0700000, 0x00000000a0700000| Untracked 
|   7|0x00000000a0700000, 0x00000000a0800000, 0x00000000a0800000|100%| O|  |TAMS 0x00000000a0800000, 0x00000000a0800000| Untracked 
|   8|0x00000000a0800000, 0x00000000a0900000, 0x00000000a0900000|100%| O|  |TAMS 0x00000000a0900000, 0x00000000a0900000| Untracked 
|   9|0x00000000a0900000, 0x00000000a0a00000, 0x00000000a0a00000|100%| O|  |TAMS 0x00000000a0a00000, 0x00000000a0a00000| Untracked 
|  10|0x00000000a0a00000, 0x00000000a0b00000, 0x00000000a0b00000|100%| O|  |TAMS 0x00000000a0b00000, 0x00000000a0b00000| Untracked 
|  11|0x00000000a0b00000, 0x00000000a0c00000, 0x00000000a0c00000|100%| O|  |TAMS 0x00000000a0c00000, 0x00000000a0c00000| Untracked 
|  12|0x00000000a0c00000, 0x00000000a0d00000, 0x00000000a0d00000|100%| O|  |TAMS 0x00000000a0d00000, 0x00000000a0d00000| Untracked 
|  13|0x00000000a0d00000, 0x00000000a0e00000, 0x00000000a0e00000|100%| O|  |TAMS 0x00000000a0e00000, 0x00000000a0e00000| Untracked 
|  14|0x00000000a0e00000, 0x00000000a0f00000, 0x00000000a0f00000|100%| O|  |TAMS 0x00000000a0f00000, 0x00000000a0f00000| Untracked 
|  15|0x00000000a0f00000, 0x00000000a1000000, 0x00000000a1000000|100%| O|  |TAMS 0x00000000a1000000, 0x00000000a1000000| Untracked 
|  16|0x00000000a1000000, 0x00000000a1100000, 0x00000000a1100000|100%| O|  |TAMS 0x00000000a1100000, 0x00000000a1100000| Untracked 
|  17|0x00000000a1100000, 0x00000000a1200000, 0x00000000a1200000|100%| O|  |TAMS 0x00000000a1200000, 0x00000000a1200000| Untracked 
|  18|0x00000000a1200000, 0x00000000a1300000, 0x00000000a1300000|100%|HS|  |TAMS 0x00000000a1300000, 0x00000000a1300000| Complete 
|  19|0x00000000a1300000, 0x00000000a1400000, 0x00000000a1400000|100%|HS|  |TAMS 0x00000000a1400000, 0x00000000a1400000| Complete 
|  20|0x00000000a1400000, 0x00000000a1500000, 0x00000000a1500000|100%|HC|  |TAMS 0x00000000a1500000, 0x00000000a1500000| Complete 
|  21|0x00000000a1500000, 0x00000000a1600000, 0x00000000a1600000|100%|HC|  |TAMS 0x00000000a1600000, 0x00000000a1600000| Complete 
|  22|0x00000000a1600000, 0x00000000a1700000, 0x00000000a1700000|100%|HS|  |TAMS 0x00000000a1700000, 0x00000000a1700000| Complete 
|  23|0x00000000a1700000, 0x00000000a1800000, 0x00000000a1800000|100%|HC|  |TAMS 0x00000000a1800000, 0x00000000a1800000| Complete 
|  24|0x00000000a1800000, 0x00000000a1900000, 0x00000000a1900000|100%|HC|  |TAMS 0x00000000a1900000, 0x00000000a1900000| Complete 
|  25|0x00000000a1900000, 0x00000000a1a00000, 0x00000000a1a00000|100%|HS|  |TAMS 0x00000000a1a00000, 0x00000000a1a00000| Complete 
|  26|0x00000000a1a00000, 0x00000000a1b00000, 0x00000000a1b00000|100%|HC|  |TAMS 0x00000000a1b00000, 0x00000000a1b00000| Complete 
|  27|0x00000000a1b00000, 0x00000000a1c00000, 0x00000000a1c00000|100%| O|  |TAMS 0x00000000a1c00000, 0x00000000a1c00000| Untracked 
|  28|0x00000000a1c00000, 0x00000000a1d00000, 0x00000000a1d00000|100%| O|  |TAMS 0x00000000a1c00000, 0x00000000a1d00000| Untracked 
|  29|0x00000000a1d00000, 0x00000000a1e00000, 0x00000000a1e00000|100%| O|  |TAMS 0x00000000a1e00000, 0x00000000a1e00000| Untracked 
|  30|0x00000000a1e00000, 0x00000000a1e00000, 0x00000000a1f00000|  0%| F|  |TAMS 0x00000000a1e00000, 0x00000000a1e00000| Untracked 
|  31|0x00000000a1f00000, 0x00000000a2000000, 0x00000000a2000000|100%| O|  |TAMS 0x00000000a2000000, 0x00000000a2000000| Untracked 
|  32|0x00000000a2000000, 0x00000000a2100000, 0x00000000a2100000|100%| O|  |TAMS 0x00000000a2100000, 0x00000000a2100000| Untracked 
|  33|0x00000000a2100000, 0x00000000a2200000, 0x00000000a2200000|100%| O|  |TAMS 0x00000000a2200000, 0x00000000a2200000| Untracked 
|  34|0x00000000a2200000, 0x00000000a2300000, 0x00000000a2300000|100%| O|  |TAMS 0x00000000a2300000, 0x00000000a2300000| Untracked 
|  35|0x00000000a2300000, 0x00000000a2400000, 0x00000000a2400000|100%| O|  |TAMS 0x00000000a2400000, 0x00000000a2400000| Untracked 
|  36|0x00000000a2400000, 0x00000000a2500000, 0x00000000a2500000|100%| O|  |TAMS 0x00000000a2500000, 0x00000000a2500000| Untracked 
|  37|0x00000000a2500000, 0x00000000a2600000, 0x00000000a2600000|100%| O|  |TAMS 0x00000000a2600000, 0x00000000a2600000| Untracked 
|  38|0x00000000a2600000, 0x00000000a2700000, 0x00000000a2700000|100%| O|  |TAMS 0x00000000a2700000, 0x00000000a2700000| Untracked 
|  39|0x00000000a2700000, 0x00000000a2800000, 0x00000000a2800000|100%| O|  |TAMS 0x00000000a2800000, 0x00000000a2800000| Untracked 
|  40|0x00000000a2800000, 0x00000000a2900000, 0x00000000a2900000|100%| O|  |TAMS 0x00000000a2900000, 0x00000000a2900000| Untracked 
|  41|0x00000000a2900000, 0x00000000a2a00000, 0x00000000a2a00000|100%| O|  |TAMS 0x00000000a2a00000, 0x00000000a2a00000| Untracked 
|  42|0x00000000a2a00000, 0x00000000a2b00000, 0x00000000a2b00000|100%|HS|  |TAMS 0x00000000a2b00000, 0x00000000a2b00000| Complete 
|  43|0x00000000a2b00000, 0x00000000a2c00000, 0x00000000a2c00000|100%| O|  |TAMS 0x00000000a2c00000, 0x00000000a2c00000| Untracked 
|  44|0x00000000a2c00000, 0x00000000a2d00000, 0x00000000a2d00000|100%| O|  |TAMS 0x00000000a2d00000, 0x00000000a2d00000| Untracked 
|  45|0x00000000a2d00000, 0x00000000a2e00000, 0x00000000a2e00000|100%|HS|  |TAMS 0x00000000a2e00000, 0x00000000a2e00000| Complete 
|  46|0x00000000a2e00000, 0x00000000a2f00000, 0x00000000a2f00000|100%| O|  |TAMS 0x00000000a2f00000, 0x00000000a2f00000| Untracked 
|  47|0x00000000a2f00000, 0x00000000a3000000, 0x00000000a3000000|100%| O|  |TAMS 0x00000000a3000000, 0x00000000a3000000| Untracked 
|  48|0x00000000a3000000, 0x00000000a3100000, 0x00000000a3100000|100%| O|  |TAMS 0x00000000a3100000, 0x00000000a3100000| Untracked 
|  49|0x00000000a3100000, 0x00000000a3200000, 0x00000000a3200000|100%| O|  |TAMS 0x00000000a3200000, 0x00000000a3200000| Untracked 
|  50|0x00000000a3200000, 0x00000000a3300000, 0x00000000a3300000|100%| O|  |TAMS 0x00000000a3300000, 0x00000000a3300000| Untracked 
|  51|0x00000000a3300000, 0x00000000a3400000, 0x00000000a3400000|100%| O|  |TAMS 0x00000000a3400000, 0x00000000a3400000| Untracked 
|  52|0x00000000a3400000, 0x00000000a3500000, 0x00000000a3500000|100%| O|  |TAMS 0x00000000a3500000, 0x00000000a3500000| Untracked 
|  53|0x00000000a3500000, 0x00000000a3600000, 0x00000000a3600000|100%| O|  |TAMS 0x00000000a3600000, 0x00000000a3600000| Untracked 
|  54|0x00000000a3600000, 0x00000000a3700000, 0x00000000a3700000|100%| O|  |TAMS 0x00000000a3700000, 0x00000000a3700000| Untracked 
|  55|0x00000000a3700000, 0x00000000a3800000, 0x00000000a3800000|100%| O|  |TAMS 0x00000000a3800000, 0x00000000a3800000| Untracked 
|  56|0x00000000a3800000, 0x00000000a3900000, 0x00000000a3900000|100%| O|  |TAMS 0x00000000a3900000, 0x00000000a3900000| Untracked 
|  57|0x00000000a3900000, 0x00000000a3a00000, 0x00000000a3a00000|100%| O|  |TAMS 0x00000000a3a00000, 0x00000000a3a00000| Untracked 
|  58|0x00000000a3a00000, 0x00000000a3b00000, 0x00000000a3b00000|100%| O|  |TAMS 0x00000000a3b00000, 0x00000000a3b00000| Untracked 
|  59|0x00000000a3b00000, 0x00000000a3c00000, 0x00000000a3c00000|100%| O|  |TAMS 0x00000000a3c00000, 0x00000000a3c00000| Untracked 
|  60|0x00000000a3c00000, 0x00000000a3d00000, 0x00000000a3d00000|100%| O|  |TAMS 0x00000000a3d00000, 0x00000000a3d00000| Untracked 
|  61|0x00000000a3d00000, 0x00000000a3e00000, 0x00000000a3e00000|100%| O|  |TAMS 0x00000000a3e00000, 0x00000000a3e00000| Untracked 
|  62|0x00000000a3e00000, 0x00000000a3f00000, 0x00000000a3f00000|100%| O|  |TAMS 0x00000000a3f00000, 0x00000000a3f00000| Untracked 
|  63|0x00000000a3f00000, 0x00000000a4000000, 0x00000000a4000000|100%| O|  |TAMS 0x00000000a4000000, 0x00000000a4000000| Untracked 
|  64|0x00000000a4000000, 0x00000000a4100000, 0x00000000a4100000|100%| O|  |TAMS 0x00000000a4100000, 0x00000000a4100000| Untracked 
|  65|0x00000000a4100000, 0x00000000a4200000, 0x00000000a4200000|100%| O|  |TAMS 0x00000000a4200000, 0x00000000a4200000| Untracked 
|  66|0x00000000a4200000, 0x00000000a4300000, 0x00000000a4300000|100%|HS|  |TAMS 0x00000000a4300000, 0x00000000a4300000| Complete 
|  67|0x00000000a4300000, 0x00000000a4400000, 0x00000000a4400000|100%| O|  |TAMS 0x00000000a4400000, 0x00000000a4400000| Untracked 
|  68|0x00000000a4400000, 0x00000000a4500000, 0x00000000a4500000|100%| O|  |TAMS 0x00000000a4500000, 0x00000000a4500000| Untracked 
|  69|0x00000000a4500000, 0x00000000a4600000, 0x00000000a4600000|100%| O|  |TAMS 0x00000000a4600000, 0x00000000a4600000| Untracked 
|  70|0x00000000a4600000, 0x00000000a4700000, 0x00000000a4700000|100%| O|  |TAMS 0x00000000a4700000, 0x00000000a4700000| Untracked 
|  71|0x00000000a4700000, 0x00000000a4800000, 0x00000000a4800000|100%| O|  |TAMS 0x00000000a4800000, 0x00000000a4800000| Untracked 
|  72|0x00000000a4800000, 0x00000000a4900000, 0x00000000a4900000|100%| O|  |TAMS 0x00000000a4900000, 0x00000000a4900000| Untracked 
|  73|0x00000000a4900000, 0x00000000a4a00000, 0x00000000a4a00000|100%| O|  |TAMS 0x00000000a4a00000, 0x00000000a4a00000| Untracked 
|  74|0x00000000a4a00000, 0x00000000a4b00000, 0x00000000a4b00000|100%| O|  |TAMS 0x00000000a4b00000, 0x00000000a4b00000| Untracked 
|  75|0x00000000a4b00000, 0x00000000a4c00000, 0x00000000a4c00000|100%| O|  |TAMS 0x00000000a4c00000, 0x00000000a4c00000| Untracked 
|  76|0x00000000a4c00000, 0x00000000a4d00000, 0x00000000a4d00000|100%| O|  |TAMS 0x00000000a4d00000, 0x00000000a4d00000| Untracked 
|  77|0x00000000a4d00000, 0x00000000a4e00000, 0x00000000a4e00000|100%| O|  |TAMS 0x00000000a4e00000, 0x00000000a4e00000| Untracked 
|  78|0x00000000a4e00000, 0x00000000a4f00000, 0x00000000a4f00000|100%| O|  |TAMS 0x00000000a4f00000, 0x00000000a4f00000| Untracked 
|  79|0x00000000a4f00000, 0x00000000a5000000, 0x00000000a5000000|100%| O|  |TAMS 0x00000000a5000000, 0x00000000a5000000| Untracked 
|  80|0x00000000a5000000, 0x00000000a5100000, 0x00000000a5100000|100%|HS|  |TAMS 0x00000000a5100000, 0x00000000a5100000| Complete 
|  81|0x00000000a5100000, 0x00000000a5200000, 0x00000000a5200000|100%|HC|  |TAMS 0x00000000a5200000, 0x00000000a5200000| Complete 
|  82|0x00000000a5200000, 0x00000000a5300000, 0x00000000a5300000|100%| O|  |TAMS 0x00000000a5300000, 0x00000000a5300000| Untracked 
|  83|0x00000000a5300000, 0x00000000a5400000, 0x00000000a5400000|100%| O|  |TAMS 0x00000000a5400000, 0x00000000a5400000| Untracked 
|  84|0x00000000a5400000, 0x00000000a5500000, 0x00000000a5500000|100%| O|  |TAMS 0x00000000a5500000, 0x00000000a5500000| Untracked 
|  85|0x00000000a5500000, 0x00000000a5600000, 0x00000000a5600000|100%| O|  |TAMS 0x00000000a5600000, 0x00000000a5600000| Untracked 
|  86|0x00000000a5600000, 0x00000000a5700000, 0x00000000a5700000|100%| O|  |TAMS 0x00000000a5600000, 0x00000000a5700000| Untracked 
|  87|0x00000000a5700000, 0x00000000a5800000, 0x00000000a5800000|100%| O|  |TAMS 0x00000000a5800000, 0x00000000a5800000| Untracked 
|  88|0x00000000a5800000, 0x00000000a5900000, 0x00000000a5900000|100%| O|  |TAMS 0x00000000a5900000, 0x00000000a5900000| Untracked 
|  89|0x00000000a5900000, 0x00000000a5a00000, 0x00000000a5a00000|100%| O|  |TAMS 0x00000000a5a00000, 0x00000000a5a00000| Untracked 
|  90|0x00000000a5a00000, 0x00000000a5b00000, 0x00000000a5b00000|100%| O|  |TAMS 0x00000000a5b00000, 0x00000000a5b00000| Untracked 
|  91|0x00000000a5b00000, 0x00000000a5c00000, 0x00000000a5c00000|100%| O|  |TAMS 0x00000000a5c00000, 0x00000000a5c00000| Untracked 
|  92|0x00000000a5c00000, 0x00000000a5d00000, 0x00000000a5d00000|100%| O|  |TAMS 0x00000000a5d00000, 0x00000000a5d00000| Untracked 
|  93|0x00000000a5d00000, 0x00000000a5e00000, 0x00000000a5e00000|100%| O|  |TAMS 0x00000000a5e00000, 0x00000000a5e00000| Untracked 
|  94|0x00000000a5e00000, 0x00000000a5e00000, 0x00000000a5f00000|  0%| F|  |TAMS 0x00000000a5e00000, 0x00000000a5e00000| Untracked 
|  95|0x00000000a5f00000, 0x00000000a5f00000, 0x00000000a6000000|  0%| F|  |TAMS 0x00000000a5f00000, 0x00000000a5f00000| Untracked 
|  96|0x00000000a6000000, 0x00000000a6000000, 0x00000000a6100000|  0%| F|  |TAMS 0x00000000a6000000, 0x00000000a6000000| Untracked 
|  97|0x00000000a6100000, 0x00000000a6200000, 0x00000000a6200000|100%| O|  |TAMS 0x00000000a6200000, 0x00000000a6200000| Untracked 
|  98|0x00000000a6200000, 0x00000000a6300000, 0x00000000a6300000|100%| O|  |TAMS 0x00000000a6300000, 0x00000000a6300000| Untracked 
|  99|0x00000000a6300000, 0x00000000a6400000, 0x00000000a6400000|100%| O|  |TAMS 0x00000000a6400000, 0x00000000a6400000| Untracked 
| 100|0x00000000a6400000, 0x00000000a6500000, 0x00000000a6500000|100%| O|  |TAMS 0x00000000a6500000, 0x00000000a6500000| Untracked 
| 101|0x00000000a6500000, 0x00000000a6600000, 0x00000000a6600000|100%| O|  |TAMS 0x00000000a6600000, 0x00000000a6600000| Untracked 
| 102|0x00000000a6600000, 0x00000000a6700000, 0x00000000a6700000|100%| O|  |TAMS 0x00000000a6700000, 0x00000000a6700000| Untracked 
| 103|0x00000000a6700000, 0x00000000a6800000, 0x00000000a6800000|100%| O|  |TAMS 0x00000000a6800000, 0x00000000a6800000| Untracked 
| 104|0x00000000a6800000, 0x00000000a6900000, 0x00000000a6900000|100%| O|  |TAMS 0x00000000a6900000, 0x00000000a6900000| Untracked 
| 105|0x00000000a6900000, 0x00000000a6a00000, 0x00000000a6a00000|100%| O|  |TAMS 0x00000000a6a00000, 0x00000000a6a00000| Untracked 
| 106|0x00000000a6a00000, 0x00000000a6b00000, 0x00000000a6b00000|100%|HS|  |TAMS 0x00000000a6b00000, 0x00000000a6b00000| Complete 
| 107|0x00000000a6b00000, 0x00000000a6c00000, 0x00000000a6c00000|100%|HC|  |TAMS 0x00000000a6c00000, 0x00000000a6c00000| Complete 
| 108|0x00000000a6c00000, 0x00000000a6d00000, 0x00000000a6d00000|100%| O|  |TAMS 0x00000000a6d00000, 0x00000000a6d00000| Untracked 
| 109|0x00000000a6d00000, 0x00000000a6e00000, 0x00000000a6e00000|100%| O|  |TAMS 0x00000000a6e00000, 0x00000000a6e00000| Untracked 
| 110|0x00000000a6e00000, 0x00000000a6f00000, 0x00000000a6f00000|100%| O|  |TAMS 0x00000000a6f00000, 0x00000000a6f00000| Untracked 
| 111|0x00000000a6f00000, 0x00000000a7000000, 0x00000000a7000000|100%| O|  |TAMS 0x00000000a7000000, 0x00000000a7000000| Untracked 
| 112|0x00000000a7000000, 0x00000000a7100000, 0x00000000a7100000|100%| O|  |TAMS 0x00000000a7100000, 0x00000000a7100000| Untracked 
| 113|0x00000000a7100000, 0x00000000a7200000, 0x00000000a7200000|100%| O|  |TAMS 0x00000000a7200000, 0x00000000a7200000| Untracked 
| 114|0x00000000a7200000, 0x00000000a7300000, 0x00000000a7300000|100%| O|  |TAMS 0x00000000a7300000, 0x00000000a7300000| Untracked 
| 115|0x00000000a7300000, 0x00000000a7300000, 0x00000000a7400000|  0%| F|  |TAMS 0x00000000a7300000, 0x00000000a7300000| Untracked 
| 116|0x00000000a7400000, 0x00000000a7500000, 0x00000000a7500000|100%| O|  |TAMS 0x00000000a7500000, 0x00000000a7500000| Untracked 
| 117|0x00000000a7500000, 0x00000000a7600000, 0x00000000a7600000|100%| O|  |TAMS 0x00000000a7600000, 0x00000000a7600000| Untracked 
| 118|0x00000000a7600000, 0x00000000a7700000, 0x00000000a7700000|100%| O|  |TAMS 0x00000000a7700000, 0x00000000a7700000| Untracked 
| 119|0x00000000a7700000, 0x00000000a7800000, 0x00000000a7800000|100%| O|  |TAMS 0x00000000a7800000, 0x00000000a7800000| Untracked 
| 120|0x00000000a7800000, 0x00000000a7900000, 0x00000000a7900000|100%| O|  |TAMS 0x00000000a7900000, 0x00000000a7900000| Untracked 
| 121|0x00000000a7900000, 0x00000000a7a00000, 0x00000000a7a00000|100%| O|  |TAMS 0x00000000a7a00000, 0x00000000a7a00000| Untracked 
| 122|0x00000000a7a00000, 0x00000000a7b00000, 0x00000000a7b00000|100%| O|  |TAMS 0x00000000a7b00000, 0x00000000a7b00000| Untracked 
| 123|0x00000000a7b00000, 0x00000000a7c00000, 0x00000000a7c00000|100%| O|  |TAMS 0x00000000a7c00000, 0x00000000a7c00000| Untracked 
| 124|0x00000000a7c00000, 0x00000000a7d00000, 0x00000000a7d00000|100%| O|  |TAMS 0x00000000a7d00000, 0x00000000a7d00000| Untracked 
| 125|0x00000000a7d00000, 0x00000000a7e00000, 0x00000000a7e00000|100%| O|  |TAMS 0x00000000a7e00000, 0x00000000a7e00000| Untracked 
| 126|0x00000000a7e00000, 0x00000000a7f00000, 0x00000000a7f00000|100%| O|  |TAMS 0x00000000a7e00000, 0x00000000a7f00000| Untracked 
| 127|0x00000000a7f00000, 0x00000000a8000000, 0x00000000a8000000|100%| O|  |TAMS 0x00000000a8000000, 0x00000000a8000000| Untracked 
| 128|0x00000000a8000000, 0x00000000a8100000, 0x00000000a8100000|100%| O|  |TAMS 0x00000000a8100000, 0x00000000a8100000| Untracked 
| 129|0x00000000a8100000, 0x00000000a8200000, 0x00000000a8200000|100%| O|  |TAMS 0x00000000a8200000, 0x00000000a8200000| Untracked 
| 130|0x00000000a8200000, 0x00000000a8300000, 0x00000000a8300000|100%| O|  |TAMS 0x00000000a8300000, 0x00000000a8300000| Untracked 
| 131|0x00000000a8300000, 0x00000000a8400000, 0x00000000a8400000|100%| O|  |TAMS 0x00000000a8400000, 0x00000000a8400000| Untracked 
| 132|0x00000000a8400000, 0x00000000a8500000, 0x00000000a8500000|100%| O|  |TAMS 0x00000000a8500000, 0x00000000a8500000| Untracked 
| 133|0x00000000a8500000, 0x00000000a8600000, 0x00000000a8600000|100%| O|  |TAMS 0x00000000a8600000, 0x00000000a8600000| Untracked 
| 134|0x00000000a8600000, 0x00000000a8700000, 0x00000000a8700000|100%| O|  |TAMS 0x00000000a8700000, 0x00000000a8700000| Untracked 
| 135|0x00000000a8700000, 0x00000000a8800000, 0x00000000a8800000|100%| O|  |TAMS 0x00000000a8800000, 0x00000000a8800000| Untracked 
| 136|0x00000000a8800000, 0x00000000a8900000, 0x00000000a8900000|100%| O|  |TAMS 0x00000000a8900000, 0x00000000a8900000| Untracked 
| 137|0x00000000a8900000, 0x00000000a8a00000, 0x00000000a8a00000|100%| O|  |TAMS 0x00000000a8a00000, 0x00000000a8a00000| Untracked 
| 138|0x00000000a8a00000, 0x00000000a8b00000, 0x00000000a8b00000|100%| O|  |TAMS 0x00000000a8b00000, 0x00000000a8b00000| Untracked 
| 139|0x00000000a8b00000, 0x00000000a8c00000, 0x00000000a8c00000|100%| O|  |TAMS 0x00000000a8c00000, 0x00000000a8c00000| Untracked 
| 140|0x00000000a8c00000, 0x00000000a8d00000, 0x00000000a8d00000|100%| O|  |TAMS 0x00000000a8d00000, 0x00000000a8d00000| Untracked 
| 141|0x00000000a8d00000, 0x00000000a8e00000, 0x00000000a8e00000|100%| O|  |TAMS 0x00000000a8e00000, 0x00000000a8e00000| Untracked 
| 142|0x00000000a8e00000, 0x00000000a8f00000, 0x00000000a8f00000|100%| O|  |TAMS 0x00000000a8f00000, 0x00000000a8f00000| Untracked 
| 143|0x00000000a8f00000, 0x00000000a9000000, 0x00000000a9000000|100%| O|  |TAMS 0x00000000a9000000, 0x00000000a9000000| Untracked 
| 144|0x00000000a9000000, 0x00000000a9100000, 0x00000000a9100000|100%| O|  |TAMS 0x00000000a9100000, 0x00000000a9100000| Untracked 
| 145|0x00000000a9100000, 0x00000000a9200000, 0x00000000a9200000|100%| O|  |TAMS 0x00000000a9200000, 0x00000000a9200000| Untracked 
| 146|0x00000000a9200000, 0x00000000a9300000, 0x00000000a9300000|100%| O|  |TAMS 0x00000000a9300000, 0x00000000a9300000| Untracked 
| 147|0x00000000a9300000, 0x00000000a9400000, 0x00000000a9400000|100%| O|  |TAMS 0x00000000a9400000, 0x00000000a9400000| Untracked 
| 148|0x00000000a9400000, 0x00000000a9500000, 0x00000000a9500000|100%| O|  |TAMS 0x00000000a9500000, 0x00000000a9500000| Untracked 
| 149|0x00000000a9500000, 0x00000000a9600000, 0x00000000a9600000|100%| O|  |TAMS 0x00000000a9600000, 0x00000000a9600000| Untracked 
| 150|0x00000000a9600000, 0x00000000a9700000, 0x00000000a9700000|100%| O|  |TAMS 0x00000000a9700000, 0x00000000a9700000| Untracked 
| 151|0x00000000a9700000, 0x00000000a9800000, 0x00000000a9800000|100%| O|  |TAMS 0x00000000a9800000, 0x00000000a9800000| Untracked 
| 152|0x00000000a9800000, 0x00000000a9900000, 0x00000000a9900000|100%| O|  |TAMS 0x00000000a9900000, 0x00000000a9900000| Untracked 
| 153|0x00000000a9900000, 0x00000000a9a00000, 0x00000000a9a00000|100%| O|  |TAMS 0x00000000a9a00000, 0x00000000a9a00000| Untracked 
| 154|0x00000000a9a00000, 0x00000000a9b00000, 0x00000000a9b00000|100%| O|  |TAMS 0x00000000a9b00000, 0x00000000a9b00000| Untracked 
| 155|0x00000000a9b00000, 0x00000000a9c00000, 0x00000000a9c00000|100%| O|  |TAMS 0x00000000a9c00000, 0x00000000a9c00000| Untracked 
| 156|0x00000000a9c00000, 0x00000000a9d00000, 0x00000000a9d00000|100%| O|  |TAMS 0x00000000a9d00000, 0x00000000a9d00000| Untracked 
| 157|0x00000000a9d00000, 0x00000000a9e00000, 0x00000000a9e00000|100%| O|  |TAMS 0x00000000a9e00000, 0x00000000a9e00000| Untracked 
| 158|0x00000000a9e00000, 0x00000000a9f00000, 0x00000000a9f00000|100%| O|  |TAMS 0x00000000a9f00000, 0x00000000a9f00000| Untracked 
| 159|0x00000000a9f00000, 0x00000000aa000000, 0x00000000aa000000|100%| O|  |TAMS 0x00000000aa000000, 0x00000000aa000000| Untracked 
| 160|0x00000000aa000000, 0x00000000aa100000, 0x00000000aa100000|100%| O|  |TAMS 0x00000000aa100000, 0x00000000aa100000| Untracked 
| 161|0x00000000aa100000, 0x00000000aa200000, 0x00000000aa200000|100%| O|  |TAMS 0x00000000aa200000, 0x00000000aa200000| Untracked 
| 162|0x00000000aa200000, 0x00000000aa300000, 0x00000000aa300000|100%| O|  |TAMS 0x00000000aa300000, 0x00000000aa300000| Untracked 
| 163|0x00000000aa300000, 0x00000000aa400000, 0x00000000aa400000|100%| O|  |TAMS 0x00000000aa400000, 0x00000000aa400000| Untracked 
| 164|0x00000000aa400000, 0x00000000aa500000, 0x00000000aa500000|100%| O|  |TAMS 0x00000000aa500000, 0x00000000aa500000| Untracked 
| 165|0x00000000aa500000, 0x00000000aa600000, 0x00000000aa600000|100%| O|  |TAMS 0x00000000aa600000, 0x00000000aa600000| Untracked 
| 166|0x00000000aa600000, 0x00000000aa700000, 0x00000000aa700000|100%| O|  |TAMS 0x00000000aa700000, 0x00000000aa700000| Untracked 
| 167|0x00000000aa700000, 0x00000000aa800000, 0x00000000aa800000|100%| O|  |TAMS 0x00000000aa800000, 0x00000000aa800000| Untracked 
| 168|0x00000000aa800000, 0x00000000aa900000, 0x00000000aa900000|100%| O|  |TAMS 0x00000000aa900000, 0x00000000aa900000| Untracked 
| 169|0x00000000aa900000, 0x00000000aaa00000, 0x00000000aaa00000|100%| O|  |TAMS 0x00000000aaa00000, 0x00000000aaa00000| Untracked 
| 170|0x00000000aaa00000, 0x00000000aaa00000, 0x00000000aab00000|  0%| F|  |TAMS 0x00000000aaa00000, 0x00000000aaa00000| Untracked 
| 171|0x00000000aab00000, 0x00000000aac00000, 0x00000000aac00000|100%| O|  |TAMS 0x00000000aac00000, 0x00000000aac00000| Untracked 
| 172|0x00000000aac00000, 0x00000000aad00000, 0x00000000aad00000|100%| O|  |TAMS 0x00000000aad00000, 0x00000000aad00000| Untracked 
| 173|0x00000000aad00000, 0x00000000aae00000, 0x00000000aae00000|100%| O|  |TAMS 0x00000000aae00000, 0x00000000aae00000| Untracked 
| 174|0x00000000aae00000, 0x00000000aaf00000, 0x00000000aaf00000|100%| O|  |TAMS 0x00000000aaf00000, 0x00000000aaf00000| Untracked 
| 175|0x00000000aaf00000, 0x00000000ab000000, 0x00000000ab000000|100%| O|  |TAMS 0x00000000ab000000, 0x00000000ab000000| Untracked 
| 176|0x00000000ab000000, 0x00000000ab100000, 0x00000000ab100000|100%| O|  |TAMS 0x00000000ab100000, 0x00000000ab100000| Untracked 
| 177|0x00000000ab100000, 0x00000000ab200000, 0x00000000ab200000|100%| O|  |TAMS 0x00000000ab200000, 0x00000000ab200000| Untracked 
| 178|0x00000000ab200000, 0x00000000ab300000, 0x00000000ab300000|100%| O|  |TAMS 0x00000000ab300000, 0x00000000ab300000| Untracked 
| 179|0x00000000ab300000, 0x00000000ab300000, 0x00000000ab400000|  0%| F|  |TAMS 0x00000000ab300000, 0x00000000ab300000| Untracked 
| 180|0x00000000ab400000, 0x00000000ab500000, 0x00000000ab500000|100%| O|  |TAMS 0x00000000ab500000, 0x00000000ab500000| Untracked 
| 181|0x00000000ab500000, 0x00000000ab600000, 0x00000000ab600000|100%| O|  |TAMS 0x00000000ab600000, 0x00000000ab600000| Untracked 
| 182|0x00000000ab600000, 0x00000000ab700000, 0x00000000ab700000|100%| O|  |TAMS 0x00000000ab700000, 0x00000000ab700000| Untracked 
| 183|0x00000000ab700000, 0x00000000ab800000, 0x00000000ab800000|100%| O|  |TAMS 0x00000000ab800000, 0x00000000ab800000| Untracked 
| 184|0x00000000ab800000, 0x00000000ab800000, 0x00000000ab900000|  0%| F|  |TAMS 0x00000000ab800000, 0x00000000ab800000| Untracked 
| 185|0x00000000ab900000, 0x00000000aba00000, 0x00000000aba00000|100%| O|  |TAMS 0x00000000aba00000, 0x00000000aba00000| Untracked 
| 186|0x00000000aba00000, 0x00000000abb00000, 0x00000000abb00000|100%| O|  |TAMS 0x00000000abb00000, 0x00000000abb00000| Untracked 
| 187|0x00000000abb00000, 0x00000000abc00000, 0x00000000abc00000|100%| O|  |TAMS 0x00000000abc00000, 0x00000000abc00000| Untracked 
| 188|0x00000000abc00000, 0x00000000abc00000, 0x00000000abd00000|  0%| F|  |TAMS 0x00000000abc00000, 0x00000000abc00000| Untracked 
| 189|0x00000000abd00000, 0x00000000abe00000, 0x00000000abe00000|100%| O|  |TAMS 0x00000000abd00000, 0x00000000abe00000| Untracked 
| 190|0x00000000abe00000, 0x00000000abf00000, 0x00000000abf00000|100%| O|  |TAMS 0x00000000abe00000, 0x00000000abf00000| Untracked 
| 191|0x00000000abf00000, 0x00000000ac000000, 0x00000000ac000000|100%| O|  |TAMS 0x00000000abf00000, 0x00000000ac000000| Untracked 
| 192|0x00000000ac000000, 0x00000000ac100000, 0x00000000ac100000|100%| O|  |TAMS 0x00000000ac000000, 0x00000000ac100000| Untracked 
| 193|0x00000000ac100000, 0x00000000ac200000, 0x00000000ac200000|100%| O|  |TAMS 0x00000000ac100000, 0x00000000ac200000| Untracked 
| 194|0x00000000ac200000, 0x00000000ac300000, 0x00000000ac300000|100%| O|  |TAMS 0x00000000ac200000, 0x00000000ac300000| Untracked 
| 195|0x00000000ac300000, 0x00000000ac400000, 0x00000000ac400000|100%| O|  |TAMS 0x00000000ac300000, 0x00000000ac400000| Untracked 
| 196|0x00000000ac400000, 0x00000000ac500000, 0x00000000ac500000|100%| O|  |TAMS 0x00000000ac400000, 0x00000000ac500000| Untracked 
| 197|0x00000000ac500000, 0x00000000ac600000, 0x00000000ac600000|100%| O|  |TAMS 0x00000000ac500000, 0x00000000ac600000| Untracked 
| 198|0x00000000ac600000, 0x00000000ac700000, 0x00000000ac700000|100%| O|  |TAMS 0x00000000ac600000, 0x00000000ac700000| Untracked 
| 199|0x00000000ac700000, 0x00000000ac800000, 0x00000000ac800000|100%| O|  |TAMS 0x00000000ac700000, 0x00000000ac800000| Untracked 
| 200|0x00000000ac800000, 0x00000000ac900000, 0x00000000ac900000|100%| O|  |TAMS 0x00000000ac800000, 0x00000000ac900000| Untracked 
| 201|0x00000000ac900000, 0x00000000ac90f800, 0x00000000aca00000|  6%| O|  |TAMS 0x00000000ac900000, 0x00000000ac90f800| Untracked 
| 202|0x00000000aca00000, 0x00000000aca00000, 0x00000000acb00000|  0%| F|  |TAMS 0x00000000aca00000, 0x00000000aca00000| Untracked 
| 203|0x00000000acb00000, 0x00000000acb00000, 0x00000000acc00000|  0%| F|  |TAMS 0x00000000acb00000, 0x00000000acb00000| Untracked 
| 204|0x00000000acc00000, 0x00000000acc00000, 0x00000000acd00000|  0%| F|  |TAMS 0x00000000acc00000, 0x00000000acc00000| Untracked 
| 205|0x00000000acd00000, 0x00000000acd00000, 0x00000000ace00000|  0%| F|  |TAMS 0x00000000acd00000, 0x00000000acd00000| Untracked 
| 206|0x00000000ace00000, 0x00000000ace00000, 0x00000000acf00000|  0%| F|  |TAMS 0x00000000ace00000, 0x00000000ace00000| Untracked 
| 207|0x00000000acf00000, 0x00000000acf00000, 0x00000000ad000000|  0%| F|  |TAMS 0x00000000acf00000, 0x00000000acf00000| Untracked 
| 208|0x00000000ad000000, 0x00000000ad000000, 0x00000000ad100000|  0%| F|  |TAMS 0x00000000ad000000, 0x00000000ad000000| Untracked 
| 209|0x00000000ad100000, 0x00000000ad100000, 0x00000000ad200000|  0%| F|  |TAMS 0x00000000ad100000, 0x00000000ad100000| Untracked 
| 210|0x00000000ad200000, 0x00000000ad200000, 0x00000000ad300000|  0%| F|  |TAMS 0x00000000ad200000, 0x00000000ad200000| Untracked 
| 211|0x00000000ad300000, 0x00000000ad300000, 0x00000000ad400000|  0%| F|  |TAMS 0x00000000ad300000, 0x00000000ad300000| Untracked 
| 212|0x00000000ad400000, 0x00000000ad400000, 0x00000000ad500000|  0%| F|  |TAMS 0x00000000ad400000, 0x00000000ad400000| Untracked 
| 213|0x00000000ad500000, 0x00000000ad500000, 0x00000000ad600000|  0%| F|  |TAMS 0x00000000ad500000, 0x00000000ad500000| Untracked 
| 214|0x00000000ad600000, 0x00000000ad600000, 0x00000000ad700000|  0%| F|  |TAMS 0x00000000ad600000, 0x00000000ad600000| Untracked 
| 215|0x00000000ad700000, 0x00000000ad700000, 0x00000000ad800000|  0%| F|  |TAMS 0x00000000ad700000, 0x00000000ad700000| Untracked 
| 216|0x00000000ad800000, 0x00000000ad800000, 0x00000000ad900000|  0%| F|  |TAMS 0x00000000ad800000, 0x00000000ad800000| Untracked 
| 217|0x00000000ad900000, 0x00000000ad900000, 0x00000000ada00000|  0%| F|  |TAMS 0x00000000ad900000, 0x00000000ad900000| Untracked 
| 218|0x00000000ada00000, 0x00000000ada00000, 0x00000000adb00000|  0%| F|  |TAMS 0x00000000ada00000, 0x00000000ada00000| Untracked 
| 219|0x00000000adb00000, 0x00000000adb00000, 0x00000000adc00000|  0%| F|  |TAMS 0x00000000adb00000, 0x00000000adb00000| Untracked 
| 220|0x00000000adc00000, 0x00000000adc00000, 0x00000000add00000|  0%| F|  |TAMS 0x00000000adc00000, 0x00000000adc00000| Untracked 
| 221|0x00000000add00000, 0x00000000add00000, 0x00000000ade00000|  0%| F|  |TAMS 0x00000000add00000, 0x00000000add00000| Untracked 
| 222|0x00000000ade00000, 0x00000000ade00000, 0x00000000adf00000|  0%| F|  |TAMS 0x00000000ade00000, 0x00000000ade00000| Untracked 
| 223|0x00000000adf00000, 0x00000000adf00000, 0x00000000ae000000|  0%| F|  |TAMS 0x00000000adf00000, 0x00000000adf00000| Untracked 
| 224|0x00000000ae000000, 0x00000000ae000000, 0x00000000ae100000|  0%| F|  |TAMS 0x00000000ae000000, 0x00000000ae000000| Untracked 
| 225|0x00000000ae100000, 0x00000000ae100000, 0x00000000ae200000|  0%| F|  |TAMS 0x00000000ae100000, 0x00000000ae100000| Untracked 
| 226|0x00000000ae200000, 0x00000000ae200000, 0x00000000ae300000|  0%| F|  |TAMS 0x00000000ae200000, 0x00000000ae200000| Untracked 
| 227|0x00000000ae300000, 0x00000000ae3bc548, 0x00000000ae400000| 73%| S|CS|TAMS 0x00000000ae300000, 0x00000000ae300000| Complete 
| 228|0x00000000ae400000, 0x00000000ae500000, 0x00000000ae500000|100%| S|CS|TAMS 0x00000000ae400000, 0x00000000ae400000| Complete 
| 229|0x00000000ae500000, 0x00000000ae600000, 0x00000000ae600000|100%| S|CS|TAMS 0x00000000ae500000, 0x00000000ae500000| Complete 
| 230|0x00000000ae600000, 0x00000000ae700000, 0x00000000ae700000|100%| S|CS|TAMS 0x00000000ae600000, 0x00000000ae600000| Complete 
| 231|0x00000000ae700000, 0x00000000ae700000, 0x00000000ae800000|  0%| F|  |TAMS 0x00000000ae700000, 0x00000000ae700000| Untracked 
| 232|0x00000000ae800000, 0x00000000ae800000, 0x00000000ae900000|  0%| F|  |TAMS 0x00000000ae800000, 0x00000000ae800000| Untracked 
| 233|0x00000000ae900000, 0x00000000ae900000, 0x00000000aea00000|  0%| F|  |TAMS 0x00000000ae900000, 0x00000000ae900000| Untracked 
| 234|0x00000000aea00000, 0x00000000aea00000, 0x00000000aeb00000|  0%| F|  |TAMS 0x00000000aea00000, 0x00000000aea00000| Untracked 
| 235|0x00000000aeb00000, 0x00000000aeb00000, 0x00000000aec00000|  0%| F|  |TAMS 0x00000000aeb00000, 0x00000000aeb00000| Untracked 
| 236|0x00000000aec00000, 0x00000000aec00000, 0x00000000aed00000|  0%| F|  |TAMS 0x00000000aec00000, 0x00000000aec00000| Untracked 
| 237|0x00000000aed00000, 0x00000000aed00000, 0x00000000aee00000|  0%| F|  |TAMS 0x00000000aed00000, 0x00000000aed00000| Untracked 
| 238|0x00000000aee00000, 0x00000000aee00000, 0x00000000aef00000|  0%| F|  |TAMS 0x00000000aee00000, 0x00000000aee00000| Untracked 
| 239|0x00000000aef00000, 0x00000000aef00000, 0x00000000af000000|  0%| F|  |TAMS 0x00000000aef00000, 0x00000000aef00000| Untracked 
| 240|0x00000000af000000, 0x00000000af000000, 0x00000000af100000|  0%| F|  |TAMS 0x00000000af000000, 0x00000000af000000| Untracked 
| 241|0x00000000af100000, 0x00000000af100000, 0x00000000af200000|  0%| F|  |TAMS 0x00000000af100000, 0x00000000af100000| Untracked 
| 242|0x00000000af200000, 0x00000000af200000, 0x00000000af300000|  0%| F|  |TAMS 0x00000000af200000, 0x00000000af200000| Untracked 
| 243|0x00000000af300000, 0x00000000af300000, 0x00000000af400000|  0%| F|  |TAMS 0x00000000af300000, 0x00000000af300000| Untracked 
| 244|0x00000000af400000, 0x00000000af400000, 0x00000000af500000|  0%| F|  |TAMS 0x00000000af400000, 0x00000000af400000| Untracked 
| 245|0x00000000af500000, 0x00000000af500000, 0x00000000af600000|  0%| F|  |TAMS 0x00000000af500000, 0x00000000af500000| Untracked 
| 246|0x00000000af600000, 0x00000000af600000, 0x00000000af700000|  0%| F|  |TAMS 0x00000000af600000, 0x00000000af600000| Untracked 
| 247|0x00000000af700000, 0x00000000af700000, 0x00000000af800000|  0%| F|  |TAMS 0x00000000af700000, 0x00000000af700000| Untracked 
| 248|0x00000000af800000, 0x00000000af800000, 0x00000000af900000|  0%| F|  |TAMS 0x00000000af800000, 0x00000000af800000| Untracked 
| 249|0x00000000af900000, 0x00000000af900000, 0x00000000afa00000|  0%| F|  |TAMS 0x00000000af900000, 0x00000000af900000| Untracked 
| 250|0x00000000afa00000, 0x00000000afa00000, 0x00000000afb00000|  0%| F|  |TAMS 0x00000000afa00000, 0x00000000afa00000| Untracked 
| 251|0x00000000afb00000, 0x00000000afb00000, 0x00000000afc00000|  0%| F|  |TAMS 0x00000000afb00000, 0x00000000afb00000| Untracked 
| 252|0x00000000afc00000, 0x00000000afc00000, 0x00000000afd00000|  0%| F|  |TAMS 0x00000000afc00000, 0x00000000afc00000| Untracked 
| 253|0x00000000afd00000, 0x00000000afd00000, 0x00000000afe00000|  0%| F|  |TAMS 0x00000000afd00000, 0x00000000afd00000| Untracked 
| 254|0x00000000afe00000, 0x00000000afe00000, 0x00000000aff00000|  0%| F|  |TAMS 0x00000000afe00000, 0x00000000afe00000| Untracked 
| 255|0x00000000aff00000, 0x00000000aff00000, 0x00000000b0000000|  0%| F|  |TAMS 0x00000000aff00000, 0x00000000aff00000| Untracked 
| 256|0x00000000b0000000, 0x00000000b0000000, 0x00000000b0100000|  0%| F|  |TAMS 0x00000000b0000000, 0x00000000b0000000| Untracked 
| 257|0x00000000b0100000, 0x00000000b0100000, 0x00000000b0200000|  0%| F|  |TAMS 0x00000000b0100000, 0x00000000b0100000| Untracked 
| 258|0x00000000b0200000, 0x00000000b0200000, 0x00000000b0300000|  0%| F|  |TAMS 0x00000000b0200000, 0x00000000b0200000| Untracked 
| 259|0x00000000b0300000, 0x00000000b0300000, 0x00000000b0400000|  0%| F|  |TAMS 0x00000000b0300000, 0x00000000b0300000| Untracked 
| 260|0x00000000b0400000, 0x00000000b0400000, 0x00000000b0500000|  0%| F|  |TAMS 0x00000000b0400000, 0x00000000b0400000| Untracked 
| 261|0x00000000b0500000, 0x00000000b0500000, 0x00000000b0600000|  0%| F|  |TAMS 0x00000000b0500000, 0x00000000b0500000| Untracked 
| 262|0x00000000b0600000, 0x00000000b0600000, 0x00000000b0700000|  0%| F|  |TAMS 0x00000000b0600000, 0x00000000b0600000| Untracked 
| 263|0x00000000b0700000, 0x00000000b0700000, 0x00000000b0800000|  0%| F|  |TAMS 0x00000000b0700000, 0x00000000b0700000| Untracked 
| 264|0x00000000b0800000, 0x00000000b0800000, 0x00000000b0900000|  0%| F|  |TAMS 0x00000000b0800000, 0x00000000b0800000| Untracked 
| 265|0x00000000b0900000, 0x00000000b0900000, 0x00000000b0a00000|  0%| F|  |TAMS 0x00000000b0900000, 0x00000000b0900000| Untracked 
| 266|0x00000000b0a00000, 0x00000000b0a00000, 0x00000000b0b00000|  0%| F|  |TAMS 0x00000000b0a00000, 0x00000000b0a00000| Untracked 
| 267|0x00000000b0b00000, 0x00000000b0b00000, 0x00000000b0c00000|  0%| F|  |TAMS 0x00000000b0b00000, 0x00000000b0b00000| Untracked 
| 268|0x00000000b0c00000, 0x00000000b0c00000, 0x00000000b0d00000|  0%| F|  |TAMS 0x00000000b0c00000, 0x00000000b0c00000| Untracked 

Card table byte_map: [0x000002754a830000,0x000002754ab30000] _byte_map_base: 0x000002754a330000

Marking Bits (Prev, Next): (CMBitMap*) 0x00000275357f9060, (CMBitMap*) 0x00000275357f9028
 Prev Bits: [0x000002754c630000, 0x000002754de30000)
 Next Bits: [0x000002754ae30000, 0x000002754c630000)

Polling page: 0x00000275358a0000

Metaspace:

Usage:
  Non-class:    141.86 MB capacity,   138.16 MB ( 97%) used,     3.15 MB (  2%) free+waste,   555.19 KB ( <1%) overhead. 
      Class:     21.56 MB capacity,    19.61 MB ( 91%) used,     1.70 MB (  8%) free+waste,   252.81 KB (  1%) overhead. 
       Both:    163.42 MB capacity,   157.77 MB ( 97%) used,     4.85 MB (  3%) free+waste,   808.00 KB ( <1%) overhead. 

Virtual space:
  Non-class space:      144.00 MB reserved,     142.08 MB ( 99%) committed 
      Class space:        1.00 GB reserved,      21.63 MB (  2%) committed 
             Both:        1.14 GB reserved,     163.70 MB ( 14%) committed 

Chunk freelists:
   Non-Class:  97.00 KB
       Class:  70.00 KB
        Both:  167.00 KB

MaxMetaspaceSize: 17179869184.00 GB
CompressedClassSpaceSize: 1.00 GB

CodeHeap 'non-profiled nmethods': size=120000Kb used=21011Kb max_used=21465Kb free=98988Kb
 bounds [0x0000027542590000, 0x0000027543a90000, 0x0000027549ac0000]
CodeHeap 'profiled nmethods': size=120000Kb used=54537Kb max_used=54537Kb free=65462Kb
 bounds [0x000002753b060000, 0x000002753e5e0000, 0x0000027542590000]
CodeHeap 'non-nmethods': size=5760Kb used=2402Kb max_used=2456Kb free=3357Kb
 bounds [0x000002753aac0000, 0x000002753ad30000, 0x000002753b060000]
 total_blobs=26369 nmethods=25318 adapters=961
 compilation: enabled
              stopped_count=0, restarted_count=0
 full_count=0

Compilation events (20 events):
Event: 6266.370 Thread 0x000002755090d000 nmethod 29860 0x000002753e5c1b10 code [0x000002753e5c2360, 0x000002753e5c5038]
Event: 6266.370 Thread 0x000002755090d000 29870       2       org.gradle.execution.plan.DefaultExecutionPlan::selectNext (232 bytes)
Event: 6266.374 Thread 0x000002755090d000 nmethod 29870 0x000002753e5c6e10 code [0x000002753e5c7160, 0x000002753e5c7e18]
Event: 6266.374 Thread 0x000002755090d000 29866 %     3       com.android.tools.r8.ir.optimize.Z::a @ 55 (425 bytes)
Event: 6266.385 Thread 0x000002755090d000 nmethod 29866% 0x000002753e5c8690 code [0x000002753e5c8e20, 0x000002753e5cdf18]
Event: 6266.385 Thread 0x000002755090d000 29874       2       java.util.function.Predicate$$Lambda$95/0x0000000100221c40::test (13 bytes)
Event: 6266.386 Thread 0x000002755090d000 nmethod 29874 0x000002753e5cf990 code [0x000002753e5cfb60, 0x000002753e5cfd58]
Event: 6266.386 Thread 0x000002755090d000 29863       2       com.android.tools.r8.ir.optimize.Z::a (1306 bytes)
Event: 6266.411 Thread 0x000002755090d000 nmethod 29863 0x000002753e5cfe90 code [0x000002753e5d08e0, 0x000002753e5d56a8]
Event: 6266.411 Thread 0x000002755090d000 29883       2       java.lang.String::indexOf (18 bytes)
Event: 6266.412 Thread 0x000002755090d000 nmethod 29883 0x000002753e5d8c10 code [0x000002753e5d8dc0, 0x000002753e5d8f08]
Event: 6266.412 Thread 0x000002755090d000 29884       2       sun.nio.fs.WindowsPath::getFileName (87 bytes)
Event: 6266.414 Thread 0x000002755090d000 nmethod 29884 0x000002753e5d9010 code [0x000002753e5d9200, 0x000002753e5d9688]
Event: 6266.414 Thread 0x000002755090d000 29898       2       kotlin.text.StringsKt__StringsKt::contains$default (15 bytes)
Event: 6266.414 Thread 0x000002755090d000 nmethod 29898 0x000002753e5d9910 code [0x000002753e5d9ac0, 0x000002753e5d9bc8]
Event: 6266.415 Thread 0x000002755090d000 29901       2       kotlin.text.StringsKt__StringsKt::indexOf (65 bytes)
Event: 6266.416 Thread 0x000002755090d000 nmethod 29901 0x000002753e5d9c90 code [0x000002753e5d9e80, 0x000002753e5da148]
Event: 6266.416 Thread 0x000002755090d000 29879       2       kotlin.text.StringsKt__StringsKt::contains (70 bytes)
Event: 6266.416 Thread 0x000002755090d000 nmethod 29879 0x000002753e5da390 code [0x000002753e5da580, 0x000002753e5da828]
Event: 6266.417 Thread 0x000002755090d000 29904       3       com.android.tools.r8.ir.conversion.N::a (3075 bytes)

GC Heap History (20 events):
Event: 6264.038 GC heap after
{Heap after GC invocations=136 (full 0):
 garbage-first heap   total 275456K, used 169409K [0x00000000a0000000, 0x0000000100000000)
  region size 1024K, 9 young (9216K), 9 survivors (9216K)
 Metaspace       used 152906K, capacity 158332K, committed 158672K, reserved 1187840K
  class space    used 18918K, capacity 20758K, committed 20864K, reserved 1048576K
}
Event: 6264.043 GC heap before
{Heap before GC invocations=136 (full 0):
 garbage-first heap   total 275456K, used 173505K [0x00000000a0000000, 0x0000000100000000)
  region size 1024K, 13 young (13312K), 9 survivors (9216K)
 Metaspace       used 152971K, capacity 158428K, committed 158672K, reserved 1187840K
  class space    used 18930K, capacity 20790K, committed 20864K, reserved 1048576K
}
Event: 6264.051 GC heap after
{Heap after GC invocations=137 (full 0):
 garbage-first heap   total 275456K, used 170427K [0x00000000a0000000, 0x0000000100000000)
  region size 1024K, 2 young (2048K), 2 survivors (2048K)
 Metaspace       used 152971K, capacity 158428K, committed 158672K, reserved 1187840K
  class space    used 18930K, capacity 20790K, committed 20864K, reserved 1048576K
}
Event: 6264.191 GC heap before
{Heap before GC invocations=137 (full 0):
 garbage-first heap   total 275456K, used 228795K [0x00000000a0000000, 0x0000000100000000)
  region size 1024K, 60 young (61440K), 2 survivors (2048K)
 Metaspace       used 154602K, capacity 160055K, committed 160208K, reserved 1187840K
  class space    used 19166K, capacity 21012K, committed 21120K, reserved 1048576K
}
Event: 6264.201 GC heap after
{Heap after GC invocations=138 (full 0):
 garbage-first heap   total 275456K, used 176560K [0x00000000a0000000, 0x0000000100000000)
  region size 1024K, 8 young (8192K), 8 survivors (8192K)
 Metaspace       used 154602K, capacity 160055K, committed 160208K, reserved 1187840K
  class space    used 19166K, capacity 21012K, committed 21120K, reserved 1048576K
}
Event: 6264.565 GC heap before
{Heap before GC invocations=138 (full 0):
 garbage-first heap   total 275456K, used 229808K [0x00000000a0000000, 0x0000000100000000)
  region size 1024K, 61 young (62464K), 8 survivors (8192K)
 Metaspace       used 156937K, capacity 162529K, committed 162768K, reserved 1189888K
  class space    used 19551K, capacity 21506K, committed 21632K, reserved 1048576K
}
Event: 6264.591 GC heap after
{Heap after GC invocations=139 (full 0):
 garbage-first heap   total 275456K, used 183456K [0x00000000a0000000, 0x0000000100000000)
  region size 1024K, 8 young (8192K), 8 survivors (8192K)
 Metaspace       used 156937K, capacity 162529K, committed 162768K, reserved 1189888K
  class space    used 19551K, capacity 21506K, committed 21632K, reserved 1048576K
}
Event: 6264.940 GC heap before
{Heap before GC invocations=140 (full 0):
 garbage-first heap   total 275456K, used 229536K [0x00000000a0000000, 0x0000000100000000)
  region size 1024K, 54 young (55296K), 8 survivors (8192K)
 Metaspace       used 158900K, capacity 164630K, committed 164816K, reserved 1191936K
  class space    used 19839K, capacity 21835K, committed 21888K, reserved 1048576K
}
Event: 6264.954 GC heap after
{Heap after GC invocations=141 (full 0):
 garbage-first heap   total 275456K, used 191128K [0x00000000a0000000, 0x0000000100000000)
  region size 1024K, 7 young (7168K), 7 survivors (7168K)
 Metaspace       used 158900K, capacity 164630K, committed 164816K, reserved 1191936K
  class space    used 19839K, capacity 21835K, committed 21888K, reserved 1048576K
}
Event: 6264.991 GC heap before
{Heap before GC invocations=141 (full 0):
 garbage-first heap   total 275456K, used 197272K [0x00000000a0000000, 0x0000000100000000)
  region size 1024K, 13 young (13312K), 7 survivors (7168K)
 Metaspace       used 159033K, capacity 164765K, committed 164816K, reserved 1191936K
  class space    used 19857K, capacity 21837K, committed 21888K, reserved 1048576K
}
Event: 6265.009 GC heap after
{Heap after GC invocations=142 (full 0):
 garbage-first heap   total 275456K, used 192013K [0x00000000a0000000, 0x0000000100000000)
  region size 1024K, 2 young (2048K), 2 survivors (2048K)
 Metaspace       used 159033K, capacity 164765K, committed 164816K, reserved 1191936K
  class space    used 19857K, capacity 21837K, committed 21888K, reserved 1048576K
}
Event: 6265.180 GC heap before
{Heap before GC invocations=142 (full 0):
 garbage-first heap   total 275456K, used 230925K [0x00000000a0000000, 0x0000000100000000)
  region size 1024K, 41 young (41984K), 2 survivors (2048K)
 Metaspace       used 159917K, capacity 165746K, committed 165968K, reserved 1193984K
  class space    used 19964K, capacity 22012K, committed 22016K, reserved 1048576K
}
Event: 6265.189 GC heap after
{Heap after GC invocations=143 (full 0):
 garbage-first heap   total 275456K, used 195217K [0x00000000a0000000, 0x0000000100000000)
  region size 1024K, 5 young (5120K), 5 survivors (5120K)
 Metaspace       used 159917K, capacity 165746K, committed 165968K, reserved 1193984K
  class space    used 19964K, capacity 22012K, committed 22016K, reserved 1048576K
}
Event: 6265.614 GC heap before
{Heap before GC invocations=143 (full 0):
 garbage-first heap   total 275456K, used 233105K [0x00000000a0000000, 0x0000000100000000)
  region size 1024K, 43 young (44032K), 5 survivors (5120K)
 Metaspace       used 160183K, capacity 166034K, committed 166224K, reserved 1193984K
  class space    used 19966K, capacity 22015K, committed 22016K, reserved 1048576K
}
Event: 6265.629 GC heap after
{Heap after GC invocations=144 (full 0):
 garbage-first heap   total 275456K, used 197976K [0x00000000a0000000, 0x0000000100000000)
  region size 1024K, 4 young (4096K), 4 survivors (4096K)
 Metaspace       used 160183K, capacity 166034K, committed 166224K, reserved 1193984K
  class space    used 19966K, capacity 22015K, committed 22016K, reserved 1048576K
}
Event: 6265.958 GC heap before
{Heap before GC invocations=145 (full 0):
 garbage-first heap   total 275456K, used 233816K [0x00000000a0000000, 0x0000000100000000)
  region size 1024K, 40 young (40960K), 4 survivors (4096K)
 Metaspace       used 160634K, capacity 166416K, committed 166864K, reserved 1193984K
  class space    used 19937K, capacity 21941K, committed 22144K, reserved 1048576K
}
Event: 6265.965 GC heap after
{Heap after GC invocations=146 (full 0):
 garbage-first heap   total 275456K, used 200244K [0x00000000a0000000, 0x0000000100000000)
  region size 1024K, 4 young (4096K), 4 survivors (4096K)
 Metaspace       used 160634K, capacity 166416K, committed 166864K, reserved 1193984K
  class space    used 19937K, capacity 21941K, committed 22144K, reserved 1048576K
}
Event: 6265.994 GC heap before
{Heap before GC invocations=146 (full 0):
 garbage-first heap   total 275456K, used 208436K [0x00000000a0000000, 0x0000000100000000)
  region size 1024K, 13 young (13312K), 4 survivors (4096K)
 Metaspace       used 160694K, capacity 166483K, committed 166864K, reserved 1193984K
  class space    used 19951K, capacity 21942K, committed 22144K, reserved 1048576K
}
Event: 6266.025 GC heap after
{Heap after GC invocations=147 (full 0):
 garbage-first heap   total 275456K, used 198146K [0x00000000a0000000, 0x0000000100000000)
  region size 1024K, 2 young (2048K), 2 survivors (2048K)
 Metaspace       used 160694K, capacity 166483K, committed 166864K, reserved 1193984K
  class space    used 19951K, capacity 21942K, committed 22144K, reserved 1048576K
}
Event: 6266.430 GC heap before
{Heap before GC invocations=147 (full 0):
 garbage-first heap   total 275456K, used 235010K [0x00000000a0000000, 0x0000000100000000)
  region size 1024K, 38 young (38912K), 2 survivors (2048K)
 Metaspace       used 161559K, capacity 167337K, committed 167632K, reserved 1196032K
  class space    used 20080K, capacity 22074K, committed 22144K, reserved 1048576K
}

Deoptimization events (20 events):
Event: 6266.382 Thread 0x000002756371c000 Uncommon trap: trap_request=0xffffff4d fr.pc=0x0000027542e467a0 relative=0x0000000000000640
Event: 6266.382 Thread 0x000002756371c000 Uncommon trap: reason=unstable_if action=reinterpret pc=0x0000027542e467a0 method=java.lang.String.indexOf([BBILjava/lang/String;I)I @ 45 c2
Event: 6266.382 Thread 0x000002756371c000 DEOPT PACKING pc=0x0000027542e467a0 sp=0x000000cd47dfd660
Event: 6266.382 Thread 0x000002756371c000 DEOPT UNPACKING pc=0x000002753aae78af sp=0x000000cd47dfd4e8 mode 2
Event: 6266.385 Thread 0x0000027563720000 Uncommon trap: trap_request=0xffffffc6 fr.pc=0x00000275439f5af4 relative=0x0000000000000674
Event: 6266.385 Thread 0x0000027563720000 Uncommon trap: reason=bimorphic_or_optimized_type_check action=maybe_recompile pc=0x00000275439f5af4 method=java.util.ArrayList.equalsRange(Ljava/util/List;II)Z @ 22 c2
Event: 6266.385 Thread 0x0000027563720000 DEOPT PACKING pc=0x00000275439f5af4 sp=0x000000cd47efdde0
Event: 6266.385 Thread 0x0000027563720000 DEOPT UNPACKING pc=0x000002753aae78af sp=0x000000cd47efdd90 mode 2
Event: 6266.388 Thread 0x000002755beba800 Uncommon trap: trap_request=0xffffffc6 fr.pc=0x00000275431f526c relative=0x000000000000158c
Event: 6266.388 Thread 0x000002755beba800 Uncommon trap: reason=bimorphic_or_optimized_type_check action=maybe_recompile pc=0x00000275431f526c method=org.gradle.internal.vfs.impl.DefaultSnapshotHierarchy.getMetadata(Ljava/lang/String;)Ljava/util/Optional; @ 9 c2
Event: 6266.388 Thread 0x000002755beba800 DEOPT PACKING pc=0x00000275431f526c sp=0x000000cd468fca20
Event: 6266.388 Thread 0x000002755beba800 DEOPT UNPACKING pc=0x000002753aae78af sp=0x000000cd468fc930 mode 2
Event: 6266.389 Thread 0x000002756371c000 Uncommon trap: trap_request=0xffffff4d fr.pc=0x0000027542b85274 relative=0x0000000000000634
Event: 6266.389 Thread 0x000002756371c000 Uncommon trap: reason=unstable_if action=reinterpret pc=0x0000027542b85274 method=java.lang.String.indexOf([BBILjava/lang/String;I)I @ 54 c2
Event: 6266.389 Thread 0x000002756371c000 DEOPT PACKING pc=0x0000027542b85274 sp=0x000000cd47dfd640
Event: 6266.389 Thread 0x000002756371c000 DEOPT UNPACKING pc=0x000002753aae78af sp=0x000000cd47dfd550 mode 2
Event: 6266.394 Thread 0x000002756371c000 DEOPT PACKING pc=0x000002753dc7cd69 sp=0x000000cd47dfdcc0
Event: 6266.394 Thread 0x000002756371c000 DEOPT UNPACKING pc=0x000002753aae76ce sp=0x000000cd47dfd1c8 mode 0
Event: 6266.414 Thread 0x000002755555f800 DEOPT PACKING pc=0x000002753e39014f sp=0x000000cd43cf74e0
Event: 6266.414 Thread 0x000002755555f800 DEOPT UNPACKING pc=0x000002753aae76ce sp=0x000000cd43cf6d88 mode 0

Classes redefined (0 events):
No events

Internal exceptions (20 events):
Event: 6265.067 Thread 0x0000027552cb5800 Exception <a 'sun/nio/fs/WindowsException'{0x00000000affeebf8}> (0x00000000affeebf8) thrown at [./src/hotspot/share/prims/jni.cpp, line 615]
Event: 6265.067 Thread 0x0000027552cb5800 Exception <a 'sun/nio/fs/WindowsException'{0x00000000affef8d0}> (0x00000000affef8d0) thrown at [./src/hotspot/share/prims/jni.cpp, line 615]
Event: 6265.067 Thread 0x0000027552cb5800 Exception <a 'sun/nio/fs/WindowsException'{0x00000000affefa18}> (0x00000000affefa18) thrown at [./src/hotspot/share/prims/jni.cpp, line 615]
Event: 6265.067 Thread 0x0000027552cb5800 Exception <a 'sun/nio/fs/WindowsException'{0x00000000afff06f0}> (0x00000000afff06f0) thrown at [./src/hotspot/share/prims/jni.cpp, line 615]
Event: 6265.115 Thread 0x000002756d303800 Exception <a 'sun/nio/fs/WindowsException'{0x00000000af6434f8}> (0x00000000af6434f8) thrown at [./src/hotspot/share/prims/jni.cpp, line 615]
Event: 6265.119 Thread 0x000002755beba800 Exception <a 'java/lang/NoSuchMethodError'{0x00000000af6d1e80}: 'void java.lang.invoke.DirectMethodHandle$Holder.invokeStatic(java.lang.Object, int, java.lang.Object)'> (0x00000000af6d1e80) thrown at [./src/hotspot/share/interpreter/linkResolver.cpp, line 773]
Event: 6265.141 Thread 0x000002756d303800 Exception <a 'sun/nio/fs/WindowsException'{0x00000000aeed35f0}> (0x00000000aeed35f0) thrown at [./src/hotspot/share/prims/jni.cpp, line 615]
Event: 6265.141 Thread 0x000002756d303800 Exception <a 'sun/nio/fs/WindowsException'{0x00000000aeed3d68}> (0x00000000aeed3d68) thrown at [./src/hotspot/share/prims/jni.cpp, line 615]
Event: 6265.141 Thread 0x000002756d303800 Exception <a 'sun/nio/fs/WindowsException'{0x00000000aeed3ec8}> (0x00000000aeed3ec8) thrown at [./src/hotspot/share/prims/jni.cpp, line 615]
Event: 6265.141 Thread 0x000002756d303800 Exception <a 'sun/nio/fs/WindowsException'{0x00000000aeed4ba8}> (0x00000000aeed4ba8) thrown at [./src/hotspot/share/prims/jni.cpp, line 615]
Event: 6265.141 Thread 0x000002756d303800 Exception <a 'sun/nio/fs/WindowsException'{0x00000000aeed4cf8}> (0x00000000aeed4cf8) thrown at [./src/hotspot/share/prims/jni.cpp, line 615]
Event: 6265.141 Thread 0x000002756d303800 Exception <a 'sun/nio/fs/WindowsException'{0x00000000aed3dc70}> (0x00000000aed3dc70) thrown at [./src/hotspot/share/prims/jni.cpp, line 615]
Event: 6265.179 Thread 0x000002756d303800 Exception <a 'sun/nio/fs/WindowsException'{0x00000000ae5d2080}> (0x00000000ae5d2080) thrown at [./src/hotspot/share/prims/jni.cpp, line 615]
Event: 6265.256 Thread 0x000002755beba800 Exception <a 'sun/nio/fs/WindowsException'{0x00000000b0174b38}> (0x00000000b0174b38) thrown at [./src/hotspot/share/prims/jni.cpp, line 615]
Event: 6265.894 Thread 0x000002755bec2800 Exception <a 'sun/nio/fs/WindowsException'{0x00000000af7406c8}> (0x00000000af7406c8) thrown at [./src/hotspot/share/prims/jni.cpp, line 615]
Event: 6265.894 Thread 0x000002755bec2800 Exception <a 'sun/nio/fs/WindowsException'{0x00000000af7412b8}> (0x00000000af7412b8) thrown at [./src/hotspot/share/prims/jni.cpp, line 615]
Event: 6265.905 Thread 0x000002755bec2800 Exception <a 'java/lang/NoSuchMethodError'{0x00000000af558a58}: <clinit>> (0x00000000af558a58) thrown at [./src/hotspot/share/prims/jni.cpp, line 1362]
Event: 6266.123 Thread 0x000002755bec1000 Implicit null exception at 0x00000275437efa21 to 0x00000275437f5ba8
Event: 6266.123 Thread 0x000002755bec1000 Implicit null exception at 0x00000275437efa21 to 0x00000275437f5ba8
Event: 6266.123 Thread 0x000002755bec1000 Implicit null exception at 0x00000275437efa21 to 0x00000275437f5ba8

Events (20 events):
Event: 6266.390 loading class com/android/tools/r8/experimental/graphinfo/GraphConsumer done
Event: 6266.392 loading class com/android/tools/r8/utils/z
Event: 6266.392 loading class com/android/tools/r8/utils/z done
Event: 6266.394 loading class com/android/tools/r8/utils/z
Event: 6266.394 loading class com/android/tools/r8/utils/z done
Event: 6266.394 loading class com/android/tools/r8/utils/z
Event: 6266.394 loading class com/android/tools/r8/utils/z done
Event: 6266.399 loading class com/android/tools/r8/code/g
Event: 6266.399 loading class com/android/tools/r8/code/g done
Event: 6266.401 loading class com/android/tools/r8/code/e
Event: 6266.401 loading class com/android/tools/r8/code/e done
Event: 6266.402 loading class com/android/tools/r8/code/b
Event: 6266.402 loading class com/android/tools/r8/code/b done
Event: 6266.403 loading class com/android/tools/r8/utils/C0
Event: 6266.403 loading class com/android/tools/r8/utils/C0 done
Event: 6266.404 loading class com/android/tools/r8/code/i
Event: 6266.404 loading class com/android/tools/r8/code/i done
Event: 6266.405 loading class com/android/tools/r8/code/h
Event: 6266.405 loading class com/android/tools/r8/code/h done
Event: 6266.430 Executing VM operation: G1CollectForAllocation


Dynamic libraries:
0x00007ff7dd560000 - 0x00007ff7dd56a000 	C:\Program Files\Android\Android Studio\jre\bin\java.exe
0x00007ff88a030000 - 0x00007ff88a225000 	C:\Windows\SYSTEM32\ntdll.dll
0x00007ff889f30000 - 0x00007ff889fee000 	C:\Windows\System32\KERNEL32.DLL
0x00007ff887be0000 - 0x00007ff887ea8000 	C:\Windows\System32\KERNELBASE.dll
0x00007ff887ab0000 - 0x00007ff887bb0000 	C:\Windows\System32\ucrtbase.dll
0x00007ff849cc0000 - 0x00007ff849cd9000 	C:\Program Files\Android\Android Studio\jre\bin\jli.dll
0x00007ff85f230000 - 0x00007ff85f247000 	C:\Program Files\Android\Android Studio\jre\bin\VCRUNTIME140.dll
0x00007ff888b20000 - 0x00007ff888cc0000 	C:\Windows\System32\USER32.dll
0x00007ff873d40000 - 0x00007ff873fda000 	C:\Windows\WinSxS\amd64_microsoft.windows.common-controls_6595b64144ccf1df_6.0.19041.1110_none_60b5254171f9507e\COMCTL32.dll
0x00007ff887bb0000 - 0x00007ff887bd2000 	C:\Windows\System32\win32u.dll
0x00007ff888a80000 - 0x00007ff888b1e000 	C:\Windows\System32\msvcrt.dll
0x00007ff889240000 - 0x00007ff88926a000 	C:\Windows\System32\GDI32.dll
0x00007ff8879a0000 - 0x00007ff887aab000 	C:\Windows\System32\gdi32full.dll
0x00007ff887f60000 - 0x00007ff887ffd000 	C:\Windows\System32\msvcp_win.dll
0x00007ff888df0000 - 0x00007ff888e20000 	C:\Windows\System32\IMM32.DLL
0x00007ff835e30000 - 0x00007ff835ecd000 	C:\Program Files\Android\Android Studio\jre\bin\msvcp140.dll
0x00007ff81daf0000 - 0x00007ff81e5bf000 	C:\Program Files\Android\Android Studio\jre\bin\server\jvm.dll
0x00007ff888e20000 - 0x00007ff888ece000 	C:\Windows\System32\ADVAPI32.dll
0x00007ff888720000 - 0x00007ff8887bc000 	C:\Windows\System32\sechost.dll
0x00007ff888cc0000 - 0x00007ff888de5000 	C:\Windows\System32\RPCRT4.dll
0x00007ff8882a0000 - 0x00007ff8882a8000 	C:\Windows\System32\PSAPI.DLL
0x00007ff870800000 - 0x00007ff870827000 	C:\Windows\SYSTEM32\WINMM.dll
0x00007ff8705f0000 - 0x00007ff8705f9000 	C:\Windows\SYSTEM32\WSOCK32.dll
0x00007ff8807f0000 - 0x00007ff8807fa000 	C:\Windows\SYSTEM32\VERSION.dll
0x00007ff8893a0000 - 0x00007ff88940b000 	C:\Windows\System32\WS2_32.dll
0x00007ff885ff0000 - 0x00007ff886002000 	C:\Windows\SYSTEM32\kernel.appcore.dll
0x00007ff849ca0000 - 0x00007ff849cb1000 	C:\Program Files\Android\Android Studio\jre\bin\verify.dll
0x00007ff885c90000 - 0x00007ff885e74000 	C:\Windows\SYSTEM32\DBGHELP.DLL
0x00007ff8707a0000 - 0x00007ff8707cc000 	C:\Windows\SYSTEM32\dbgcore.DLL
0x00007ff888000000 - 0x00007ff888082000 	C:\Windows\System32\bcryptPrimitives.dll
0x00007ff837df0000 - 0x00007ff837e19000 	C:\Program Files\Android\Android Studio\jre\bin\java.dll
0x00007ff865470000 - 0x00007ff86547b000 	C:\Program Files\Android\Android Studio\jre\bin\jimage.dll
0x00007ff849c80000 - 0x00007ff849c98000 	C:\Program Files\Android\Android Studio\jre\bin\zip.dll
0x00007ff889780000 - 0x00007ff889ec4000 	C:\Windows\System32\SHELL32.dll
0x00007ff8853e0000 - 0x00007ff885b74000 	C:\Windows\SYSTEM32\windows.storage.dll
0x00007ff888ee0000 - 0x00007ff889234000 	C:\Windows\System32\combase.dll
0x00007ff8871c0000 - 0x00007ff8871ec000 	C:\Windows\SYSTEM32\Wldp.dll
0x00007ff8888f0000 - 0x00007ff88899d000 	C:\Windows\System32\SHCORE.dll
0x00007ff8887c0000 - 0x00007ff888815000 	C:\Windows\System32\shlwapi.dll
0x00007ff887690000 - 0x00007ff8876af000 	C:\Windows\SYSTEM32\profapi.dll
0x00007ff83b9d0000 - 0x00007ff83b9ea000 	C:\Program Files\Android\Android Studio\jre\bin\net.dll
0x00007ff87cf00000 - 0x00007ff87d00a000 	C:\Windows\SYSTEM32\WINHTTP.dll
0x00007ff886f20000 - 0x00007ff886f8a000 	C:\Windows\system32\mswsock.dll
0x00007ff837dd0000 - 0x00007ff837de4000 	C:\Program Files\Android\Android Studio\jre\bin\nio.dll
0x00007ff87d2a0000 - 0x00007ff87d2c7000 	C:\Users\Chompoo\.gradle\native\481b90ef2c2b5ab96622bab5346fdaaafe5c91895d4d4de1c4fe4b2e89a8011f\windows-amd64\native-platform.dll
0x00007ff864fe0000 - 0x00007ff864fea000 	C:\Program Files\Android\Android Studio\jre\bin\management.dll
0x00007ff863750000 - 0x00007ff86375c000 	C:\Program Files\Android\Android Studio\jre\bin\management_ext.dll
0x00007ff887120000 - 0x00007ff887138000 	C:\Windows\SYSTEM32\CRYPTSP.dll
0x00007ff886830000 - 0x00007ff886864000 	C:\Windows\system32\rsaenh.dll
0x00007ff887810000 - 0x00007ff887837000 	C:\Windows\System32\bcrypt.dll
0x00007ff887650000 - 0x00007ff88767e000 	C:\Windows\SYSTEM32\USERENV.dll
0x00007ff887110000 - 0x00007ff88711c000 	C:\Windows\SYSTEM32\CRYPTBASE.dll
0x00007ff886bc0000 - 0x00007ff886bfb000 	C:\Windows\SYSTEM32\IPHLPAPI.DLL
0x00007ff889410000 - 0x00007ff889418000 	C:\Windows\System32\NSI.dll
0x00007ff8800b0000 - 0x00007ff8800c7000 	C:\Windows\SYSTEM32\dhcpcsvc6.DLL
0x00007ff87f2f0000 - 0x00007ff87f30d000 	C:\Windows\SYSTEM32\dhcpcsvc.DLL
0x00007ff886c50000 - 0x00007ff886d1b000 	C:\Windows\SYSTEM32\DNSAPI.dll
0x00007ff8803a0000 - 0x00007ff8803ab000 	C:\Windows\SYSTEM32\WINNSI.DLL
0x00007ff8813b0000 - 0x00007ff8813d7000 	C:\Program Files\Android\Android Studio\jre\bin\sunec.dll
0x00007ff87b2c0000 - 0x00007ff87b2ca000 	C:\Windows\System32\rasadhlp.dll
0x00007ff87aee0000 - 0x00007ff87af5f000 	C:\Windows\System32\fwpuclnt.dll
0x00007ff886460000 - 0x00007ff886493000 	C:\Windows\SYSTEM32\ntmarta.dll
0x00007ff882380000 - 0x00007ff88239e000 	C:\Users\Chompoo\AppData\Local\Temp\native-platform16385029781303835781dir\native-platform.dll
0x00007ff882bf0000 - 0x00007ff882bf8000 	C:\Program Files\Android\Android Studio\jre\bin\rmi.dll
0x00007ff864ff0000 - 0x00007ff865007000 	C:\Windows\system32\napinsp.dll
0x00007ff864fa0000 - 0x00007ff864fbb000 	C:\Windows\system32\pnrpnsp.dll
0x00007ff882690000 - 0x00007ff8826a5000 	C:\Windows\system32\wshbth.dll
0x00007ff8830c0000 - 0x00007ff8830dd000 	C:\Windows\system32\NLAapi.dll
0x00007ff864f80000 - 0x00007ff864f92000 	C:\Windows\System32\winrnr.dll

dbghelp: loaded successfully - version: 4.0.5 - missing functions: none
symbol engine: initialized successfully - sym options: 0x614 - pdb path: .;C:\Program Files\Android\Android Studio\jre\bin;C:\Windows\SYSTEM32;C:\Windows\WinSxS\amd64_microsoft.windows.common-controls_6595b64144ccf1df_6.0.19041.1110_none_60b5254171f9507e;C:\Program Files\Android\Android Studio\jre\bin\server;C:\Users\Chompoo\.gradle\native\481b90ef2c2b5ab96622bab5346fdaaafe5c91895d4d4de1c4fe4b2e89a8011f\windows-amd64;C:\Users\Chompoo\AppData\Local\Temp\native-platform16385029781303835781dir

VM Arguments:
jvm_args: --add-opens=java.base/java.util=ALL-UNNAMED --add-opens=java.base/java.lang=ALL-UNNAMED --add-opens=java.base/java.lang.invoke=ALL-UNNAMED --add-opens=java.prefs/java.util.prefs=ALL-UNNAMED -Xmx1536M -Dfile.encoding=windows-1252 -Duser.country=US -Duser.language=en -Duser.variant 
java_command: org.gradle.launcher.daemon.bootstrap.GradleDaemon 6.4.1
java_class_path (initial): C:\Users\Chompoo\.gradle\wrapper\dists\gradle-6.4.1-all\13imxtezgn9nwzqt8rgtkunh1\gradle-6.4.1\lib\gradle-launcher-6.4.1.jar
Launcher Type: SUN_STANDARD

[Global flags]
     intx CICompilerCount                          = 4                                         {product} {ergonomic}
     uint ConcGCThreads                            = 2                                         {product} {ergonomic}
     uint G1ConcRefinementThreads                  = 8                                         {product} {ergonomic}
   size_t G1HeapRegionSize                         = 1048576                                   {product} {ergonomic}
    uintx GCDrainStackTargetSize                   = 64                                        {product} {ergonomic}
   size_t InitialHeapSize                          = 132120576                                 {product} {ergonomic}
   size_t MarkStackSize                            = 4194304                                   {product} {ergonomic}
   size_t MaxHeapSize                              = 1610612736                                {product} {command line}
   size_t MaxNewSize                               = 965738496                                 {product} {ergonomic}
   size_t MinHeapDeltaBytes                        = 1048576                                   {product} {ergonomic}
    uintx NonNMethodCodeHeapSize                   = 5836300                                {pd product} {ergonomic}
    uintx NonProfiledCodeHeapSize                  = 122910970                              {pd product} {ergonomic}
    uintx ProfiledCodeHeapSize                     = 122910970                              {pd product} {ergonomic}
    uintx ReservedCodeCacheSize                    = 251658240                              {pd product} {ergonomic}
     bool SegmentedCodeCache                       = true                                      {product} {ergonomic}
     bool UseCompressedClassPointers               = true                                 {lp64_product} {ergonomic}
     bool UseCompressedOops                        = true                                 {lp64_product} {ergonomic}
     bool UseG1GC                                  = true                                      {product} {ergonomic}
     bool UseLargePagesIndividualAllocation        = false                                  {pd product} {ergonomic}

Logging:
Log output configuration:
 #0: stdout all=warning uptime,level,tags
 #1: stderr all=off uptime,level,tags

Environment Variables:
JAVA_HOME=C:\Program Files\Android\Android Studio\jre
CLASSPATH=D:\MoblieApp\Test\balance_6206022620063\android\\gradle\wrapper\gradle-wrapper.jar
PATH=C:\Program Files (x86)\VMware\VMware Player\bin\;C:\Windows\system32;C:\Windows;C:\Windows\System32\Wbem;C:\Windows\System32\WindowsPowerShell\v1.0\;C:\Windows\System32\OpenSSH\;C:\Program Files\Git\cmd;C:\Program Files\Microsoft Network Monitor 3\;C:\Users\Chompoo\AppData\Local\Microsoft\WindowsApps;C:\Users\Chompoo\AppData\Local\Programs\Microsoft VS Code\bin;C:\src\flutter\bin;C:\Users\Chompoo\AppData\Local\Android\Sdk\tools;C:\Users\Chompoo\AppData\Local\Android\Sdk\tools\bin;C:\Users\Chompoo\AppData\Local\Android\Sdk\platform-tools;C:\Program Files (x86)\Nmap;C:\src\flutter\bin\mingit\cmd
USERNAME=Chompoo
OS=Windows_NT
PROCESSOR_IDENTIFIER=Intel64 Family 6 Model 142 Stepping 10, GenuineIntel



---------------  S Y S T E M  ---------------

OS: Windows 10 , 64 bit Build 19041 (10.0.19041.1645)
OS uptime: 0 days 2:52 hours

CPU:total 8 (initial active 8) (4 cores per cpu, 2 threads per core) family 6 model 142 stepping 10 microcode 0xea, cmov, cx8, fxsr, mmx, sse, sse2, sse3, ssse3, sse4.1, sse4.2, popcnt, avx, avx2, aes, clmul, erms, 3dnowpref, lzcnt, ht, tsc, tscinvbit, bmi1, bmi2, adx, fma

Memory: 4k page, system-wide physical 8038M (144M free)
TotalPageFile size 12045M (AvailPageFile size 79M)
current process WorkingSet (physical memory assigned to process): 681M, peak: 726M
current process commit charge ("private bytes"): 810M, peak: 955M

vm_info: OpenJDK 64-Bit Server VM (11.0.10+0-b96-7249189) for windows-amd64 JRE (11.0.10+0-b96-7249189), built on Mar 31 2021 21:44:00 by "builder" with MS VC++ 14.0 (VS2015)

END.
