#
# There is insufficient memory for the Java Runtime Environment to continue.
# Native memory allocation (malloc) failed to allocate 1006896 bytes for Chunk::new
# Possible reasons:
#   The system is out of physical RAM or swap space
#   The process is running with CompressedOops enabled, and the Java Heap may be blocking the growth of the native heap
# Possible solutions:
#   Reduce memory load on the system
#   Increase physical memory or swap space
#   Check if swap backing store is full
#   Decrease Java heap size (-Xmx/-Xms)
#   Decrease number of Java threads
#   Decrease Java thread stack sizes (-Xss)
#   Set larger code cache with -XX:ReservedCodeCacheSize=
#   JVM is running with Unscaled Compressed Oops mode in which the Java heap is
#     placed in the first 4GB address space. The Java Heap base address is the
#     maximum limit for the native heap growth. Please use -XX:HeapBaseMinAddress
#     to set the Java Heap base and to place the Java Heap above 4GB virtual address.
# This output file may be truncated or incomplete.
#
#  Out of Memory Error (./src/hotspot/share/memory/arena.cpp:197), pid=10592, tid=10032
#
# JRE version: OpenJDK Runtime Environment (11.0.10) (build 11.0.10+0-b96-7249189)
# Java VM: OpenJDK 64-Bit Server VM (11.0.10+0-b96-7249189, mixed mode, tiered, compressed oops, g1 gc, windows-amd64)
# No core dump will be written. Minidumps are not enabled by default on client versions of Windows
#

---------------  S U M M A R Y ------------

Command Line: --add-opens=java.base/java.util=ALL-UNNAMED --add-opens=java.base/java.lang=ALL-UNNAMED --add-opens=java.base/java.lang.invoke=ALL-UNNAMED --add-opens=java.prefs/java.util.prefs=ALL-UNNAMED -Xmx1536M -Dfile.encoding=windows-1252 -Duser.country=US -Duser.language=en -Duser.variant org.gradle.launcher.daemon.bootstrap.GradleDaemon 6.4.1

Host: Intel(R) Core(TM) i5-8257U CPU @ 1.40GHz, 8 cores, 7G,  Windows 10 , 64 bit Build 19041 (10.0.19041.1645)
Time: Thu May 12 12:23:35 2022 SE Asia Standard Time elapsed time: 11.983005 seconds (0d 0h 0m 11s)

---------------  T H R E A D  ---------------

Current thread (0x000001b6aee14000):  JavaThread "C2 CompilerThread1" daemon [_thread_in_native, id=10032, stack(0x0000001a0d100000,0x0000001a0d200000)]


Current CompileTask:
C2:  11983 6343       4       java.lang.reflect.AccessibleObject::checkCanSetAccessible (386 bytes)

Stack: [0x0000001a0d100000,0x0000001a0d200000]
Native frames: (J=compiled Java code, j=interpreted, Vv=VM code, C=native code)
V  [jvm.dll+0x5ecfaa]
V  [jvm.dll+0x722bd5]
V  [jvm.dll+0x72412d]
V  [jvm.dll+0x7247e3]
V  [jvm.dll+0x242928]
V  [jvm.dll+0xbc4fc]
V  [jvm.dll+0xbca0c]
V  [jvm.dll+0x352d3b]
V  [jvm.dll+0x197e0c]
V  [jvm.dll+0x1fb70e]
V  [jvm.dll+0x1fa7f4]
V  [jvm.dll+0x18354c]
V  [jvm.dll+0x208ee7]
V  [jvm.dll+0x207731]
V  [jvm.dll+0x6eb1cf]
V  [jvm.dll+0x6e3d45]
V  [jvm.dll+0x5ebe96]
C  [ucrtbase.dll+0x21bb2]
C  [KERNEL32.DLL+0x17034]
C  [ntdll.dll+0x52651]


---------------  P R O C E S S  ---------------

Threads class SMR info:
_java_thread_list=0x000001b6b1b67240, length=41, elements={
0x000001b691031000, 0x000001b6ac140000, 0x000001b6ac149000, 0x000001b6ac15a800,
0x000001b6ac15c000, 0x000001b6ac15f800, 0x000001b6ac16c800, 0x000001b6ac171000,
0x000001b6ac172800, 0x000001b6acc29800, 0x000001b6ae4bc000, 0x000001b6ae327000,
0x000001b6ae5f8800, 0x000001b6ae230800, 0x000001b6ae231000, 0x000001b6ad4d0000,
0x000001b6ae43c800, 0x000001b6ae135000, 0x000001b6ade1b800, 0x000001b6ae8a6000,
0x000001b6ae8a4800, 0x000001b6ae8a3800, 0x000001b6ae8a2800, 0x000001b6ae8a1000,
0x000001b6ae8a2000, 0x000001b6ae8a5000, 0x000001b6ae8a7000, 0x000001b6ae8a7800,
0x000001b6aeee7800, 0x000001b6aee14000, 0x000001b6aeee4800, 0x000001b6aeee6000,
0x000001b6aeee9800, 0x000001b6aeee7000, 0x000001b6aeee3800, 0x000001b6aeeea000,
0x000001b6b26f9000, 0x000001b6b26fa000, 0x000001b6b26fd800, 0x000001b6b26f8800,
0x000001b6b26fc800
}

Java Threads: ( => current thread )
  0x000001b691031000 JavaThread "main" [_thread_blocked, id=5824, stack(0x0000001a0a300000,0x0000001a0a400000)]
  0x000001b6ac140000 JavaThread "Reference Handler" daemon [_thread_blocked, id=1744, stack(0x0000001a0aa00000,0x0000001a0ab00000)]
  0x000001b6ac149000 JavaThread "Finalizer" daemon [_thread_blocked, id=1716, stack(0x0000001a0ab00000,0x0000001a0ac00000)]
  0x000001b6ac15a800 JavaThread "Signal Dispatcher" daemon [_thread_blocked, id=10044, stack(0x0000001a0ac00000,0x0000001a0ad00000)]
  0x000001b6ac15c000 JavaThread "Attach Listener" daemon [_thread_blocked, id=5280, stack(0x0000001a0ad00000,0x0000001a0ae00000)]
  0x000001b6ac15f800 JavaThread "Service Thread" daemon [_thread_blocked, id=1280, stack(0x0000001a0ae00000,0x0000001a0af00000)]
  0x000001b6ac16c800 JavaThread "C2 CompilerThread0" daemon [_thread_in_native, id=7456, stack(0x0000001a0af00000,0x0000001a0b000000)]
  0x000001b6ac171000 JavaThread "C1 CompilerThread0" daemon [_thread_blocked, id=13216, stack(0x0000001a0b000000,0x0000001a0b100000)]
  0x000001b6ac172800 JavaThread "Sweeper thread" daemon [_thread_blocked, id=11956, stack(0x0000001a0b100000,0x0000001a0b200000)]
  0x000001b6acc29800 JavaThread "Common-Cleaner" daemon [_thread_blocked, id=11616, stack(0x0000001a0b200000,0x0000001a0b300000)]
  0x000001b6ae4bc000 JavaThread "Daemon health stats" [_thread_blocked, id=3956, stack(0x0000001a0b700000,0x0000001a0b800000)]
  0x000001b6ae327000 JavaThread "Incoming local TCP Connector on port 1294" [_thread_in_native, id=548, stack(0x0000001a0b900000,0x0000001a0ba00000)]
  0x000001b6ae5f8800 JavaThread "Daemon periodic checks" [_thread_blocked, id=3300, stack(0x0000001a0ba00000,0x0000001a0bb00000)]
  0x000001b6ae230800 JavaThread "Daemon" [_thread_blocked, id=10852, stack(0x0000001a0bb00000,0x0000001a0bc00000)]
  0x000001b6ae231000 JavaThread "Handler for socket connection from /127.0.0.1:1294 to /127.0.0.1:1295" [_thread_in_native, id=4828, stack(0x0000001a0bc00000,0x0000001a0bd00000)]
  0x000001b6ad4d0000 JavaThread "Cancel handler" [_thread_blocked, id=9412, stack(0x0000001a0bd00000,0x0000001a0be00000)]
  0x000001b6ae43c800 JavaThread "Daemon worker" [_thread_in_Java, id=8560, stack(0x0000001a0be00000,0x0000001a0bf00000)]
  0x000001b6ae135000 JavaThread "Asynchronous log dispatcher for DefaultDaemonConnection: socket connection from /127.0.0.1:1294 to /127.0.0.1:1295" [_thread_blocked, id=9364, stack(0x0000001a0bf00000,0x0000001a0c000000)]
  0x000001b6ade1b800 JavaThread "Stdin handler" [_thread_blocked, id=11652, stack(0x0000001a0c000000,0x0000001a0c100000)]
  0x000001b6ae8a6000 JavaThread "Thread-8" [_thread_blocked, id=5564, stack(0x0000001a0c100000,0x0000001a0c200000)]
  0x000001b6ae8a4800 JavaThread "Cache worker for journal cache (C:\Users\Chompoo\.gradle\caches\journal-1)" [_thread_blocked, id=7360, stack(0x0000001a0c200000,0x0000001a0c300000)]
  0x000001b6ae8a3800 JavaThread "File lock request listener" [_thread_in_native, id=12828, stack(0x0000001a0c800000,0x0000001a0c900000)]
  0x000001b6ae8a2800 JavaThread "Cache worker for file hash cache (C:\Users\Chompoo\.gradle\caches\6.4.1\fileHashes)" [_thread_blocked, id=13048, stack(0x0000001a0c900000,0x0000001a0ca00000)]
  0x000001b6ae8a1000 JavaThread "File watcher consumer" daemon [_thread_blocked, id=8264, stack(0x0000001a0cb00000,0x0000001a0cc00000)]
  0x000001b6ae8a2000 JavaThread "Cache worker for file hash cache (D:\MoblieApp\Test\bmi_6206022620063\android\.gradle\6.4.1\fileHashes)" [_thread_blocked, id=264, stack(0x0000001a0cc00000,0x0000001a0cd00000)]
  0x000001b6ae8a5000 JavaThread "Cache worker for checksums cache (D:\MoblieApp\Test\bmi_6206022620063\android\.gradle\checksums)" [_thread_blocked, id=9128, stack(0x0000001a0cd00000,0x0000001a0ce00000)]
  0x000001b6ae8a7000 JavaThread "Cache worker for cache directory md-supplier (C:\Users\Chompoo\.gradle\caches\6.4.1\md-supplier)" [_thread_blocked, id=12664, stack(0x0000001a0ce00000,0x0000001a0cf00000)]
  0x000001b6ae8a7800 JavaThread "Cache worker for cache directory md-rule (C:\Users\Chompoo\.gradle\caches\6.4.1\md-rule)" [_thread_blocked, id=7968, stack(0x0000001a0cf00000,0x0000001a0d000000)]
  0x000001b6aeee7800 JavaThread "Cache worker for execution history cache (C:\Users\Chompoo\.gradle\caches\6.4.1\executionHistory)" [_thread_blocked, id=11000, stack(0x0000001a0d000000,0x0000001a0d100000)]
=>0x000001b6aee14000 JavaThread "C2 CompilerThread1" daemon [_thread_in_native, id=10032, stack(0x0000001a0d100000,0x0000001a0d200000)]
  0x000001b6aeee4800 JavaThread "Cache worker for file content cache (C:\Users\Chompoo\.gradle\caches\6.4.1\fileContent)" [_thread_blocked, id=3448, stack(0x0000001a0d200000,0x0000001a0d300000)]
  0x000001b6aeee6000 JavaThread "Build operations" [_thread_blocked, id=7656, stack(0x0000001a0d300000,0x0000001a0d400000)]
  0x000001b6aeee9800 JavaThread "Build operations Thread 2" [_thread_blocked, id=10944, stack(0x0000001a0d400000,0x0000001a0d500000)]
  0x000001b6aeee7000 JavaThread "Build operations Thread 3" [_thread_blocked, id=8496, stack(0x0000001a0d500000,0x0000001a0d600000)]
  0x000001b6aeee3800 JavaThread "Build operations Thread 4" [_thread_blocked, id=11604, stack(0x0000001a0d600000,0x0000001a0d700000)]
  0x000001b6aeeea000 JavaThread "Build operations Thread 5" [_thread_blocked, id=288, stack(0x0000001a0d700000,0x0000001a0d800000)]
  0x000001b6b26f9000 JavaThread "Build operations Thread 6" [_thread_blocked, id=11788, stack(0x0000001a0d800000,0x0000001a0d900000)]
  0x000001b6b26fa000 JavaThread "Build operations Thread 7" [_thread_blocked, id=704, stack(0x0000001a0d900000,0x0000001a0da00000)]
  0x000001b6b26fd800 JavaThread "Build operations Thread 8" [_thread_blocked, id=5408, stack(0x0000001a0da00000,0x0000001a0db00000)]
  0x000001b6b26f8800 JavaThread "Cache worker for Build Output Cleanup Cache (D:\MoblieApp\Test\bmi_6206022620063\android\.gradle\buildOutputCleanup)" [_thread_blocked, id=13076, stack(0x0000001a0dc00000,0x0000001a0dd00000)]
  0x000001b6b26fc800 JavaThread "build event listener" [_thread_blocked, id=12592, stack(0x0000001a0dd00000,0x0000001a0de00000)]

Other Threads:
  0x000001b6ac11c000 VMThread "VM Thread" [stack: 0x0000001a0a900000,0x0000001a0aa00000] [id=10708]
  0x000001b6acc41000 WatcherThread [stack: 0x0000001a0b300000,0x0000001a0b400000] [id=5724]
  0x000001b691049000 GCTaskThread "GC Thread#0" [stack: 0x0000001a0a400000,0x0000001a0a500000] [id=12916]
  0x000001b6ad475000 GCTaskThread "GC Thread#1" [stack: 0x0000001a0b500000,0x0000001a0b600000] [id=6376]
  0x000001b6ad86b800 GCTaskThread "GC Thread#2" [stack: 0x0000001a0b600000,0x0000001a0b700000] [id=2944]
  0x000001b6ae646800 GCTaskThread "GC Thread#3" [stack: 0x0000001a0c300000,0x0000001a0c400000] [id=12204]
  0x000001b6ae954800 GCTaskThread "GC Thread#4" [stack: 0x0000001a0c400000,0x0000001a0c500000] [id=1544]
  0x000001b6aeadd000 GCTaskThread "GC Thread#5" [stack: 0x0000001a0c500000,0x0000001a0c600000] [id=9332]
  0x000001b6ae619000 GCTaskThread "GC Thread#6" [stack: 0x0000001a0c600000,0x0000001a0c700000] [id=12160]
  0x000001b6aeaf8800 GCTaskThread "GC Thread#7" [stack: 0x0000001a0c700000,0x0000001a0c800000] [id=10316]
  0x000001b69106f000 ConcurrentGCThread "G1 Main Marker" [stack: 0x0000001a0a500000,0x0000001a0a600000] [id=11300]
  0x000001b691072000 ConcurrentGCThread "G1 Conc#0" [stack: 0x0000001a0a600000,0x0000001a0a700000] [id=9516]
  0x000001b6aec65000 ConcurrentGCThread "G1 Conc#1" [stack: 0x0000001a0ca00000,0x0000001a0cb00000] [id=3140]
  0x000001b6abf90800 ConcurrentGCThread "G1 Refine#0" [stack: 0x0000001a0a700000,0x0000001a0a800000] [id=11636]
  0x000001b6b1bfa800 ConcurrentGCThread "G1 Refine#1" [stack: 0x0000001a0db00000,0x0000001a0dc00000] [id=2948]
  0x000001b6abf91800 ConcurrentGCThread "G1 Young RemSet Sampling" [stack: 0x0000001a0a800000,0x0000001a0a900000] [id=4560]

Threads with active compile tasks:
C2 CompilerThread0  12042 6418       4       java.beans.Introspector::addMethod (196 bytes)
C2 CompilerThread1  12042 6343       4       java.lang.reflect.AccessibleObject::checkCanSetAccessible (386 bytes)

VM state:not at safepoint (normal execution)

VM Mutex/Monitor currently owned by a thread: None

Heap address: 0x00000000a0000000, size: 1536 MB, Compressed Oops mode: 32-bit
Narrow klass base: 0x0000000000000000, Narrow klass shift: 3
Compressed class space size: 1073741824 Address: 0x0000000100000000

Heap:
 garbage-first heap   total 129024K, used 101889K [0x00000000a0000000, 0x0000000100000000)
  region size 1024K, 40 young (40960K), 5 survivors (5120K)
 Metaspace       used 69405K, capacity 71446K, committed 71504K, reserved 1112064K
  class space    used 8983K, capacity 9700K, committed 9728K, reserved 1048576K
Heap Regions: E=young(eden), S=young(survivor), O=old, HS=humongous(starts), HC=humongous(continues), CS=collection set, F=free, A=archive, TAMS=top-at-mark-start (previous, next)
|   0|0x00000000a0000000, 0x00000000a0100000, 0x00000000a0100000|100%| O|  |TAMS 0x00000000a0100000, 0x00000000a0000000| Untracked 
|   1|0x00000000a0100000, 0x00000000a0200000, 0x00000000a0200000|100%| O|  |TAMS 0x00000000a0200000, 0x00000000a0100000| Untracked 
|   2|0x00000000a0200000, 0x00000000a0300000, 0x00000000a0300000|100%| O|  |TAMS 0x00000000a0300000, 0x00000000a0200000| Untracked 
|   3|0x00000000a0300000, 0x00000000a0400000, 0x00000000a0400000|100%|HS|  |TAMS 0x00000000a0400000, 0x00000000a0300000| Complete 
|   4|0x00000000a0400000, 0x00000000a0500000, 0x00000000a0500000|100%|HC|  |TAMS 0x00000000a0500000, 0x00000000a0400000| Complete 
|   5|0x00000000a0500000, 0x00000000a0600000, 0x00000000a0600000|100%|HC|  |TAMS 0x00000000a0600000, 0x00000000a0500000| Complete 
|   6|0x00000000a0600000, 0x00000000a0700000, 0x00000000a0700000|100%| O|  |TAMS 0x00000000a0700000, 0x00000000a0600000| Untracked 
|   7|0x00000000a0700000, 0x00000000a0800000, 0x00000000a0800000|100%| O|  |TAMS 0x00000000a0800000, 0x00000000a0700000| Untracked 
|   8|0x00000000a0800000, 0x00000000a0900000, 0x00000000a0900000|100%| O|  |TAMS 0x00000000a0900000, 0x00000000a0800000| Untracked 
|   9|0x00000000a0900000, 0x00000000a0a00000, 0x00000000a0a00000|100%| O|  |TAMS 0x00000000a0a00000, 0x00000000a0900000| Untracked 
|  10|0x00000000a0a00000, 0x00000000a0b00000, 0x00000000a0b00000|100%| O|  |TAMS 0x00000000a0b00000, 0x00000000a0a00000| Untracked 
|  11|0x00000000a0b00000, 0x00000000a0c00000, 0x00000000a0c00000|100%| O|  |TAMS 0x00000000a0c00000, 0x00000000a0b00000| Untracked 
|  12|0x00000000a0c00000, 0x00000000a0d00000, 0x00000000a0d00000|100%| O|  |TAMS 0x00000000a0d00000, 0x00000000a0c00000| Untracked 
|  13|0x00000000a0d00000, 0x00000000a0e00000, 0x00000000a0e00000|100%| O|  |TAMS 0x00000000a0e00000, 0x00000000a0d00000| Untracked 
|  14|0x00000000a0e00000, 0x00000000a0f00000, 0x00000000a0f00000|100%| O|  |TAMS 0x00000000a0f00000, 0x00000000a0e00000| Untracked 
|  15|0x00000000a0f00000, 0x00000000a1000000, 0x00000000a1000000|100%| O|  |TAMS 0x00000000a1000000, 0x00000000a0f00000| Untracked 
|  16|0x00000000a1000000, 0x00000000a1100000, 0x00000000a1100000|100%| O|  |TAMS 0x00000000a1100000, 0x00000000a1000000| Untracked 
|  17|0x00000000a1100000, 0x00000000a1200000, 0x00000000a1200000|100%| O|  |TAMS 0x00000000a1200000, 0x00000000a1100000| Untracked 
|  18|0x00000000a1200000, 0x00000000a1300000, 0x00000000a1300000|100%|HS|  |TAMS 0x00000000a1300000, 0x00000000a1200000| Complete 
|  19|0x00000000a1300000, 0x00000000a1400000, 0x00000000a1400000|100%|HS|  |TAMS 0x00000000a1400000, 0x00000000a1300000| Complete 
|  20|0x00000000a1400000, 0x00000000a1500000, 0x00000000a1500000|100%|HC|  |TAMS 0x00000000a1500000, 0x00000000a1400000| Complete 
|  21|0x00000000a1500000, 0x00000000a1600000, 0x00000000a1600000|100%|HC|  |TAMS 0x00000000a1600000, 0x00000000a1500000| Complete 
|  22|0x00000000a1600000, 0x00000000a1700000, 0x00000000a1700000|100%|HS|  |TAMS 0x00000000a1700000, 0x00000000a1600000| Complete 
|  23|0x00000000a1700000, 0x00000000a1800000, 0x00000000a1800000|100%|HC|  |TAMS 0x00000000a1800000, 0x00000000a1700000| Complete 
|  24|0x00000000a1800000, 0x00000000a1900000, 0x00000000a1900000|100%|HC|  |TAMS 0x00000000a1900000, 0x00000000a1800000| Complete 
|  25|0x00000000a1900000, 0x00000000a1a00000, 0x00000000a1a00000|100%|HS|  |TAMS 0x00000000a1a00000, 0x00000000a1900000| Complete 
|  26|0x00000000a1a00000, 0x00000000a1b00000, 0x00000000a1b00000|100%|HC|  |TAMS 0x00000000a1b00000, 0x00000000a1a00000| Complete 
|  27|0x00000000a1b00000, 0x00000000a1c00000, 0x00000000a1c00000|100%| O|  |TAMS 0x00000000a1c00000, 0x00000000a1b00000| Untracked 
|  28|0x00000000a1c00000, 0x00000000a1d00000, 0x00000000a1d00000|100%| O|  |TAMS 0x00000000a1d00000, 0x00000000a1c00000| Untracked 
|  29|0x00000000a1d00000, 0x00000000a1e00000, 0x00000000a1e00000|100%| O|  |TAMS 0x00000000a1e00000, 0x00000000a1d00000| Untracked 
|  30|0x00000000a1e00000, 0x00000000a1f00000, 0x00000000a1f00000|100%| O|  |TAMS 0x00000000a1f00000, 0x00000000a1e00000| Untracked 
|  31|0x00000000a1f00000, 0x00000000a2000000, 0x00000000a2000000|100%| O|  |TAMS 0x00000000a2000000, 0x00000000a1f00000| Untracked 
|  32|0x00000000a2000000, 0x00000000a2100000, 0x00000000a2100000|100%| O|  |TAMS 0x00000000a2100000, 0x00000000a2000000| Untracked 
|  33|0x00000000a2100000, 0x00000000a2200000, 0x00000000a2200000|100%| O|  |TAMS 0x00000000a2200000, 0x00000000a2100000| Untracked 
|  34|0x00000000a2200000, 0x00000000a2300000, 0x00000000a2300000|100%| O|  |TAMS 0x00000000a2300000, 0x00000000a2200000| Untracked 
|  35|0x00000000a2300000, 0x00000000a2400000, 0x00000000a2400000|100%| O|  |TAMS 0x00000000a2400000, 0x00000000a2300000| Untracked 
|  36|0x00000000a2400000, 0x00000000a2500000, 0x00000000a2500000|100%| O|  |TAMS 0x00000000a2500000, 0x00000000a2400000| Untracked 
|  37|0x00000000a2500000, 0x00000000a2600000, 0x00000000a2600000|100%| O|  |TAMS 0x00000000a2600000, 0x00000000a2500000| Untracked 
|  38|0x00000000a2600000, 0x00000000a2700000, 0x00000000a2700000|100%| O|  |TAMS 0x00000000a2700000, 0x00000000a2600000| Untracked 
|  39|0x00000000a2700000, 0x00000000a2800000, 0x00000000a2800000|100%| O|  |TAMS 0x00000000a2800000, 0x00000000a2700000| Untracked 
|  40|0x00000000a2800000, 0x00000000a2900000, 0x00000000a2900000|100%| O|  |TAMS 0x00000000a2900000, 0x00000000a2800000| Untracked 
|  41|0x00000000a2900000, 0x00000000a2a00000, 0x00000000a2a00000|100%| O|  |TAMS 0x00000000a2a00000, 0x00000000a2900000| Untracked 
|  42|0x00000000a2a00000, 0x00000000a2b00000, 0x00000000a2b00000|100%| O|  |TAMS 0x00000000a2b00000, 0x00000000a2a00000| Untracked 
|  43|0x00000000a2b00000, 0x00000000a2c00000, 0x00000000a2c00000|100%| O|  |TAMS 0x00000000a2c00000, 0x00000000a2b00000| Untracked 
|  44|0x00000000a2c00000, 0x00000000a2d00000, 0x00000000a2d00000|100%| O|  |TAMS 0x00000000a2d00000, 0x00000000a2c00000| Untracked 
|  45|0x00000000a2d00000, 0x00000000a2e00000, 0x00000000a2e00000|100%| O|  |TAMS 0x00000000a2e00000, 0x00000000a2d00000| Untracked 
|  46|0x00000000a2e00000, 0x00000000a2f00000, 0x00000000a2f00000|100%| O|  |TAMS 0x00000000a2f00000, 0x00000000a2e00000| Untracked 
|  47|0x00000000a2f00000, 0x00000000a3000000, 0x00000000a3000000|100%| O|  |TAMS 0x00000000a3000000, 0x00000000a2f00000| Untracked 
|  48|0x00000000a3000000, 0x00000000a3100000, 0x00000000a3100000|100%|HS|  |TAMS 0x00000000a3100000, 0x00000000a3000000| Complete 
|  49|0x00000000a3100000, 0x00000000a3200000, 0x00000000a3200000|100%| O|  |TAMS 0x00000000a3200000, 0x00000000a3100000| Untracked 
|  50|0x00000000a3200000, 0x00000000a3300000, 0x00000000a3300000|100%| O|  |TAMS 0x00000000a3300000, 0x00000000a3200000| Untracked 
|  51|0x00000000a3300000, 0x00000000a3400000, 0x00000000a3400000|100%| O|  |TAMS 0x00000000a3400000, 0x00000000a3300000| Untracked 
|  52|0x00000000a3400000, 0x00000000a3500000, 0x00000000a3500000|100%| O|  |TAMS 0x00000000a3500000, 0x00000000a3400000| Untracked 
|  53|0x00000000a3500000, 0x00000000a3600000, 0x00000000a3600000|100%| O|  |TAMS 0x00000000a3600000, 0x00000000a3500000| Untracked 
|  54|0x00000000a3600000, 0x00000000a3700000, 0x00000000a3700000|100%| O|  |TAMS 0x00000000a3700000, 0x00000000a3600000| Untracked 
|  55|0x00000000a3700000, 0x00000000a3800000, 0x00000000a3800000|100%| O|  |TAMS 0x00000000a3800000, 0x00000000a3700000| Untracked 
|  56|0x00000000a3800000, 0x00000000a3900000, 0x00000000a3900000|100%| O|  |TAMS 0x00000000a3900000, 0x00000000a3800000| Untracked 
|  57|0x00000000a3900000, 0x00000000a3a00000, 0x00000000a3a00000|100%| O|  |TAMS 0x00000000a3a00000, 0x00000000a3900000| Untracked 
|  58|0x00000000a3a00000, 0x00000000a3b00000, 0x00000000a3b00000|100%| O|  |TAMS 0x00000000a3b00000, 0x00000000a3a00000| Untracked 
|  59|0x00000000a3b00000, 0x00000000a3c00000, 0x00000000a3c00000|100%| O|  |TAMS 0x00000000a3c00000, 0x00000000a3b00000| Untracked 
|  60|0x00000000a3c00000, 0x00000000a3d00000, 0x00000000a3d00000|100%| O|  |TAMS 0x00000000a3c3dc00, 0x00000000a3c00000| Untracked 
|  61|0x00000000a3d00000, 0x00000000a3d80400, 0x00000000a3e00000| 50%| O|  |TAMS 0x00000000a3d00000, 0x00000000a3d00000| Untracked 
|  62|0x00000000a3e00000, 0x00000000a3e00000, 0x00000000a3f00000|  0%| F|  |TAMS 0x00000000a3e00000, 0x00000000a3e00000| Untracked 
|  63|0x00000000a3f00000, 0x00000000a3f00000, 0x00000000a4000000|  0%| F|  |TAMS 0x00000000a3f00000, 0x00000000a3f00000| Untracked 
|  64|0x00000000a4000000, 0x00000000a4000000, 0x00000000a4100000|  0%| F|  |TAMS 0x00000000a4000000, 0x00000000a4000000| Untracked 
|  65|0x00000000a4100000, 0x00000000a4100000, 0x00000000a4200000|  0%| F|  |TAMS 0x00000000a4100000, 0x00000000a4100000| Untracked 
|  66|0x00000000a4200000, 0x00000000a4200000, 0x00000000a4300000|  0%| F|  |TAMS 0x00000000a4200000, 0x00000000a4200000| Untracked 
|  67|0x00000000a4300000, 0x00000000a4300000, 0x00000000a4400000|  0%| F|  |TAMS 0x00000000a4300000, 0x00000000a4300000| Untracked 
|  68|0x00000000a4400000, 0x00000000a4400000, 0x00000000a4500000|  0%| F|  |TAMS 0x00000000a4400000, 0x00000000a4400000| Untracked 
|  69|0x00000000a4500000, 0x00000000a4500000, 0x00000000a4600000|  0%| F|  |TAMS 0x00000000a4500000, 0x00000000a4500000| Untracked 
|  70|0x00000000a4600000, 0x00000000a4600000, 0x00000000a4700000|  0%| F|  |TAMS 0x00000000a4600000, 0x00000000a4600000| Untracked 
|  71|0x00000000a4700000, 0x00000000a4700000, 0x00000000a4800000|  0%| F|  |TAMS 0x00000000a4700000, 0x00000000a4700000| Untracked 
|  72|0x00000000a4800000, 0x00000000a4800000, 0x00000000a4900000|  0%| F|  |TAMS 0x00000000a4800000, 0x00000000a4800000| Untracked 
|  73|0x00000000a4900000, 0x00000000a4900000, 0x00000000a4a00000|  0%| F|  |TAMS 0x00000000a4900000, 0x00000000a4900000| Untracked 
|  74|0x00000000a4a00000, 0x00000000a4a00000, 0x00000000a4b00000|  0%| F|  |TAMS 0x00000000a4a00000, 0x00000000a4a00000| Untracked 
|  75|0x00000000a4b00000, 0x00000000a4b00000, 0x00000000a4c00000|  0%| F|  |TAMS 0x00000000a4b00000, 0x00000000a4b00000| Untracked 
|  76|0x00000000a4c00000, 0x00000000a4c00000, 0x00000000a4d00000|  0%| F|  |TAMS 0x00000000a4c00000, 0x00000000a4c00000| Untracked 
|  77|0x00000000a4d00000, 0x00000000a4d00000, 0x00000000a4e00000|  0%| F|  |TAMS 0x00000000a4d00000, 0x00000000a4d00000| Untracked 
|  78|0x00000000a4e00000, 0x00000000a4e00000, 0x00000000a4f00000|  0%| F|  |TAMS 0x00000000a4e00000, 0x00000000a4e00000| Untracked 
|  79|0x00000000a4f00000, 0x00000000a4f00000, 0x00000000a5000000|  0%| F|  |TAMS 0x00000000a4f00000, 0x00000000a4f00000| Untracked 
|  80|0x00000000a5000000, 0x00000000a5000000, 0x00000000a5100000|  0%| F|  |TAMS 0x00000000a5000000, 0x00000000a5000000| Untracked 
|  81|0x00000000a5100000, 0x00000000a5100000, 0x00000000a5200000|  0%| F|  |TAMS 0x00000000a5100000, 0x00000000a5100000| Untracked 
|  82|0x00000000a5200000, 0x00000000a5200000, 0x00000000a5300000|  0%| F|  |TAMS 0x00000000a5200000, 0x00000000a5200000| Untracked 
|  83|0x00000000a5300000, 0x00000000a5400000, 0x00000000a5400000|100%| S|CS|TAMS 0x00000000a5300000, 0x00000000a5300000| Complete 
|  84|0x00000000a5400000, 0x00000000a5500000, 0x00000000a5500000|100%| S|CS|TAMS 0x00000000a5400000, 0x00000000a5400000| Complete 
|  85|0x00000000a5500000, 0x00000000a5600000, 0x00000000a5600000|100%| S|CS|TAMS 0x00000000a5500000, 0x00000000a5500000| Complete 
|  86|0x00000000a5600000, 0x00000000a5600000, 0x00000000a5700000|  0%| F|  |TAMS 0x00000000a5600000, 0x00000000a5600000| Untracked 
|  87|0x00000000a5700000, 0x00000000a5800000, 0x00000000a5800000|100%| S|CS|TAMS 0x00000000a5700000, 0x00000000a5700000| Complete 
|  88|0x00000000a5800000, 0x00000000a5900000, 0x00000000a5900000|100%| S|CS|TAMS 0x00000000a5800000, 0x00000000a5800000| Complete 
|  89|0x00000000a5900000, 0x00000000a5900000, 0x00000000a5a00000|  0%| F|  |TAMS 0x00000000a5900000, 0x00000000a5900000| Untracked 
|  90|0x00000000a5a00000, 0x00000000a5a00000, 0x00000000a5b00000|  0%| F|  |TAMS 0x00000000a5a00000, 0x00000000a5a00000| Untracked 
|  91|0x00000000a5b00000, 0x00000000a5b84d28, 0x00000000a5c00000| 51%| E|  |TAMS 0x00000000a5b00000, 0x00000000a5b00000| Complete 
|  92|0x00000000a5c00000, 0x00000000a5d00000, 0x00000000a5d00000|100%| E|CS|TAMS 0x00000000a5c00000, 0x00000000a5c00000| Complete 
|  93|0x00000000a5d00000, 0x00000000a5e00000, 0x00000000a5e00000|100%| E|CS|TAMS 0x00000000a5d00000, 0x00000000a5d00000| Complete 
|  94|0x00000000a5e00000, 0x00000000a5f00000, 0x00000000a5f00000|100%| E|  |TAMS 0x00000000a5e00000, 0x00000000a5e00000| Complete 
|  95|0x00000000a5f00000, 0x00000000a6000000, 0x00000000a6000000|100%| E|CS|TAMS 0x00000000a5f00000, 0x00000000a5f00000| Complete 
|  96|0x00000000a6000000, 0x00000000a6100000, 0x00000000a6100000|100%| E|CS|TAMS 0x00000000a6000000, 0x00000000a6000000| Complete 
|  97|0x00000000a6100000, 0x00000000a6200000, 0x00000000a6200000|100%| E|CS|TAMS 0x00000000a6100000, 0x00000000a6100000| Complete 
|  98|0x00000000a6200000, 0x00000000a6300000, 0x00000000a6300000|100%| E|CS|TAMS 0x00000000a6200000, 0x00000000a6200000| Complete 
|  99|0x00000000a6300000, 0x00000000a6400000, 0x00000000a6400000|100%| E|CS|TAMS 0x00000000a6300000, 0x00000000a6300000| Complete 
| 100|0x00000000a6400000, 0x00000000a6500000, 0x00000000a6500000|100%| E|CS|TAMS 0x00000000a6400000, 0x00000000a6400000| Complete 
| 101|0x00000000a6500000, 0x00000000a6600000, 0x00000000a6600000|100%| E|CS|TAMS 0x00000000a6500000, 0x00000000a6500000| Complete 
| 102|0x00000000a6600000, 0x00000000a6700000, 0x00000000a6700000|100%| E|CS|TAMS 0x00000000a6600000, 0x00000000a6600000| Complete 
| 103|0x00000000a6700000, 0x00000000a6800000, 0x00000000a6800000|100%| E|CS|TAMS 0x00000000a6700000, 0x00000000a6700000| Complete 
| 104|0x00000000a6800000, 0x00000000a6900000, 0x00000000a6900000|100%| E|CS|TAMS 0x00000000a6800000, 0x00000000a6800000| Complete 
| 105|0x00000000a6900000, 0x00000000a6a00000, 0x00000000a6a00000|100%| E|CS|TAMS 0x00000000a6900000, 0x00000000a6900000| Complete 
| 106|0x00000000a6a00000, 0x00000000a6b00000, 0x00000000a6b00000|100%| E|CS|TAMS 0x00000000a6a00000, 0x00000000a6a00000| Complete 
| 107|0x00000000a6b00000, 0x00000000a6c00000, 0x00000000a6c00000|100%| E|CS|TAMS 0x00000000a6b00000, 0x00000000a6b00000| Complete 
| 108|0x00000000a6c00000, 0x00000000a6d00000, 0x00000000a6d00000|100%| E|CS|TAMS 0x00000000a6c00000, 0x00000000a6c00000| Complete 
| 109|0x00000000a6d00000, 0x00000000a6e00000, 0x00000000a6e00000|100%| E|CS|TAMS 0x00000000a6d00000, 0x00000000a6d00000| Complete 
| 110|0x00000000a6e00000, 0x00000000a6f00000, 0x00000000a6f00000|100%| E|CS|TAMS 0x00000000a6e00000, 0x00000000a6e00000| Complete 
| 111|0x00000000a6f00000, 0x00000000a7000000, 0x00000000a7000000|100%| E|CS|TAMS 0x00000000a6f00000, 0x00000000a6f00000| Complete 
| 112|0x00000000a7000000, 0x00000000a7100000, 0x00000000a7100000|100%| E|CS|TAMS 0x00000000a7000000, 0x00000000a7000000| Complete 
| 113|0x00000000a7100000, 0x00000000a7200000, 0x00000000a7200000|100%| E|CS|TAMS 0x00000000a7100000, 0x00000000a7100000| Complete 
| 114|0x00000000a7200000, 0x00000000a7300000, 0x00000000a7300000|100%| E|CS|TAMS 0x00000000a7200000, 0x00000000a7200000| Complete 
| 115|0x00000000a7300000, 0x00000000a7400000, 0x00000000a7400000|100%| E|CS|TAMS 0x00000000a7300000, 0x00000000a7300000| Complete 
| 116|0x00000000a7400000, 0x00000000a7500000, 0x00000000a7500000|100%| E|CS|TAMS 0x00000000a7400000, 0x00000000a7400000| Complete 
| 117|0x00000000a7500000, 0x00000000a7600000, 0x00000000a7600000|100%| E|CS|TAMS 0x00000000a7500000, 0x00000000a7500000| Complete 
| 118|0x00000000a7600000, 0x00000000a7700000, 0x00000000a7700000|100%| E|CS|TAMS 0x00000000a7600000, 0x00000000a7600000| Complete 
| 119|0x00000000a7700000, 0x00000000a7800000, 0x00000000a7800000|100%| E|CS|TAMS 0x00000000a7700000, 0x00000000a7700000| Complete 
| 120|0x00000000a7800000, 0x00000000a7900000, 0x00000000a7900000|100%| E|CS|TAMS 0x00000000a7800000, 0x00000000a7800000| Complete 
| 121|0x00000000a7900000, 0x00000000a7a00000, 0x00000000a7a00000|100%| E|CS|TAMS 0x00000000a7900000, 0x00000000a7900000| Complete 
| 122|0x00000000a7a00000, 0x00000000a7b00000, 0x00000000a7b00000|100%| E|CS|TAMS 0x00000000a7a00000, 0x00000000a7a00000| Complete 
| 123|0x00000000a7b00000, 0x00000000a7c00000, 0x00000000a7c00000|100%| E|CS|TAMS 0x00000000a7b00000, 0x00000000a7b00000| Complete 
| 124|0x00000000a7c00000, 0x00000000a7d00000, 0x00000000a7d00000|100%| E|CS|TAMS 0x00000000a7c00000, 0x00000000a7c00000| Complete 
| 125|0x00000000a7d00000, 0x00000000a7e00000, 0x00000000a7e00000|100%| E|CS|TAMS 0x00000000a7d00000, 0x00000000a7d00000| Complete 

Card table byte_map: [0x000001b6a6060000,0x000001b6a6360000] _byte_map_base: 0x000001b6a5b60000

Marking Bits (Prev, Next): (CMBitMap*) 0x000001b691067f78, (CMBitMap*) 0x000001b691067fb0
 Prev Bits: [0x000001b6a6660000, 0x000001b6a7e60000)
 Next Bits: [0x000001b6a7e60000, 0x000001b6a9660000)

Polling page: 0x000001b691110000

Metaspace:

Usage:
  Non-class:     60.30 MB capacity,    59.02 MB ( 98%) used,     1.12 MB (  2%) free+waste,   157.50 KB ( <1%) overhead. 
      Class:      9.47 MB capacity,     8.77 MB ( 93%) used,   638.85 KB (  7%) free+waste,    75.88 KB ( <1%) overhead. 
       Both:     69.77 MB capacity,    67.80 MB ( 97%) used,     1.75 MB (  3%) free+waste,   233.38 KB ( <1%) overhead. 

Virtual space:
  Non-class space:       62.00 MB reserved,      60.33 MB ( 97%) committed 
      Class space:        1.00 GB reserved,       9.50 MB ( <1%) committed 
             Both:        1.06 GB reserved,      69.83 MB (  6%) committed 

Chunk freelists:
   Non-Class:  30.00 KB
       Class:  0 bytes
        Both:  30.00 KB

MaxMetaspaceSize: 17179869184.00 GB
CompressedClassSpaceSize: 1.00 GB

CodeHeap 'non-profiled nmethods': size=120000Kb used=3897Kb max_used=3897Kb free=116102Kb
 bounds [0x000001b69ddc0000, 0x000001b69e190000, 0x000001b6a52f0000]
CodeHeap 'profiled nmethods': size=120000Kb used=15241Kb max_used=15241Kb free=104758Kb
 bounds [0x000001b696890000, 0x000001b697780000, 0x000001b69ddc0000]
CodeHeap 'non-nmethods': size=5760Kb used=2311Kb max_used=2311Kb free=3448Kb
 bounds [0x000001b6962f0000, 0x000001b696560000, 0x000001b696890000]
 total_blobs=7764 nmethods=6919 adapters=754
 compilation: enabled
              stopped_count=0, restarted_count=0
 full_count=0

Compilation events (20 events):
Event: 11.884 Thread 0x000001b6ac171000 6978       3       com.google.common.collect.ImmutableMultimap$Builder::put (50 bytes)
Event: 11.885 Thread 0x000001b6ac171000 nmethod 6978 0x000001b697767f10 code [0x000001b697768140, 0x000001b697768978]
Event: 11.886 Thread 0x000001b6ac171000 6979       3       com.google.common.collect.ImmutableMultimap$Builder::newMutableValueCollection (8 bytes)
Event: 11.886 Thread 0x000001b6ac171000 nmethod 6979 0x000001b697768c10 code [0x000001b697768de0, 0x000001b697769118]
Event: 11.886 Thread 0x000001b6ac171000 6980       3       org.gradle.internal.fingerprint.impl.DefaultCurrentFileCollectionFingerprint$1::visitFile (21 bytes)
Event: 11.886 Thread 0x000001b6ac171000 nmethod 6980 0x000001b697769290 code [0x000001b697769460, 0x000001b6977697b8]
Event: 11.887 Thread 0x000001b6ac171000 6981       3       com.google.common.collect.CompactHashMap$2::getOutput (6 bytes)
Event: 11.887 Thread 0x000001b6ac171000 nmethod 6981 0x000001b697769910 code [0x000001b697769b00, 0x000001b697769ed8]
Event: 11.887 Thread 0x000001b6ac171000 6982       3       com.google.common.collect.CompactHashMap$2::getOutput (13 bytes)
Event: 11.887 Thread 0x000001b6ac171000 nmethod 6982 0x000001b69776a090 code [0x000001b69776a260, 0x000001b69776a5b8]
Event: 11.887 Thread 0x000001b6ac171000 6983       3       com.google.common.collect.CompactHashMap$MapEntry::<init> (25 bytes)
Event: 11.888 Thread 0x000001b6ac171000 nmethod 6983 0x000001b69776a790 code [0x000001b69776a960, 0x000001b69776ac18]
Event: 11.954 Thread 0x000001b6ac171000 6984       3       org.gradle.internal.dispatch.ProxyDispatchAdapter$DispatchingInvocationHandler::invoke (184 bytes)
Event: 11.961 Thread 0x000001b6ac171000 nmethod 6984 0x000001b69776ad90 code [0x000001b69776b280, 0x000001b69776d978]
Event: 11.962 Thread 0x000001b6ac171000 6985       3       java.security.Permission::<init> (10 bytes)
Event: 11.962 Thread 0x000001b6ac171000 nmethod 6985 0x000001b69776e610 code [0x000001b69776e7c0, 0x000001b69776e978]
Event: 11.969 Thread 0x000001b6ac171000 6988   !   3       org.gradle.groovy.scripts.internal.DefaultScriptCompilationHandler$ScriptClassLoader::loadClass (68 bytes)
Event: 11.971 Thread 0x000001b6ac171000 nmethod 6988 0x000001b69776ea10 code [0x000001b69776ec60, 0x000001b69776f4a8]
Event: 11.974 Thread 0x000001b6ac171000 6989       3       org.gradle.internal.metaobject.BeanDynamicObject::<init> (15 bytes)
Event: 11.974 Thread 0x000001b6ac171000 nmethod 6989 0x000001b69776f890 code [0x000001b69776fa40, 0x000001b69776fb88]

GC Heap History (20 events):
Event: 4.255 GC heap before
{Heap before GC invocations=5 (full 0):
 garbage-first heap   total 129024K, used 49222K [0x00000000a0000000, 0x0000000100000000)
  region size 1024K, 32 young (32768K), 3 survivors (3072K)
 Metaspace       used 35239K, capacity 35866K, committed 35920K, reserved 1081344K
  class space    used 4368K, capacity 4607K, committed 4608K, reserved 1048576K
}
Event: 4.277 GC heap after
{Heap after GC invocations=6 (full 0):
 garbage-first heap   total 129024K, used 21769K [0x00000000a0000000, 0x0000000100000000)
  region size 1024K, 7 young (7168K), 7 survivors (7168K)
 Metaspace       used 35239K, capacity 35866K, committed 35920K, reserved 1081344K
  class space    used 4368K, capacity 4607K, committed 4608K, reserved 1048576K
}
Event: 5.608 GC heap before
{Heap before GC invocations=7 (full 0):
 garbage-first heap   total 129024K, used 77065K [0x00000000a0000000, 0x0000000100000000)
  region size 1024K, 61 young (62464K), 7 survivors (7168K)
 Metaspace       used 39406K, capacity 40199K, committed 40528K, reserved 1085440K
  class space    used 5015K, capacity 5278K, committed 5376K, reserved 1048576K
}
Event: 5.615 GC heap after
{Heap after GC invocations=8 (full 0):
 garbage-first heap   total 129024K, used 25319K [0x00000000a0000000, 0x0000000100000000)
  region size 1024K, 7 young (7168K), 7 survivors (7168K)
 Metaspace       used 39406K, capacity 40199K, committed 40528K, reserved 1085440K
  class space    used 5015K, capacity 5278K, committed 5376K, reserved 1048576K
}
Event: 6.699 GC heap before
{Heap before GC invocations=8 (full 0):
 garbage-first heap   total 129024K, used 90855K [0x00000000a0000000, 0x0000000100000000)
  region size 1024K, 63 young (64512K), 7 survivors (7168K)
 Metaspace       used 42978K, capacity 44040K, committed 44112K, reserved 1087488K
  class space    used 5490K, capacity 5852K, committed 5888K, reserved 1048576K
}
Event: 6.707 GC heap after
{Heap after GC invocations=9 (full 0):
 garbage-first heap   total 129024K, used 43008K [0x00000000a0000000, 0x0000000100000000)
  region size 1024K, 8 young (8192K), 8 survivors (8192K)
 Metaspace       used 42978K, capacity 44040K, committed 44112K, reserved 1087488K
  class space    used 5490K, capacity 5852K, committed 5888K, reserved 1048576K
}
Event: 7.553 GC heap before
{Heap before GC invocations=9 (full 0):
 garbage-first heap   total 129024K, used 91136K [0x00000000a0000000, 0x0000000100000000)
  region size 1024K, 55 young (56320K), 8 survivors (8192K)
 Metaspace       used 50491K, capacity 51620K, committed 51792K, reserved 1093632K
  class space    used 6381K, capacity 6790K, committed 6912K, reserved 1048576K
}
Event: 7.558 GC heap after
{Heap after GC invocations=10 (full 0):
 garbage-first heap   total 129024K, used 45635K [0x00000000a0000000, 0x0000000100000000)
  region size 1024K, 2 young (2048K), 2 survivors (2048K)
 Metaspace       used 50491K, capacity 51620K, committed 51792K, reserved 1093632K
  class space    used 6381K, capacity 6790K, committed 6912K, reserved 1048576K
}
Event: 8.361 GC heap before
{Heap before GC invocations=10 (full 0):
 garbage-first heap   total 129024K, used 93763K [0x00000000a0000000, 0x0000000100000000)
  region size 1024K, 49 young (50176K), 2 survivors (2048K)
 Metaspace       used 54923K, capacity 56118K, committed 56400K, reserved 1097728K
  class space    used 6923K, capacity 7384K, committed 7424K, reserved 1048576K
}
Event: 8.365 GC heap after
{Heap after GC invocations=11 (full 0):
 garbage-first heap   total 129024K, used 50273K [0x00000000a0000000, 0x0000000100000000)
  region size 1024K, 7 young (7168K), 7 survivors (7168K)
 Metaspace       used 54923K, capacity 56118K, committed 56400K, reserved 1097728K
  class space    used 6923K, capacity 7384K, committed 7424K, reserved 1048576K
}
Event: 8.862 GC heap before
{Heap before GC invocations=11 (full 0):
 garbage-first heap   total 129024K, used 85089K [0x00000000a0000000, 0x0000000100000000)
  region size 1024K, 42 young (43008K), 7 survivors (7168K)
 Metaspace       used 58890K, capacity 60158K, committed 60240K, reserved 1101824K
  class space    used 7386K, capacity 7863K, committed 7936K, reserved 1048576K
}
Event: 8.878 GC heap after
{Heap after GC invocations=12 (full 0):
 garbage-first heap   total 129024K, used 51879K [0x00000000a0000000, 0x0000000100000000)
  region size 1024K, 3 young (3072K), 3 survivors (3072K)
 Metaspace       used 58890K, capacity 60158K, committed 60240K, reserved 1101824K
  class space    used 7386K, capacity 7863K, committed 7936K, reserved 1048576K
}
Event: 9.533 GC heap before
{Heap before GC invocations=13 (full 0):
 garbage-first heap   total 129024K, used 96935K [0x00000000a0000000, 0x0000000100000000)
  region size 1024K, 47 young (48128K), 3 survivors (3072K)
 Metaspace       used 60985K, capacity 62387K, committed 62544K, reserved 1103872K
  class space    used 7648K, capacity 8129K, committed 8192K, reserved 1048576K
}
Event: 9.540 GC heap after
{Heap after GC invocations=14 (full 0):
 garbage-first heap   total 129024K, used 57639K [0x00000000a0000000, 0x0000000100000000)
  region size 1024K, 6 young (6144K), 6 survivors (6144K)
 Metaspace       used 60985K, capacity 62387K, committed 62544K, reserved 1103872K
  class space    used 7648K, capacity 8129K, committed 8192K, reserved 1048576K
}
Event: 10.067 GC heap before
{Heap before GC invocations=14 (full 0):
 garbage-first heap   total 129024K, used 98599K [0x00000000a0000000, 0x0000000100000000)
  region size 1024K, 46 young (47104K), 6 survivors (6144K)
 Metaspace       used 62207K, capacity 63796K, committed 64080K, reserved 1105920K
  class space    used 7832K, capacity 8407K, committed 8448K, reserved 1048576K
}
Event: 10.074 GC heap after
{Heap after GC invocations=15 (full 0):
 garbage-first heap   total 129024K, used 61902K [0x00000000a0000000, 0x0000000100000000)
  region size 1024K, 4 young (4096K), 4 survivors (4096K)
 Metaspace       used 62207K, capacity 63796K, committed 64080K, reserved 1105920K
  class space    used 7832K, capacity 8407K, committed 8448K, reserved 1048576K
}
Event: 10.723 GC heap before
{Heap before GC invocations=15 (full 0):
 garbage-first heap   total 129024K, used 101838K [0x00000000a0000000, 0x0000000100000000)
  region size 1024K, 43 young (44032K), 4 survivors (4096K)
 Metaspace       used 66688K, capacity 68431K, committed 68688K, reserved 1110016K
  class space    used 8532K, capacity 9142K, committed 9216K, reserved 1048576K
}
Event: 10.730 GC heap after
{Heap after GC invocations=16 (full 0):
 garbage-first heap   total 129024K, used 64538K [0x00000000a0000000, 0x0000000100000000)
  region size 1024K, 3 young (3072K), 3 survivors (3072K)
 Metaspace       used 66688K, capacity 68431K, committed 68688K, reserved 1110016K
  class space    used 8532K, capacity 9142K, committed 9216K, reserved 1048576K
}
Event: 11.250 GC heap before
{Heap before GC invocations=17 (full 0):
 garbage-first heap   total 129024K, used 102426K [0x00000000a0000000, 0x0000000100000000)
  region size 1024K, 40 young (40960K), 3 survivors (3072K)
 Metaspace       used 67961K, capacity 69713K, committed 69968K, reserved 1110016K
  class space    used 8766K, capacity 9439K, committed 9472K, reserved 1048576K
}
Event: 11.256 GC heap after
{Heap after GC invocations=18 (full 0):
 garbage-first heap   total 129024K, used 68097K [0x00000000a0000000, 0x0000000100000000)
  region size 1024K, 5 young (5120K), 5 survivors (5120K)
 Metaspace       used 67961K, capacity 69713K, committed 69968K, reserved 1110016K
  class space    used 8766K, capacity 9439K, committed 9472K, reserved 1048576K
}

Deoptimization events (20 events):
Event: 11.496 Thread 0x000001b6ae43c800 Uncommon trap: trap_request=0xffffffd6 fr.pc=0x000001b69e134fa4 relative=0x0000000000000a04
Event: 11.496 Thread 0x000001b6ae43c800 Uncommon trap: reason=array_check action=maybe_recompile pc=0x000001b69e134fa4 method=com.google.common.collect.ImmutableSet.construct(I[Ljava/lang/Object;)Lcom/google/common/collect/ImmutableSet; @ 122 c2
Event: 11.496 Thread 0x000001b6ae43c800 DEOPT PACKING pc=0x000001b69e134fa4 sp=0x0000001a0bef6240
Event: 11.496 Thread 0x000001b6ae43c800 DEOPT UNPACKING pc=0x000001b6963178af sp=0x0000001a0bef61d8 mode 2
Event: 11.516 Thread 0x000001b6ae43c800 Uncommon trap: trap_request=0xffffff4d fr.pc=0x000001b69de7fbe8 relative=0x0000000000000428
Event: 11.516 Thread 0x000001b6ae43c800 Uncommon trap: reason=unstable_if action=reinterpret pc=0x000001b69de7fbe8 method=java.lang.StringLatin1.regionMatchesCI([BI[BII)Z @ 66 c2
Event: 11.516 Thread 0x000001b6ae43c800 DEOPT PACKING pc=0x000001b69de7fbe8 sp=0x0000001a0bef5fd0
Event: 11.516 Thread 0x000001b6ae43c800 DEOPT UNPACKING pc=0x000001b6963178af sp=0x0000001a0bef5f38 mode 2
Event: 11.534 Thread 0x000001b6ae43c800 DEOPT PACKING pc=0x000001b696907d16 sp=0x0000001a0bef2a80
Event: 11.534 Thread 0x000001b6ae43c800 DEOPT UNPACKING pc=0x000001b6963176ce sp=0x0000001a0bef1f98 mode 0
Event: 11.584 Thread 0x000001b6ae43c800 DEOPT PACKING pc=0x000001b6970f5a71 sp=0x0000001a0bef9d40
Event: 11.584 Thread 0x000001b6ae43c800 DEOPT UNPACKING pc=0x000001b6963176ce sp=0x0000001a0bef9238 mode 0
Event: 11.848 Thread 0x000001b6ae43c800 Uncommon trap: trap_request=0xffffff4d fr.pc=0x000001b69dfaece4 relative=0x00000000000001a4
Event: 11.848 Thread 0x000001b6ae43c800 Uncommon trap: reason=unstable_if action=reinterpret pc=0x000001b69dfaece4 method=org.gradle.internal.snapshot.PathUtil.equalChars(CCLorg/gradle/internal/snapshot/CaseSensitivity;)Z @ 11 c2
Event: 11.848 Thread 0x000001b6ae43c800 DEOPT PACKING pc=0x000001b69dfaece4 sp=0x0000001a0bef9f10
Event: 11.848 Thread 0x000001b6ae43c800 DEOPT UNPACKING pc=0x000001b6963178af sp=0x0000001a0bef9ea8 mode 2
Event: 11.893 Thread 0x000001b6ae43c800 DEOPT PACKING pc=0x000001b6970f5a71 sp=0x0000001a0befa8d0
Event: 11.893 Thread 0x000001b6ae43c800 DEOPT UNPACKING pc=0x000001b6963176ce sp=0x0000001a0bef9dc8 mode 0
Event: 11.900 Thread 0x000001b6ae43c800 DEOPT PACKING pc=0x000001b6970f5a71 sp=0x0000001a0befa8d0
Event: 11.900 Thread 0x000001b6ae43c800 DEOPT UNPACKING pc=0x000001b6963176ce sp=0x0000001a0bef9dc8 mode 0

Classes redefined (0 events):
No events

Internal exceptions (20 events):
Event: 11.440 Thread 0x000001b6ae43c800 Exception <a 'java/lang/ClassNotFoundException'{0x00000000a704f428}: org/gradle/api/internal/artifacts/configurations/DefaultConfiguration$ConfigurationResolvableDependencies_DecoratedBeanInfo> (0x00000000a704f428) thrown at [./src/hotspot/share/classfile/systemDictionary.cpp, line 231]
Event: 11.441 Thread 0x000001b6ae43c800 Exception <a 'java/lang/ClassNotFoundException'{0x00000000a709b0e0}: org/gradle/api/internal/artifacts/configurations/DefaultConfiguration$ConfigurationResolvableDependenciesBeanInfo> (0x00000000a709b0e0) thrown at [./src/hotspot/share/classfile/systemDictionary.cpp, line 231]
Event: 11.444 Thread 0x000001b6ae43c800 Exception <a 'java/lang/ClassNotFoundException'{0x00000000a70e94e0}: org/gradle/api/internal/artifacts/configurations/DefaultConfiguration$ConfigurationResolvableDependenciesCustomizer> (0x00000000a70e94e0) thrown at [./src/hotspot/share/classfile/systemDictionary.cpp, line 231]
Event: 11.446 Thread 0x000001b6ae43c800 Exception <a 'java/lang/ClassNotFoundException'{0x00000000a6f48e28}: org/gradle/api/internal/artifacts/configurations/DefaultConfiguration$ConfigurationResolvableDependencies_DecoratedCustomizer> (0x00000000a6f48e28) thrown at [./src/hotspot/share/classfile/systemDictionary.cpp, line 231]
Event: 11.487 Thread 0x000001b6ae43c800 Exception <a 'java/lang/ClassNotFoundException'{0x00000000a6c25c18}: org/gradle/api/internal/file/collections/DefaultConfigurableFileTreeBeanInfo> (0x00000000a6c25c18) thrown at [./src/hotspot/share/classfile/systemDictionary.cpp, line 231]
Event: 11.488 Thread 0x000001b6ae43c800 Exception <a 'java/lang/ClassNotFoundException'{0x00000000a6c51cd8}: org/gradle/api/internal/file/CompositeFileTreeBeanInfo> (0x00000000a6c51cd8) thrown at [./src/hotspot/share/classfile/systemDictionary.cpp, line 231]
Event: 11.489 Thread 0x000001b6ae43c800 Exception <a 'java/lang/ClassNotFoundException'{0x00000000a6c7fbe0}: org/gradle/api/internal/file/CompositeFileCollectionBeanInfo> (0x00000000a6c7fbe0) thrown at [./src/hotspot/share/classfile/systemDictionary.cpp, line 231]
Event: 11.490 Thread 0x000001b6ae43c800 Exception <a 'java/lang/ClassNotFoundException'{0x00000000a6cadf18}: org/gradle/api/internal/file/CompositeFileCollectionCustomizer> (0x00000000a6cadf18) thrown at [./src/hotspot/share/classfile/systemDictionary.cpp, line 231]
Event: 11.491 Thread 0x000001b6ae43c800 Exception <a 'java/lang/ClassNotFoundException'{0x00000000a6ce2fc0}: org/gradle/api/internal/file/CompositeFileTreeCustomizer> (0x00000000a6ce2fc0) thrown at [./src/hotspot/share/classfile/systemDictionary.cpp, line 231]
Event: 11.493 Thread 0x000001b6ae43c800 Exception <a 'java/lang/ClassNotFoundException'{0x00000000a6b1f9d0}: org/gradle/api/internal/file/collections/DefaultConfigurableFileTreeCustomizer> (0x00000000a6b1f9d0) thrown at [./src/hotspot/share/classfile/systemDictionary.cpp, line 231]
Event: 11.539 Thread 0x000001b6ae43c800 Exception <a 'java/lang/ClassNotFoundException'{0x00000000a6939198}: java/util/concurrent/ConcurrentHashMap$MapEntryBeanInfo> (0x00000000a6939198) thrown at [./src/hotspot/share/classfile/systemDictionary.cpp, line 231]
Event: 11.540 Thread 0x000001b6ae43c800 Exception <a 'java/lang/ClassNotFoundException'{0x00000000a6948710}: java/util/concurrent/ConcurrentHashMap$MapEntryCustomizer> (0x00000000a6948710) thrown at [./src/hotspot/share/classfile/systemDictionary.cpp, line 231]
Event: 11.562 Thread 0x000001b6ae43c800 Exception <a 'java/lang/ClassNotFoundException'{0x00000000a68868c8}: org/gradle/api/tasks/Delete_DecoratedBeanInfo> (0x00000000a68868c8) thrown at [./src/hotspot/share/classfile/systemDictionary.cpp, line 231]
Event: 11.563 Thread 0x000001b6ae43c800 Exception <a 'java/lang/ClassNotFoundException'{0x00000000a68a8778}: org/gradle/api/tasks/DeleteBeanInfo> (0x00000000a68a8778) thrown at [./src/hotspot/share/classfile/systemDictionary.cpp, line 231]
Event: 11.564 Thread 0x000001b6ae43c800 Exception <a 'java/lang/ClassNotFoundException'{0x00000000a68ca660}: org/gradle/api/tasks/DeleteCustomizer> (0x00000000a68ca660) thrown at [./src/hotspot/share/classfile/systemDictionary.cpp, line 231]
Event: 11.565 Thread 0x000001b6ae43c800 Exception <a 'java/lang/ClassNotFoundException'{0x00000000a67020a8}: org/gradle/api/tasks/Delete_DecoratedCustomizer> (0x00000000a67020a8) thrown at [./src/hotspot/share/classfile/systemDictionary.cpp, line 231]
Event: 11.578 Thread 0x000001b6ae43c800 Exception <a 'java/lang/ClassNotFoundException'{0x00000000a67c3df8}: build_228prkgu4ijcc64d6npmw9fgtBeanInfo> (0x00000000a67c3df8) thrown at [./src/hotspot/share/classfile/systemDictionary.cpp, line 231]
Event: 11.578 Thread 0x000001b6ae43c800 Exception <a 'java/lang/ClassNotFoundException'{0x00000000a67cd048}: build_228prkgu4ijcc64d6npmw9fgtCustomizer> (0x00000000a67cd048) thrown at [./src/hotspot/share/classfile/systemDictionary.cpp, line 231]
Event: 11.969 Thread 0x000001b6ae43c800 Exception <a 'java/lang/ClassNotFoundException'{0x00000000a5c385b0}: build_228prkgu4ijcc64d6npmw9fgtBeanInfo> (0x00000000a5c385b0) thrown at [./src/hotspot/share/classfile/systemDictionary.cpp, line 231]
Event: 11.972 Thread 0x000001b6ae43c800 Exception <a 'java/lang/ClassNotFoundException'{0x00000000a5c41768}: build_228prkgu4ijcc64d6npmw9fgtCustomizer> (0x00000000a5c41768) thrown at [./src/hotspot/share/classfile/systemDictionary.cpp, line 231]

Events (20 events):
Event: 11.838 loading class org/gradle/cache/internal/SimpleStateCache$1
Event: 11.838 loading class org/gradle/cache/internal/SimpleStateCache$1 done
Event: 11.849 loading class org/gradle/launcher/daemon/server/DaemonRegistryUnavailableExpirationStrategy$1
Event: 11.849 loading class org/gradle/launcher/daemon/server/DaemonRegistryUnavailableExpirationStrategy$1 done
Event: 11.850 loading class com/google/common/collect/Lists$TransformingSequentialList$1
Event: 11.850 loading class com/google/common/collect/Lists$TransformingSequentialList$1 done
Event: 11.850 loading class com/google/common/collect/TransformedListIterator
Event: 11.850 loading class com/google/common/collect/TransformedListIterator done
Event: 11.965 loading class groovy/runtime/metaclass/build_228prkgu4ijcc64d6npmw9fgtMetaClass
Event: 11.965 loading class groovy/runtime/metaclass/build_228prkgu4ijcc64d6npmw9fgtMetaClass done
Event: 11.969 loading class build_228prkgu4ijcc64d6npmw9fgtBeanInfo
Event: 11.969 loading class build_228prkgu4ijcc64d6npmw9fgtBeanInfo done
Event: 11.969 loading class build_228prkgu4ijcc64d6npmw9fgtBeanInfo
Event: 11.969 loading class build_228prkgu4ijcc64d6npmw9fgtBeanInfo done
Event: 11.971 loading class build_228prkgu4ijcc64d6npmw9fgtCustomizer
Event: 11.971 loading class build_228prkgu4ijcc64d6npmw9fgtCustomizer done
Event: 11.971 loading class build_228prkgu4ijcc64d6npmw9fgtCustomizer
Event: 11.971 loading class build_228prkgu4ijcc64d6npmw9fgtCustomizer done
Event: 11.979 loading class groovy/runtime/metaclass/build_228prkgu4ijcc64d6npmw9fgt$_run_closure1MetaClass
Event: 11.979 loading class groovy/runtime/metaclass/build_228prkgu4ijcc64d6npmw9fgt$_run_closure1MetaClass done


Dynamic libraries:
0x00007ff7dd560000 - 0x00007ff7dd56a000 	C:\Program Files\Android\Android Studio\jre\bin\java.exe
0x00007ff88a030000 - 0x00007ff88a225000 	C:\Windows\SYSTEM32\ntdll.dll
0x00007ff889f30000 - 0x00007ff889fee000 	C:\Windows\System32\KERNEL32.DLL
0x00007ff887be0000 - 0x00007ff887ea8000 	C:\Windows\System32\KERNELBASE.dll
0x00007ff887ab0000 - 0x00007ff887bb0000 	C:\Windows\System32\ucrtbase.dll
0x00007ff849cc0000 - 0x00007ff849cd9000 	C:\Program Files\Android\Android Studio\jre\bin\jli.dll
0x00007ff85f230000 - 0x00007ff85f247000 	C:\Program Files\Android\Android Studio\jre\bin\VCRUNTIME140.dll
0x00007ff888b20000 - 0x00007ff888cc0000 	C:\Windows\System32\USER32.dll
0x00007ff887bb0000 - 0x00007ff887bd2000 	C:\Windows\System32\win32u.dll
0x00007ff873d40000 - 0x00007ff873fda000 	C:\Windows\WinSxS\amd64_microsoft.windows.common-controls_6595b64144ccf1df_6.0.19041.1110_none_60b5254171f9507e\COMCTL32.dll
0x00007ff889240000 - 0x00007ff88926a000 	C:\Windows\System32\GDI32.dll
0x00007ff8879a0000 - 0x00007ff887aab000 	C:\Windows\System32\gdi32full.dll
0x00007ff888a80000 - 0x00007ff888b1e000 	C:\Windows\System32\msvcrt.dll
0x00007ff887f60000 - 0x00007ff887ffd000 	C:\Windows\System32\msvcp_win.dll
0x00007ff888df0000 - 0x00007ff888e20000 	C:\Windows\System32\IMM32.DLL
0x00007ff835e30000 - 0x00007ff835ecd000 	C:\Program Files\Android\Android Studio\jre\bin\msvcp140.dll
0x00007ff81daf0000 - 0x00007ff81e5bf000 	C:\Program Files\Android\Android Studio\jre\bin\server\jvm.dll
0x00007ff888e20000 - 0x00007ff888ece000 	C:\Windows\System32\ADVAPI32.dll
0x00007ff888720000 - 0x00007ff8887bc000 	C:\Windows\System32\sechost.dll
0x00007ff888cc0000 - 0x00007ff888de5000 	C:\Windows\System32\RPCRT4.dll
0x00007ff8882a0000 - 0x00007ff8882a8000 	C:\Windows\System32\PSAPI.DLL
0x00007ff8705f0000 - 0x00007ff8705f9000 	C:\Windows\SYSTEM32\WSOCK32.dll
0x00007ff870800000 - 0x00007ff870827000 	C:\Windows\SYSTEM32\WINMM.dll
0x00007ff8893a0000 - 0x00007ff88940b000 	C:\Windows\System32\WS2_32.dll
0x00007ff8807f0000 - 0x00007ff8807fa000 	C:\Windows\SYSTEM32\VERSION.dll
0x00007ff885ff0000 - 0x00007ff886002000 	C:\Windows\SYSTEM32\kernel.appcore.dll
0x00007ff849ca0000 - 0x00007ff849cb1000 	C:\Program Files\Android\Android Studio\jre\bin\verify.dll
0x00007ff885c90000 - 0x00007ff885e74000 	C:\Windows\SYSTEM32\DBGHELP.DLL
0x00007ff8707a0000 - 0x00007ff8707cc000 	C:\Windows\SYSTEM32\dbgcore.DLL
0x00007ff888000000 - 0x00007ff888082000 	C:\Windows\System32\bcryptPrimitives.dll
0x00007ff837df0000 - 0x00007ff837e19000 	C:\Program Files\Android\Android Studio\jre\bin\java.dll
0x00007ff865470000 - 0x00007ff86547b000 	C:\Program Files\Android\Android Studio\jre\bin\jimage.dll
0x00007ff849c80000 - 0x00007ff849c98000 	C:\Program Files\Android\Android Studio\jre\bin\zip.dll
0x00007ff889780000 - 0x00007ff889ec4000 	C:\Windows\System32\SHELL32.dll
0x00007ff8853e0000 - 0x00007ff885b74000 	C:\Windows\SYSTEM32\windows.storage.dll
0x00007ff888ee0000 - 0x00007ff889234000 	C:\Windows\System32\combase.dll
0x00007ff8871c0000 - 0x00007ff8871ec000 	C:\Windows\SYSTEM32\Wldp.dll
0x00007ff8888f0000 - 0x00007ff88899d000 	C:\Windows\System32\SHCORE.dll
0x00007ff8887c0000 - 0x00007ff888815000 	C:\Windows\System32\shlwapi.dll
0x00007ff887690000 - 0x00007ff8876af000 	C:\Windows\SYSTEM32\profapi.dll
0x00007ff83b9d0000 - 0x00007ff83b9ea000 	C:\Program Files\Android\Android Studio\jre\bin\net.dll
0x00007ff87cf00000 - 0x00007ff87d00a000 	C:\Windows\SYSTEM32\WINHTTP.dll
0x00007ff886f20000 - 0x00007ff886f8a000 	C:\Windows\system32\mswsock.dll
0x00007ff837dd0000 - 0x00007ff837de4000 	C:\Program Files\Android\Android Studio\jre\bin\nio.dll
0x00007ff883160000 - 0x00007ff883187000 	C:\Users\Chompoo\.gradle\native\481b90ef2c2b5ab96622bab5346fdaaafe5c91895d4d4de1c4fe4b2e89a8011f\windows-amd64\native-platform.dll
0x00007ff864fe0000 - 0x00007ff864fea000 	C:\Program Files\Android\Android Studio\jre\bin\management.dll
0x00007ff863750000 - 0x00007ff86375c000 	C:\Program Files\Android\Android Studio\jre\bin\management_ext.dll
0x00007ff887120000 - 0x00007ff887138000 	C:\Windows\SYSTEM32\CRYPTSP.dll
0x00007ff886830000 - 0x00007ff886864000 	C:\Windows\system32\rsaenh.dll
0x00007ff887810000 - 0x00007ff887837000 	C:\Windows\System32\bcrypt.dll
0x00007ff887650000 - 0x00007ff88767e000 	C:\Windows\SYSTEM32\USERENV.dll
0x00007ff887110000 - 0x00007ff88711c000 	C:\Windows\SYSTEM32\CRYPTBASE.dll
0x00007ff886bc0000 - 0x00007ff886bfb000 	C:\Windows\SYSTEM32\IPHLPAPI.DLL
0x00007ff889410000 - 0x00007ff889418000 	C:\Windows\System32\NSI.dll
0x00007ff8800b0000 - 0x00007ff8800c7000 	C:\Windows\SYSTEM32\dhcpcsvc6.DLL
0x00007ff87f2f0000 - 0x00007ff87f30d000 	C:\Windows\SYSTEM32\dhcpcsvc.DLL
0x00007ff886c50000 - 0x00007ff886d1b000 	C:\Windows\SYSTEM32\DNSAPI.dll
0x00007ff8803a0000 - 0x00007ff8803ab000 	C:\Windows\SYSTEM32\WINNSI.DLL

dbghelp: loaded successfully - version: 4.0.5 - missing functions: none
symbol engine: initialized successfully - sym options: 0x614 - pdb path: .;C:\Program Files\Android\Android Studio\jre\bin;C:\Windows\SYSTEM32;C:\Windows\WinSxS\amd64_microsoft.windows.common-controls_6595b64144ccf1df_6.0.19041.1110_none_60b5254171f9507e;C:\Program Files\Android\Android Studio\jre\bin\server;C:\Users\Chompoo\.gradle\native\481b90ef2c2b5ab96622bab5346fdaaafe5c91895d4d4de1c4fe4b2e89a8011f\windows-amd64

VM Arguments:
jvm_args: --add-opens=java.base/java.util=ALL-UNNAMED --add-opens=java.base/java.lang=ALL-UNNAMED --add-opens=java.base/java.lang.invoke=ALL-UNNAMED --add-opens=java.prefs/java.util.prefs=ALL-UNNAMED -Xmx1536M -Dfile.encoding=windows-1252 -Duser.country=US -Duser.language=en -Duser.variant 
java_command: org.gradle.launcher.daemon.bootstrap.GradleDaemon 6.4.1
java_class_path (initial): C:\Users\Chompoo\.gradle\wrapper\dists\gradle-6.4.1-all\13imxtezgn9nwzqt8rgtkunh1\gradle-6.4.1\lib\gradle-launcher-6.4.1.jar
Launcher Type: SUN_STANDARD

[Global flags]
     intx CICompilerCount                          = 4                                         {product} {ergonomic}
     uint ConcGCThreads                            = 2                                         {product} {ergonomic}
     uint G1ConcRefinementThreads                  = 8                                         {product} {ergonomic}
   size_t G1HeapRegionSize                         = 1048576                                   {product} {ergonomic}
    uintx GCDrainStackTargetSize                   = 64                                        {product} {ergonomic}
   size_t InitialHeapSize                          = 132120576                                 {product} {ergonomic}
   size_t MarkStackSize                            = 4194304                                   {product} {ergonomic}
   size_t MaxHeapSize                              = 1610612736                                {product} {command line}
   size_t MaxNewSize                               = 965738496                                 {product} {ergonomic}
   size_t MinHeapDeltaBytes                        = 1048576                                   {product} {ergonomic}
    uintx NonNMethodCodeHeapSize                   = 5836300                                {pd product} {ergonomic}
    uintx NonProfiledCodeHeapSize                  = 122910970                              {pd product} {ergonomic}
    uintx ProfiledCodeHeapSize                     = 122910970                              {pd product} {ergonomic}
    uintx ReservedCodeCacheSize                    = 251658240                              {pd product} {ergonomic}
     bool SegmentedCodeCache                       = true                                      {product} {ergonomic}
     bool UseCompressedClassPointers               = true                                 {lp64_product} {ergonomic}
     bool UseCompressedOops                        = true                                 {lp64_product} {ergonomic}
     bool UseG1GC                                  = true                                      {product} {ergonomic}
     bool UseLargePagesIndividualAllocation        = false                                  {pd product} {ergonomic}

Logging:
Log output configuration:
 #0: stdout all=warning uptime,level,tags
 #1: stderr all=off uptime,level,tags

Environment Variables:
JAVA_HOME=C:\Program Files\Android\Android Studio\jre
CLASSPATH=D:\MoblieApp\Test\bmi_6206022620063\android\\gradle\wrapper\gradle-wrapper.jar
PATH=C:\Program Files (x86)\VMware\VMware Player\bin\;C:\Windows\system32;C:\Windows;C:\Windows\System32\Wbem;C:\Windows\System32\WindowsPowerShell\v1.0\;C:\Windows\System32\OpenSSH\;C:\Program Files\Git\cmd;C:\Program Files\Microsoft Network Monitor 3\;C:\Users\Chompoo\AppData\Local\Microsoft\WindowsApps;C:\Users\Chompoo\AppData\Local\Programs\Microsoft VS Code\bin;C:\src\flutter\bin;C:\Users\Chompoo\AppData\Local\Android\Sdk\tools;C:\Users\Chompoo\AppData\Local\Android\Sdk\tools\bin;C:\Users\Chompoo\AppData\Local\Android\Sdk\platform-tools;C:\Program Files (x86)\Nmap;C:\src\flutter\bin\mingit\cmd
USERNAME=Chompoo
OS=Windows_NT
PROCESSOR_IDENTIFIER=Intel64 Family 6 Model 142 Stepping 10, GenuineIntel



---------------  S Y S T E M  ---------------

OS: Windows 10 , 64 bit Build 19041 (10.0.19041.1645)
OS uptime: 0 days 3:23 hours

CPU:total 8 (initial active 8) (4 cores per cpu, 2 threads per core) family 6 model 142 stepping 10 microcode 0xea, cmov, cx8, fxsr, mmx, sse, sse2, sse3, ssse3, sse4.1, sse4.2, popcnt, avx, avx2, aes, clmul, erms, 3dnowpref, lzcnt, ht, tsc, tscinvbit, bmi1, bmi2, adx, fma

Memory: 4k page, system-wide physical 8038M (434M free)
TotalPageFile size 12045M (AvailPageFile size 4M)
current process WorkingSet (physical memory assigned to process): 341M, peak: 346M
current process commit charge ("private bytes"): 379M, peak: 384M

vm_info: OpenJDK 64-Bit Server VM (11.0.10+0-b96-7249189) for windows-amd64 JRE (11.0.10+0-b96-7249189), built on Mar 31 2021 21:44:00 by "builder" with MS VC++ 14.0 (VS2015)

END.
